#
# There is insufficient memory for the Java Runtime Environment to continue.
# Native memory allocation (malloc) failed to allocate 360496 bytes. Error detail: Chunk::new
# Possible reasons:
#   The system is out of physical RAM or swap space
#   This process is running with CompressedOops enabled, and the Java Heap may be blocking the growth of the native heap
# Possible solutions:
#   Reduce memory load on the system
#   Increase physical memory or swap space
#   Check if swap backing store is full
#   Decrease Java heap size (-Xmx/-Xms)
#   Decrease number of Java threads
#   Decrease Java thread stack sizes (-Xss)
#   Set larger code cache with -XX:ReservedCodeCacheSize=
#   JVM is running with Unscaled Compressed Oops mode in which the Java heap is
#     placed in the first 4GB address space. The Java Heap base address is the
#     maximum limit for the native heap growth. Please use -XX:HeapBaseMinAddress
#     to set the Java Heap base and to place the Java Heap above 4GB virtual address.
# This output file may be truncated or incomplete.
#
#  Out of Memory Error (arena.cpp:168), pid=1172, tid=4044
#
# JRE version: OpenJDK Runtime Environment Temurin-21.0.6+7 (21.0.6+7) (build 21.0.6+7-LTS)
# Java VM: OpenJDK 64-Bit Server VM Temurin-21.0.6+7 (21.0.6+7-LTS, mixed mode, sharing, tiered, compressed oops, compressed class ptrs, parallel gc, windows-amd64)
# No core dump will be written. Minidumps are not enabled by default on client versions of Windows
#

---------------  S U M M A R Y ------------

Command Line: --add-modules=ALL-SYSTEM --add-opens=java.base/java.util=ALL-UNNAMED --add-opens=java.base/java.lang=ALL-UNNAMED --add-opens=java.base/sun.nio.fs=ALL-UNNAMED -Declipse.application=org.eclipse.jdt.ls.core.id1 -Dosgi.bundles.defaultStartLevel=4 -Declipse.product=org.eclipse.jdt.ls.core.product -Djava.import.generatesMetadataFilesAtProjectRoot=false -DDetectVMInstallationsJob.disabled=true -Dfile.encoding=utf8 -XX:+UseParallelGC -XX:GCTimeRatio=4 -XX:AdaptiveSizePolicyWeight=90 -Dsun.zip.disableMemoryMapping=true -Xmx1G -Xms100m -Xlog:disable -javaagent:c:\Users\WINDOWS 11\.vscode\extensions\redhat.java-1.41.1-win32-x64\lombok\lombok-1.18.36.jar c:\Users\WINDOWS 11\.vscode\extensions\redhat.java-1.41.1-win32-x64\server\plugins\org.eclipse.equinox.launcher_1.7.0.v20250331-1702.jar -configuration c:\Users\WINDOWS 11\AppData\Roaming\Code\User\globalStorage\redhat.java\1.41.1\config_ss_win -data c:\Users\WINDOWS 11\AppData\Roaming\Code\User\workspaceStorage\1caed8da914c0b823e241647f7c39afd\redhat.java\ss_ws --pipe=\\.\pipe\lsp-a17f12af1714abaa2bdf9e813bc471e5-sock

Host: AMD Ryzen 5 5600H with Radeon Graphics         , 12 cores, 7G,  Windows 11 , 64 bit Build 26100 (10.0.26100.3037)
Time: Thu May  8 02:03:35 2025 SE Asia Standard Time elapsed time: 7.440369 seconds (0d 0h 0m 7s)

---------------  T H R E A D  ---------------

Current thread (0x000001e9e1acde40):  JavaThread "C2 CompilerThread1" daemon [_thread_in_native, id=4044, stack(0x000000cc79b00000,0x000000cc79c00000) (1024K)]


Current CompileTask:
C2:7440 2200       4       lombok.launch.PackageShader::apply (252 bytes)

Stack: [0x000000cc79b00000,0x000000cc79c00000]
Native frames: (J=compiled Java code, j=interpreted, Vv=VM code, C=native code)
V  [jvm.dll+0x6cdee9]
V  [jvm.dll+0x8a83d1]
V  [jvm.dll+0x8aa8fe]
V  [jvm.dll+0x8aafe3]
V  [jvm.dll+0x27f706]
V  [jvm.dll+0xc500d]
V  [jvm.dll+0xc5543]
V  [jvm.dll+0x3b6752]
V  [jvm.dll+0x1dfe13]
V  [jvm.dll+0x247b42]
V  [jvm.dll+0x246fcf]
V  [jvm.dll+0x1c75ee]
V  [jvm.dll+0x25685a]
V  [jvm.dll+0x254dfa]
V  [jvm.dll+0x3f0256]
V  [jvm.dll+0x851f8b]
V  [jvm.dll+0x6cc5ed]
C  [ucrtbase.dll+0x37b0]
C  [KERNEL32.DLL+0x2e8d7]
C  [ntdll.dll+0xbbf2c]


---------------  P R O C E S S  ---------------

Threads class SMR info:
_java_thread_list=0x000001e9e6287ec0, length=18, elements={
0x000001e989a2cca0, 0x000001e989ad43b0, 0x000001e99de1d3a0, 0x000001e989ad7c90,
0x000001e989ad87e0, 0x000001e989add7b0, 0x000001e989ae3b90, 0x000001e989aea9d0,
0x000001e989aed190, 0x000001e989a9b890, 0x000001e9e05f87e0, 0x000001e9e6078550,
0x000001e9e15e8cd0, 0x000001e9e15e9330, 0x000001e9e1688290, 0x000001e9e1a3fc90,
0x000001e9e1acde40, 0x000001e9e61aa980
}

Java Threads: ( => current thread )
  0x000001e989a2cca0 JavaThread "main"                              [_thread_blocked, id=2436, stack(0x000000cc78e00000,0x000000cc78f00000) (1024K)]
  0x000001e989ad43b0 JavaThread "Reference Handler"          daemon [_thread_blocked, id=7688, stack(0x000000cc79200000,0x000000cc79300000) (1024K)]
  0x000001e99de1d3a0 JavaThread "Finalizer"                  daemon [_thread_blocked, id=6800, stack(0x000000cc79300000,0x000000cc79400000) (1024K)]
  0x000001e989ad7c90 JavaThread "Signal Dispatcher"          daemon [_thread_blocked, id=14852, stack(0x000000cc79400000,0x000000cc79500000) (1024K)]
  0x000001e989ad87e0 JavaThread "Attach Listener"            daemon [_thread_blocked, id=13392, stack(0x000000cc79500000,0x000000cc79600000) (1024K)]
  0x000001e989add7b0 JavaThread "Service Thread"             daemon [_thread_blocked, id=884, stack(0x000000cc79600000,0x000000cc79700000) (1024K)]
  0x000001e989ae3b90 JavaThread "Monitor Deflation Thread"   daemon [_thread_blocked, id=13868, stack(0x000000cc79700000,0x000000cc79800000) (1024K)]
  0x000001e989aea9d0 JavaThread "C2 CompilerThread0"         daemon [_thread_blocked, id=3988, stack(0x000000cc79800000,0x000000cc79900000) (1024K)]
  0x000001e989aed190 JavaThread "C1 CompilerThread0"         daemon [_thread_blocked, id=11056, stack(0x000000cc79900000,0x000000cc79a00000) (1024K)]
  0x000001e989a9b890 JavaThread "Common-Cleaner"             daemon [_thread_blocked, id=1736, stack(0x000000cc79a00000,0x000000cc79b00000) (1024K)]
  0x000001e9e05f87e0 JavaThread "Notification Thread"        daemon [_thread_blocked, id=16728, stack(0x000000cc79c00000,0x000000cc79d00000) (1024K)]
  0x000001e9e6078550 JavaThread "Active Thread: Equinox Container: 41303df7-ef39-4f95-9265-c260c733c890"        [_thread_blocked, id=9384, stack(0x000000cc7a400000,0x000000cc7a500000) (1024K)]
  0x000001e9e15e8cd0 JavaThread "Framework Event Dispatcher: Equinox Container: 41303df7-ef39-4f95-9265-c260c733c890" daemon [_thread_blocked, id=4072, stack(0x000000cc7a500000,0x000000cc7a600000) (1024K)]
  0x000001e9e15e9330 JavaThread "Start Level: Equinox Container: 41303df7-ef39-4f95-9265-c260c733c890" daemon [_thread_in_native, id=11804, stack(0x000000cc7a600000,0x000000cc7a700000) (1024K)]
  0x000001e9e1688290 JavaThread "SCR Component Actor"        daemon [_thread_blocked, id=356, stack(0x000000cc7a700000,0x000000cc7a800000) (1024K)]
  0x000001e9e1a3fc90 JavaThread "SCR Component Registry"     daemon [_thread_blocked, id=3448, stack(0x000000cc7a900000,0x000000cc7aa00000) (1024K)]
=>0x000001e9e1acde40 JavaThread "C2 CompilerThread1"         daemon [_thread_in_native, id=4044, stack(0x000000cc79b00000,0x000000cc79c00000) (1024K)]
  0x000001e9e61aa980 JavaThread "Worker-JM"                         [_thread_blocked, id=6020, stack(0x000000cc79d00000,0x000000cc79e00000) (1024K)]
Total: 18

Other Threads:
  0x000001e98750f720 VMThread "VM Thread"                           [id=4164, stack(0x000000cc79100000,0x000000cc79200000) (1024K)]
  0x000001e99dcfca00 WatcherThread "VM Periodic Task Thread"        [id=3764, stack(0x000000cc79000000,0x000000cc79100000) (1024K)]
  0x000001e98750e8a0 WorkerThread "GC Thread#0"                     [id=13804, stack(0x000000cc78f00000,0x000000cc79000000) (1024K)]
  0x000001e98750e500 WorkerThread "GC Thread#1"                     [id=4308, stack(0x000000cc79e00000,0x000000cc79f00000) (1024K)]
  0x000001e98750efe0 WorkerThread "GC Thread#2"                     [id=14048, stack(0x000000cc79f00000,0x000000cc7a000000) (1024K)]
  0x000001e9e159a980 WorkerThread "GC Thread#3"                     [id=3132, stack(0x000000cc7a000000,0x000000cc7a100000) (1024K)]
  0x000001e9e159a5e0 WorkerThread "GC Thread#4"                     [id=16472, stack(0x000000cc7a100000,0x000000cc7a200000) (1024K)]
  0x000001e9e159ad20 WorkerThread "GC Thread#5"                     [id=12728, stack(0x000000cc7a200000,0x000000cc7a300000) (1024K)]
  0x000001e9e15993c0 WorkerThread "GC Thread#6"                     [id=13820, stack(0x000000cc7a300000,0x000000cc7a400000) (1024K)]
  0x000001e9e1599760 WorkerThread "GC Thread#7"                     [id=15688, stack(0x000000cc7a800000,0x000000cc7a900000) (1024K)]
Total: 10

Threads with active compile tasks:
C2 CompilerThread1  7480 2200       4       lombok.launch.PackageShader::apply (252 bytes)
Total: 1

VM state: not at safepoint (normal execution)

VM Mutex/Monitor currently owned by a thread: None

Heap address: 0x00000000c0000000, size: 1024 MB, Compressed Oops mode: 32-bit

CDS archive(s) mapped at: [0x000001e99e000000-0x000001e99eba0000-0x000001e99eba0000), size 12189696, SharedBaseAddress: 0x000001e99e000000, ArchiveRelocationMode: 1.
Compressed class space mapped at: 0x000001e99f000000-0x000001e9df000000, reserved size: 1073741824
Narrow klass base: 0x000001e99e000000, Narrow klass shift: 0, Narrow klass range: 0x100000000

GC Precious Log:
 CardTable entry size: 512
 CPUs: 12 total, 12 available
 Memory: 7583M
 Large Page Support: Disabled
 NUMA Support: Disabled
 Compressed Oops: Enabled (32-bit)
 Alignments: Space 512K, Generation 512K, Heap 2M
 Heap Min Capacity: 100M
 Heap Initial Capacity: 100M
 Heap Max Capacity: 1G
 Pre-touch: Disabled
 Parallel Workers: 10

Heap:
 PSYoungGen      total 29696K, used 29543K [0x00000000eab00000, 0x00000000ecc00000, 0x0000000100000000)
  eden space 25600K, 99% used [0x00000000eab00000,0x00000000ec3df488,0x00000000ec400000)
  from space 4096K, 99% used [0x00000000ec800000,0x00000000ecbfa948,0x00000000ecc00000)
  to   space 4096K, 0% used [0x00000000ec400000,0x00000000ec400000,0x00000000ec800000)
 ParOldGen       total 68608K, used 879K [0x00000000c0000000, 0x00000000c4300000, 0x00000000eab00000)
  object space 68608K, 1% used [0x00000000c0000000,0x00000000c00dbeb8,0x00000000c4300000)
 Metaspace       used 12883K, committed 13440K, reserved 1114112K
  class space    used 1297K, committed 1536K, reserved 1048576K

Card table byte_map: [0x000001e9893d0000,0x000001e9895e0000] _byte_map_base: 0x000001e988dd0000

Marking Bits: (ParMarkBitMap*) 0x00007ff933713260
 Begin Bits: [0x000001e99bc20000, 0x000001e99cc20000)
 End Bits:   [0x000001e99cc20000, 0x000001e99dc20000)

Polling page: 0x000001e9877d0000

Metaspace:

Usage:
  Non-class:     11.31 MB used.
      Class:      1.27 MB used.
       Both:     12.58 MB used.

Virtual space:
  Non-class space:       64.00 MB reserved,      11.62 MB ( 18%) committed,  1 nodes.
      Class space:        1.00 GB reserved,       1.50 MB ( <1%) committed,  1 nodes.
             Both:        1.06 GB reserved,      13.12 MB (  1%) committed. 

Chunk freelists:
   Non-Class:  4.17 MB
       Class:  14.45 MB
        Both:  18.62 MB

MaxMetaspaceSize: unlimited
CompressedClassSpaceSize: 1.00 GB
Initial GC threshold: 21.00 MB
Current GC threshold: 21.00 MB
CDS: on
 - commit_granule_bytes: 65536.
 - commit_granule_words: 8192.
 - virtual_space_node_default_size: 8388608.
 - enlarge_chunks_in_place: 1.
 - use_allocation_guard: 0.


Internal statistics:

num_allocs_failed_limit: 0.
num_arena_births: 382.
num_arena_deaths: 0.
num_vsnodes_births: 2.
num_vsnodes_deaths: 0.
num_space_committed: 210.
num_space_uncommitted: 0.
num_chunks_returned_to_freelist: 0.
num_chunks_taken_from_freelist: 802.
num_chunk_merges: 0.
num_chunk_splits: 538.
num_chunks_enlarged: 344.
num_inconsistent_stats: 0.

CodeHeap 'non-profiled nmethods': size=120000Kb used=900Kb max_used=900Kb free=119099Kb
 bounds [0x000001e9946f0000, 0x000001e994960000, 0x000001e99bc20000]
CodeHeap 'profiled nmethods': size=120000Kb used=4292Kb max_used=4292Kb free=115707Kb
 bounds [0x000001e98cc20000, 0x000001e98d060000, 0x000001e994150000]
CodeHeap 'non-nmethods': size=5760Kb used=1248Kb max_used=1265Kb free=4512Kb
 bounds [0x000001e994150000, 0x000001e9943c0000, 0x000001e9946f0000]
 total_blobs=2754 nmethods=2237 adapters=423
 compilation: enabled
              stopped_count=0, restarted_count=0
 full_count=0

Compilation events (20 events):
Event: 3.350 Thread 0x000001e989aed190 2225       3       java.lang.invoke.MethodHandles$Lookup$ClassFile::<init> (20 bytes)
Event: 3.350 Thread 0x000001e989aed190 nmethod 2225 0x000001e98d035190 code [0x000001e98d035340, 0x000001e98d0354e0]
Event: 3.350 Thread 0x000001e989aed190 2226       3       java.lang.invoke.MethodHandles$Lookup$ClassDefiner::<init> (64 bytes)
Event: 3.350 Thread 0x000001e989aed190 nmethod 2226 0x000001e98d035590 code [0x000001e98d035740, 0x000001e98d035918]
Event: 3.356 Thread 0x000001e989aed190 2228       3       jdk.internal.loader.BuiltinClassLoader::checkURL (5 bytes)
Event: 3.356 Thread 0x000001e989aed190 nmethod 2228 0x000001e98d035a10 code [0x000001e98d035bc0, 0x000001e98d035da8]
Event: 3.357 Thread 0x000001e989aed190 2229       3       java.net.URI$Parser::<init> (30 bytes)
Event: 3.357 Thread 0x000001e989aea9d0 2231       4       java.net.URI$Parser::scan (76 bytes)
Event: 3.357 Thread 0x000001e989aed190 nmethod 2229 0x000001e98d035e90 code [0x000001e98d036040, 0x000001e98d036200]
Event: 3.357 Thread 0x000001e989aed190 2230       3       java.net.URI$Parser::parse (243 bytes)
Event: 3.359 Thread 0x000001e989aed190 nmethod 2230 0x000001e98d036310 code [0x000001e98d036800, 0x000001e98d038a30]
Event: 3.359 Thread 0x000001e989aed190 2232       3       lombok.launch.ClassFileMetaData::decodeString (181 bytes)
Event: 3.360 Thread 0x000001e989aed190 nmethod 2232 0x000001e98d039810 code [0x000001e98d0399e0, 0x000001e98d039ec0]
Event: 3.364 Thread 0x000001e989aea9d0 nmethod 2231 0x000001e9947d0290 code [0x000001e9947d04a0, 0x000001e9947d09d0]
Event: 3.368 Thread 0x000001e989aed190 2233       3       sun.net.www.protocol.file.Handler::parseURL (18 bytes)
Event: 3.368 Thread 0x000001e989aed190 nmethod 2233 0x000001e98d03a110 code [0x000001e98d03a2c0, 0x000001e98d03a480]
Event: 3.368 Thread 0x000001e989aed190 2235       3       lombok.launch.ClassFileMetaData::readValue (27 bytes)
Event: 3.368 Thread 0x000001e989aed190 nmethod 2235 0x000001e98d03a590 code [0x000001e98d03a740, 0x000001e98d03a8b0]
Event: 3.368 Thread 0x000001e989aed190 2234       3       java.net.URLStreamHandler::parseURL (1124 bytes)
Event: 7.430 Thread 0x000001e989aed190 nmethod 2234 0x000001e98d03a990 code [0x000001e98d03bd20, 0x000001e98d047f58]

GC Heap History (4 events):
Event: 1.998 GC heap before
{Heap before GC invocations=1 (full 0):
 PSYoungGen      total 29696K, used 25600K [0x00000000eab00000, 0x00000000ecc00000, 0x0000000100000000)
  eden space 25600K, 100% used [0x00000000eab00000,0x00000000ec400000,0x00000000ec400000)
  from space 4096K, 0% used [0x00000000ec800000,0x00000000ec800000,0x00000000ecc00000)
  to   space 4096K, 0% used [0x00000000ec400000,0x00000000ec400000,0x00000000ec800000)
 ParOldGen       total 68608K, used 0K [0x00000000c0000000, 0x00000000c4300000, 0x00000000eab00000)
  object space 68608K, 0% used [0x00000000c0000000,0x00000000c0000000,0x00000000c4300000)
 Metaspace       used 4305K, committed 4480K, reserved 1114112K
  class space    used 434K, committed 512K, reserved 1048576K
}
Event: 2.005 GC heap after
{Heap after GC invocations=1 (full 0):
 PSYoungGen      total 29696K, used 3205K [0x00000000eab00000, 0x00000000ecc00000, 0x0000000100000000)
  eden space 25600K, 0% used [0x00000000eab00000,0x00000000eab00000,0x00000000ec400000)
  from space 4096K, 78% used [0x00000000ec400000,0x00000000ec7217f0,0x00000000ec800000)
  to   space 4096K, 0% used [0x00000000ec800000,0x00000000ec800000,0x00000000ecc00000)
 ParOldGen       total 68608K, used 16K [0x00000000c0000000, 0x00000000c4300000, 0x00000000eab00000)
  object space 68608K, 0% used [0x00000000c0000000,0x00000000c0004000,0x00000000c4300000)
 Metaspace       used 4305K, committed 4480K, reserved 1114112K
  class space    used 434K, committed 512K, reserved 1048576K
}
Event: 2.775 GC heap before
{Heap before GC invocations=2 (full 0):
 PSYoungGen      total 29696K, used 28805K [0x00000000eab00000, 0x00000000ecc00000, 0x0000000100000000)
  eden space 25600K, 100% used [0x00000000eab00000,0x00000000ec400000,0x00000000ec400000)
  from space 4096K, 78% used [0x00000000ec400000,0x00000000ec7217f0,0x00000000ec800000)
  to   space 4096K, 0% used [0x00000000ec800000,0x00000000ec800000,0x00000000ecc00000)
 ParOldGen       total 68608K, used 16K [0x00000000c0000000, 0x00000000c4300000, 0x00000000eab00000)
  object space 68608K, 0% used [0x00000000c0000000,0x00000000c0004000,0x00000000c4300000)
 Metaspace       used 8164K, committed 8448K, reserved 1114112K
  class space    used 812K, committed 960K, reserved 1048576K
}
Event: 2.782 GC heap after
{Heap after GC invocations=2 (full 0):
 PSYoungGen      total 29696K, used 4074K [0x00000000eab00000, 0x00000000ecc00000, 0x0000000100000000)
  eden space 25600K, 0% used [0x00000000eab00000,0x00000000eab00000,0x00000000ec400000)
  from space 4096K, 99% used [0x00000000ec800000,0x00000000ecbfa948,0x00000000ecc00000)
  to   space 4096K, 0% used [0x00000000ec400000,0x00000000ec400000,0x00000000ec800000)
 ParOldGen       total 68608K, used 879K [0x00000000c0000000, 0x00000000c4300000, 0x00000000eab00000)
  object space 68608K, 1% used [0x00000000c0000000,0x00000000c00dbeb8,0x00000000c4300000)
 Metaspace       used 8164K, committed 8448K, reserved 1114112K
  class space    used 812K, committed 960K, reserved 1048576K
}

Dll operation events (9 events):
Event: 0.014 Loaded shared library c:\Users\WINDOWS 11\.vscode\extensions\redhat.java-1.41.1-win32-x64\jre\21.0.6-win32-x86_64\bin\java.dll
Event: 0.098 Loaded shared library c:\Users\WINDOWS 11\.vscode\extensions\redhat.java-1.41.1-win32-x64\jre\21.0.6-win32-x86_64\bin\zip.dll
Event: 0.127 Loaded shared library C:\Users\WINDOWS 11\.vscode\extensions\redhat.java-1.41.1-win32-x64\jre\21.0.6-win32-x86_64\bin\instrument.dll
Event: 0.136 Loaded shared library C:\Users\WINDOWS 11\.vscode\extensions\redhat.java-1.41.1-win32-x64\jre\21.0.6-win32-x86_64\bin\net.dll
Event: 0.140 Loaded shared library C:\Users\WINDOWS 11\.vscode\extensions\redhat.java-1.41.1-win32-x64\jre\21.0.6-win32-x86_64\bin\nio.dll
Event: 0.146 Loaded shared library C:\Users\WINDOWS 11\.vscode\extensions\redhat.java-1.41.1-win32-x64\jre\21.0.6-win32-x86_64\bin\zip.dll
Event: 0.175 Loaded shared library C:\Users\WINDOWS 11\.vscode\extensions\redhat.java-1.41.1-win32-x64\jre\21.0.6-win32-x86_64\bin\jimage.dll
Event: 0.273 Loaded shared library c:\Users\WINDOWS 11\.vscode\extensions\redhat.java-1.41.1-win32-x64\jre\21.0.6-win32-x86_64\bin\verify.dll
Event: 2.710 Loaded shared library C:\Users\WINDOWS 11\AppData\Roaming\Code\User\globalStorage\redhat.java\1.41.1\config_ss_win\org.eclipse.equinox.launcher\org.eclipse.equinox.launcher.win32.win32.x86_64_1.2.1300.v20250331-1702\eclipse_11911.dll

Deoptimization events (20 events):
Event: 3.109 Thread 0x000001e9e15e9330 DEOPT PACKING pc=0x000001e98ccd35b9 sp=0x000000cc7a6fca20
Event: 3.109 Thread 0x000001e9e15e9330 DEOPT UNPACKING pc=0x000001e9941a4242 sp=0x000000cc7a6fbf20 mode 0
Event: 3.147 Thread 0x000001e9e15e9330 Uncommon trap: trap_request=0xffffff45 fr.pc=0x000001e994756b4c relative=0x000000000000150c
Event: 3.147 Thread 0x000001e9e15e9330 Uncommon trap: reason=unstable_if action=reinterpret pc=0x000001e994756b4c method=java.util.jar.Manifest$FastInputStream.readLine([BII)I @ 106 c2
Event: 3.147 Thread 0x000001e9e15e9330 DEOPT PACKING pc=0x000001e994756b4c sp=0x000000cc7a6fdff0
Event: 3.147 Thread 0x000001e9e15e9330 DEOPT UNPACKING pc=0x000001e9941a3aa2 sp=0x000000cc7a6fdec0 mode 2
Event: 3.147 Thread 0x000001e9e15e9330 Uncommon trap: trap_request=0xffffff45 fr.pc=0x000001e994741464 relative=0x0000000000000484
Event: 3.147 Thread 0x000001e9e15e9330 Uncommon trap: reason=unstable_if action=reinterpret pc=0x000001e994741464 method=java.util.jar.Manifest$FastInputStream.readLine([BII)I @ 106 c2
Event: 3.147 Thread 0x000001e9e15e9330 DEOPT PACKING pc=0x000001e994741464 sp=0x000000cc7a6fdf40
Event: 3.147 Thread 0x000001e9e15e9330 DEOPT UNPACKING pc=0x000001e9941a3aa2 sp=0x000000cc7a6fded0 mode 2
Event: 3.147 Thread 0x000001e9e15e9330 Uncommon trap: trap_request=0xffffff45 fr.pc=0x000001e99474d258 relative=0x00000000000000b8
Event: 3.147 Thread 0x000001e9e15e9330 Uncommon trap: reason=unstable_if action=reinterpret pc=0x000001e99474d258 method=java.util.jar.Manifest$FastInputStream.peek()B @ 23 c2
Event: 3.147 Thread 0x000001e9e15e9330 DEOPT PACKING pc=0x000001e99474d258 sp=0x000000cc7a6fdfe0
Event: 3.147 Thread 0x000001e9e15e9330 DEOPT UNPACKING pc=0x000001e9941a3aa2 sp=0x000000cc7a6fdf78 mode 2
Event: 3.321 Thread 0x000001e9e15e9330 Uncommon trap: trap_request=0xffffff45 fr.pc=0x000001e994743b5c relative=0x0000000000000e5c
Event: 3.321 Thread 0x000001e9e15e9330 Uncommon trap: reason=unstable_if action=reinterpret pc=0x000001e994743b5c method=lombok.patcher.PatchScript.classMatches(Ljava/lang/String;Ljava/util/Collection;)Z @ 25 c2
Event: 3.321 Thread 0x000001e9e15e9330 DEOPT PACKING pc=0x000001e994743b5c sp=0x000000cc7a6f6cd0
Event: 3.321 Thread 0x000001e9e15e9330 DEOPT UNPACKING pc=0x000001e9941a3aa2 sp=0x000000cc7a6f6c90 mode 2
Event: 3.326 Thread 0x000001e9e15e9330 DEOPT PACKING pc=0x000001e98ccb300d sp=0x000000cc7a6f6000
Event: 3.326 Thread 0x000001e9e15e9330 DEOPT UNPACKING pc=0x000001e9941a4242 sp=0x000000cc7a6f54b0 mode 0

Classes loaded (20 events):
Event: 3.246 Loading class sun/util/PropertyResourceBundleCharset$PropertiesFileDecoder
Event: 3.246 Loading class sun/util/PropertyResourceBundleCharset$PropertiesFileDecoder done
Event: 3.273 Loading class java/lang/AbstractMethodError
Event: 3.273 Loading class java/lang/AbstractMethodError done
Event: 3.335 Loading class java/lang/foreign/ValueLayout
Event: 3.335 Loading class java/lang/foreign/MemoryLayout
Event: 3.335 Loading class java/lang/foreign/MemoryLayout done
Event: 3.336 Loading class java/lang/foreign/ValueLayout done
Event: 3.336 Loading class java/io/ObjectInputStream
Event: 3.336 Loading class java/io/ObjectInput
Event: 3.337 Loading class java/io/ObjectInput done
Event: 3.337 Loading class java/io/ObjectStreamConstants
Event: 3.337 Loading class java/io/ObjectStreamConstants done
Event: 3.337 Loading class java/io/ObjectInputStream done
Event: 3.337 Loading class java/io/ObjectOutputStream
Event: 3.337 Loading class java/io/ObjectOutput
Event: 3.337 Loading class java/io/ObjectOutput done
Event: 3.337 Loading class java/io/ObjectOutputStream done
Event: 3.338 Loading class java/lang/constant/ClassDesc
Event: 3.338 Loading class java/lang/constant/ClassDesc done

Classes unloaded (0 events):
No events

Classes redefined (0 events):
No events

Internal exceptions (20 events):
Event: 2.088 Thread 0x000001e989a2cca0 Exception <a 'java/lang/NoSuchMethodError'{0x00000000eadb7ca8}: 'java.lang.Object java.lang.invoke.DirectMethodHandle$Holder.invokeInterface(java.lang.Object, java.lang.Object)'> (0x00000000eadb7ca8) 
thrown [s\src\hotspot\share\interpreter\linkResolver.cpp, line 773]
Event: 2.088 Thread 0x000001e989a2cca0 Exception <a 'java/lang/IncompatibleClassChangeError'{0x00000000eadbb1e0}: Found class java.lang.Object, but interface was expected> (0x00000000eadbb1e0) 
thrown [s\src\hotspot\share\interpreter\linkResolver.cpp, line 840]
Event: 2.089 Thread 0x000001e989a2cca0 Exception <a 'java/lang/NoSuchMethodError'{0x00000000eadbf398}: 'void java.lang.invoke.DirectMethodHandle$Holder.invokeStatic(java.lang.Object, java.lang.Object)'> (0x00000000eadbf398) 
thrown [s\src\hotspot\share\interpreter\linkResolver.cpp, line 773]
Event: 2.089 Thread 0x000001e989a2cca0 Exception <a 'java/lang/NoSuchMethodError'{0x00000000eadc2740}: 'void java.lang.invoke.DirectMethodHandle$Holder.invokeStaticInit(java.lang.Object, java.lang.Object)'> (0x00000000eadc2740) 
thrown [s\src\hotspot\share\interpreter\linkResolver.cpp, line 773]
Event: 2.090 Thread 0x000001e989a2cca0 Exception <a 'java/lang/NoSuchMethodError'{0x00000000eadc9760}: 'int java.lang.invoke.DirectMethodHandle$Holder.invokeStaticInit(java.lang.Object, java.lang.Object)'> (0x00000000eadc9760) 
thrown [s\src\hotspot\share\interpreter\linkResolver.cpp, line 773]
Event: 2.144 Thread 0x000001e989a2cca0 Exception <a 'java/lang/NoSuchMethodError'{0x00000000eaf08ee8}: 'void java.lang.invoke.DirectMethodHandle$Holder.invokeSpecial(java.lang.Object, java.lang.Object, java.lang.Object)'> (0x00000000eaf08ee8) 
thrown [s\src\hotspot\share\interpreter\linkResolver.cpp, line 773]
Event: 2.435 Thread 0x000001e989a2cca0 Exception <a 'java/lang/NoSuchMethodError'{0x00000000eb7c3ec8}: 'int java.lang.invoke.DirectMethodHandle$Holder.invokeVirtual(java.lang.Object, java.lang.Object)'> (0x00000000eb7c3ec8) 
thrown [s\src\hotspot\share\interpreter\linkResolver.cpp, line 773]
Event: 2.520 Thread 0x000001e989a2cca0 Exception <a 'java/lang/NoSuchMethodError'{0x00000000ebafd1b0}: 'java.lang.Object java.lang.invoke.DirectMethodHandle$Holder.newInvokeSpecial(java.lang.Object, int, java.lang.Object)'> (0x00000000ebafd1b0) 
thrown [s\src\hotspot\share\interpreter\linkResolver.cpp, line 773]
Event: 2.559 Thread 0x000001e989a2cca0 Exception <a 'java/lang/NoSuchMethodError'{0x00000000ebc8fcf0}: 'java.lang.Object java.lang.invoke.DirectMethodHandle$Holder.newInvokeSpecial(java.lang.Object, java.lang.Object, java.lang.Object, java.lang.Object, int, java.lang.Object)'> (0x00000000ebc8fcf0) 
thrown [s\src\hotspot\share\interpreter\linkResolver.cpp, line 773]
Event: 2.704 Thread 0x000001e989a2cca0 Exception <a 'java/lang/UnsatisfiedLinkError'{0x00000000ec116060}: 'void org.eclipse.equinox.launcher.JNIBridge._update_splash()'> (0x00000000ec116060) 
thrown [s\src\hotspot\share\prims\nativeLookup.cpp, line 415]
Event: 2.803 Thread 0x000001e9e15e9330 Exception <a 'java/lang/NullPointerException'{0x00000000eabc7410}> (0x00000000eabc7410) 
thrown [s\src\hotspot\share\interpreter\linkResolver.cpp, line 1372]
Event: 2.803 Thread 0x000001e9e15e9330 Exception <a 'java/lang/NullPointerException'{0x00000000eabc76f0}> (0x00000000eabc76f0) 
thrown [s\src\hotspot\share\interpreter\linkResolver.cpp, line 1372]
Event: 3.035 Thread 0x000001e9e15e9330 Exception <a 'java/io/FileNotFoundException'{0x00000000eb70a768}> (0x00000000eb70a768) 
thrown [s\src\hotspot\share\prims\jni.cpp, line 520]
Event: 3.131 Thread 0x000001e9e15e9330 Exception <a 'java/lang/NoSuchMethodError'{0x00000000eb9dad50}: 'java.lang.Object java.lang.invoke.Invokers$Holder.linkToTargetMethod(java.lang.Object, long, java.lang.Object)'> (0x00000000eb9dad50) 
thrown [s\src\hotspot\share\interpreter\linkResolver.cpp, line 773]
Event: 3.210 Thread 0x000001e9e15e9330 Exception <a 'java/lang/NoSuchMethodError'{0x00000000ebd71ea0}: 'void java.lang.invoke.DirectMethodHandle$Holder.invokeInterface(java.lang.Object, java.lang.Object, java.lang.Object)'> (0x00000000ebd71ea0) 
thrown [s\src\hotspot\share\interpreter\linkResolver.cpp, line 773]
Event: 3.248 Thread 0x000001e9e15e9330 Exception <a 'java/lang/NoSuchMethodError'{0x00000000ebf70728}: 'void java.lang.invoke.Invokers$Holder.invokeExact_MT(java.lang.Object, java.lang.Object, java.lang.Object)'> (0x00000000ebf70728) 
thrown [s\src\hotspot\share\interpreter\linkResolver.cpp, line 773]
Event: 3.342 Thread 0x000001e9e15e9330 Exception <a 'java/lang/NoSuchMethodError'{0x00000000ec238640}: 'java.lang.Object java.lang.invoke.DirectMethodHandle$Holder.invokeVirtual(java.lang.Object, java.lang.Object, java.lang.Object)'> (0x00000000ec238640) 
thrown [s\src\hotspot\share\interpreter\linkResolver.cpp, line 773]
Event: 3.344 Thread 0x000001e9e15e9330 Exception <a 'java/lang/NoSuchMethodError'{0x00000000ec250be8}: 'java.lang.Object java.lang.invoke.DelegatingMethodHandle$Holder.reinvoke_L(java.lang.Object, java.lang.Object, java.lang.Object, java.lang.Object, int, int)'> (0x00000000ec250be8) 
thrown [s\src\hotspot\share\interpreter\linkResolver.cpp, line 773]
Event: 3.347 Thread 0x000001e9e15e9330 Exception <a 'java/lang/NoSuchMethodError'{0x00000000ec26d9b8}: 'java.lang.Object java.lang.invoke.DirectMethodHandle$Holder.newInvokeSpecial(java.lang.Object, java.lang.Object, java.lang.Object, java.lang.Object, java.lang.Object, java.lang.Object)'> (0x00000000ec26d9b8) 
thrown [s\src\hotspot\share\interpreter\linkResolver.cpp, line 773]
Event: 3.350 Thread 0x000001e9e15e9330 Exception <a 'java/lang/NoSuchMethodError'{0x00000000ec289eb8}: 'void java.lang.invoke.Invokers$Holder.invokeExact_MT(java.lang.Object, java.lang.Object, java.lang.Object, java.lang.Object)'> (0x00000000ec289eb8) 
thrown [s\src\hotspot\share\interpreter\linkResolver.cpp, line 773]

ZGC Phase Switch (0 events):
No events

VM Operations (20 events):
Event: 1.674 Executing VM operation: Cleanup done
Event: 1.997 Executing VM operation: ParallelGCFailedAllocation (Allocation Failure)
Event: 2.005 Executing VM operation: ParallelGCFailedAllocation (Allocation Failure) done
Event: 2.490 Executing VM operation: HandshakeAllThreads (Deoptimize)
Event: 2.490 Executing VM operation: HandshakeAllThreads (Deoptimize) done
Event: 2.503 Executing VM operation: HandshakeAllThreads (Deoptimize)
Event: 2.503 Executing VM operation: HandshakeAllThreads (Deoptimize) done
Event: 2.556 Executing VM operation: HandshakeAllThreads (Deoptimize)
Event: 2.556 Executing VM operation: HandshakeAllThreads (Deoptimize) done
Event: 2.769 Executing VM operation: ICBufferFull
Event: 2.769 Executing VM operation: ICBufferFull done
Event: 2.775 Executing VM operation: ParallelGCFailedAllocation (Allocation Failure)
Event: 2.782 Executing VM operation: ParallelGCFailedAllocation (Allocation Failure) done
Event: 2.798 Executing VM operation: HandshakeAllThreads (Deoptimize)
Event: 2.798 Executing VM operation: HandshakeAllThreads (Deoptimize) done
Event: 2.912 Executing VM operation: HandshakeAllThreads (Deoptimize)
Event: 2.913 Executing VM operation: HandshakeAllThreads (Deoptimize) done
Event: 3.177 Executing VM operation: HandshakeAllThreads (Deoptimize)
Event: 3.177 Executing VM operation: HandshakeAllThreads (Deoptimize) done
Event: 4.179 Executing VM operation: Cleanup

Memory protections (0 events):
No events

Nmethod flushes (0 events):
No events

Events (20 events):
Event: 0.050 Thread 0x000001e989a2cca0 Thread added: 0x000001e989ad87e0
Event: 0.050 Thread 0x000001e989a2cca0 Thread added: 0x000001e989add7b0
Event: 0.050 Thread 0x000001e989a2cca0 Thread added: 0x000001e989ae3b90
Event: 0.050 Thread 0x000001e989a2cca0 Thread added: 0x000001e989aea9d0
Event: 0.050 Thread 0x000001e989a2cca0 Thread added: 0x000001e989aed190
Event: 0.080 Thread 0x000001e989a2cca0 Thread added: 0x000001e989a9b890
Event: 0.109 Thread 0x000001e989aea9d0 Thread added: 0x000001e9e04756c0
Event: 0.391 Thread 0x000001e989a2cca0 Thread added: 0x000001e9e05f87e0
Event: 0.556 Thread 0x000001e989aed190 Thread added: 0x000001e9e13656a0
Event: 2.129 Thread 0x000001e9e13656a0 Thread exited: 0x000001e9e13656a0
Event: 2.213 Thread 0x000001e989aea9d0 Thread added: 0x000001e9e15f2410
Event: 2.478 Thread 0x000001e989a2cca0 Thread added: 0x000001e9e6078550
Event: 2.694 Thread 0x000001e989a2cca0 Thread added: 0x000001e9e15e8cd0
Event: 2.701 Thread 0x000001e989a2cca0 Thread added: 0x000001e9e15e9330
Event: 2.750 Thread 0x000001e9e15e9330 Thread added: 0x000001e9e1688290
Event: 2.896 Thread 0x000001e9e15e9330 Thread added: 0x000001e9e1a3fc90
Event: 2.897 Thread 0x000001e9e15f2410 Thread exited: 0x000001e9e15f2410
Event: 2.897 Thread 0x000001e9e04756c0 Thread exited: 0x000001e9e04756c0
Event: 2.987 Thread 0x000001e989aed190 Thread added: 0x000001e9e1acde40
Event: 3.219 Thread 0x000001e9e15e9330 Thread added: 0x000001e9e61aa980


Dynamic libraries:
0x00007ff662440000 - 0x00007ff66244e000 	c:\Users\WINDOWS 11\.vscode\extensions\redhat.java-1.41.1-win32-x64\jre\21.0.6-win32-x86_64\bin\java.exe
0x00007ff98c880000 - 0x00007ff98cae3000 	C:\WINDOWS\SYSTEM32\ntdll.dll
0x00007ff98aa80000 - 0x00007ff98ab47000 	C:\WINDOWS\System32\KERNEL32.DLL
0x00007ff989e10000 - 0x00007ff98a1d7000 	C:\WINDOWS\System32\KERNELBASE.dll
0x00007ff98a280000 - 0x00007ff98a3cc000 	C:\WINDOWS\System32\ucrtbase.dll
0x00007ff97d6e0000 - 0x00007ff97d6f8000 	c:\Users\WINDOWS 11\.vscode\extensions\redhat.java-1.41.1-win32-x64\jre\21.0.6-win32-x86_64\bin\jli.dll
0x00007ff97ce60000 - 0x00007ff97ce7e000 	c:\Users\WINDOWS 11\.vscode\extensions\redhat.java-1.41.1-win32-x64\jre\21.0.6-win32-x86_64\bin\VCRUNTIME140.dll
0x00007ff98ab50000 - 0x00007ff98ad19000 	C:\WINDOWS\System32\USER32.dll
0x00007ff977820000 - 0x00007ff977ab0000 	C:\WINDOWS\WinSxS\amd64_microsoft.windows.common-controls_6595b64144ccf1df_6.0.26100.3037_none_3e09262ce333c378\COMCTL32.dll
0x00007ff98a3d0000 - 0x00007ff98a3f7000 	C:\WINDOWS\System32\win32u.dll
0x00007ff98a830000 - 0x00007ff98a8d9000 	C:\WINDOWS\System32\msvcrt.dll
0x00007ff98c300000 - 0x00007ff98c32a000 	C:\WINDOWS\System32\GDI32.dll
0x00007ff989c20000 - 0x00007ff989d4b000 	C:\WINDOWS\System32\gdi32full.dll
0x00007ff98a610000 - 0x00007ff98a6b3000 	C:\WINDOWS\System32\msvcp_win.dll
0x00007ff98bd70000 - 0x00007ff98bd9f000 	C:\WINDOWS\System32\IMM32.DLL
0x00007ff985bb0000 - 0x00007ff985bbc000 	c:\Users\WINDOWS 11\.vscode\extensions\redhat.java-1.41.1-win32-x64\jre\21.0.6-win32-x86_64\bin\vcruntime140_1.dll
0x00007ff95c750000 - 0x00007ff95c7dd000 	c:\Users\WINDOWS 11\.vscode\extensions\redhat.java-1.41.1-win32-x64\jre\21.0.6-win32-x86_64\bin\msvcp140.dll
0x00007ff932a60000 - 0x00007ff9337f0000 	c:\Users\WINDOWS 11\.vscode\extensions\redhat.java-1.41.1-win32-x64\jre\21.0.6-win32-x86_64\bin\server\jvm.dll
0x00007ff98bdb0000 - 0x00007ff98be64000 	C:\WINDOWS\System32\ADVAPI32.dll
0x00007ff98c740000 - 0x00007ff98c7e6000 	C:\WINDOWS\System32\sechost.dll
0x00007ff98afb0000 - 0x00007ff98b0c6000 	C:\WINDOWS\System32\RPCRT4.dll
0x00007ff98a6d0000 - 0x00007ff98a744000 	C:\WINDOWS\System32\WS2_32.dll
0x00007ff989ab0000 - 0x00007ff989afe000 	C:\WINDOWS\SYSTEM32\POWRPROF.dll
0x00007ff983540000 - 0x00007ff98354b000 	C:\WINDOWS\SYSTEM32\VERSION.dll
0x00007ff983500000 - 0x00007ff983536000 	C:\WINDOWS\SYSTEM32\WINMM.dll
0x00007ff989a90000 - 0x00007ff989aa4000 	C:\WINDOWS\SYSTEM32\UMPDC.dll
0x00007ff988a50000 - 0x00007ff988a6a000 	C:\WINDOWS\SYSTEM32\kernel.appcore.dll
0x00007ff9845b0000 - 0x00007ff9845ba000 	c:\Users\WINDOWS 11\.vscode\extensions\redhat.java-1.41.1-win32-x64\jre\21.0.6-win32-x86_64\bin\jimage.dll
0x00007ff987440000 - 0x00007ff987681000 	C:\WINDOWS\SYSTEM32\DBGHELP.DLL
0x00007ff98c3b0000 - 0x00007ff98c72e000 	C:\WINDOWS\System32\combase.dll
0x00007ff98a750000 - 0x00007ff98a826000 	C:\WINDOWS\System32\OLEAUT32.dll
0x00007ff96da30000 - 0x00007ff96da69000 	C:\WINDOWS\SYSTEM32\dbgcore.DLL
0x00007ff98a1e0000 - 0x00007ff98a279000 	C:\WINDOWS\System32\bcryptPrimitives.dll
0x00007ff984590000 - 0x00007ff98459f000 	c:\Users\WINDOWS 11\.vscode\extensions\redhat.java-1.41.1-win32-x64\jre\21.0.6-win32-x86_64\bin\instrument.dll
0x00007ff97adb0000 - 0x00007ff97adcf000 	c:\Users\WINDOWS 11\.vscode\extensions\redhat.java-1.41.1-win32-x64\jre\21.0.6-win32-x86_64\bin\java.dll
0x00007ff98b660000 - 0x00007ff98bd64000 	C:\WINDOWS\System32\SHELL32.dll
0x00007ff9878f0000 - 0x00007ff988127000 	C:\WINDOWS\SYSTEM32\windows.storage.dll
0x00007ff98a990000 - 0x00007ff98aa79000 	C:\WINDOWS\System32\SHCORE.dll
0x00007ff98c350000 - 0x00007ff98c3ad000 	C:\WINDOWS\System32\shlwapi.dll
0x00007ff989b30000 - 0x00007ff989b5e000 	C:\WINDOWS\SYSTEM32\profapi.dll
0x00007ff9759e0000 - 0x00007ff9759f8000 	c:\Users\WINDOWS 11\.vscode\extensions\redhat.java-1.41.1-win32-x64\jre\21.0.6-win32-x86_64\bin\zip.dll
0x00007ff983300000 - 0x00007ff983310000 	C:\Users\WINDOWS 11\.vscode\extensions\redhat.java-1.41.1-win32-x64\jre\21.0.6-win32-x86_64\bin\net.dll
0x00007ff980ff0000 - 0x00007ff98110e000 	C:\WINDOWS\SYSTEM32\WINHTTP.dll
0x00007ff988f60000 - 0x00007ff988fca000 	C:\WINDOWS\system32\mswsock.dll
0x00007ff972c50000 - 0x00007ff972c66000 	C:\Users\WINDOWS 11\.vscode\extensions\redhat.java-1.41.1-win32-x64\jre\21.0.6-win32-x86_64\bin\nio.dll
0x00007ff9832c0000 - 0x00007ff9832d0000 	c:\Users\WINDOWS 11\.vscode\extensions\redhat.java-1.41.1-win32-x64\jre\21.0.6-win32-x86_64\bin\verify.dll
0x00007ff9611a0000 - 0x00007ff9611e5000 	C:\Users\WINDOWS 11\AppData\Roaming\Code\User\globalStorage\redhat.java\1.41.1\config_ss_win\org.eclipse.equinox.launcher\org.eclipse.equinox.launcher.win32.win32.x86_64_1.2.1300.v20250331-1702\eclipse_11911.dll
0x00007ff98b260000 - 0x00007ff98b3f5000 	C:\WINDOWS\System32\ole32.dll

dbghelp: loaded successfully - version: 4.0.5 - missing functions: none
symbol engine: initialized successfully - sym options: 0x614 - pdb path: .;c:\Users\WINDOWS 11\.vscode\extensions\redhat.java-1.41.1-win32-x64\jre\21.0.6-win32-x86_64\bin;C:\WINDOWS\SYSTEM32;C:\WINDOWS\WinSxS\amd64_microsoft.windows.common-controls_6595b64144ccf1df_6.0.26100.3037_none_3e09262ce333c378;c:\Users\WINDOWS 11\.vscode\extensions\redhat.java-1.41.1-win32-x64\jre\21.0.6-win32-x86_64\bin\server;C:\Users\WINDOWS 11\AppData\Roaming\Code\User\globalStorage\redhat.java\1.41.1\config_ss_win\org.eclipse.equinox.launcher\org.eclipse.equinox.launcher.win32.win32.x86_64_1.2.1300.v20250331-1702

VM Arguments:
jvm_args: --add-modules=ALL-SYSTEM --add-opens=java.base/java.util=ALL-UNNAMED --add-opens=java.base/java.lang=ALL-UNNAMED --add-opens=java.base/sun.nio.fs=ALL-UNNAMED -Declipse.application=org.eclipse.jdt.ls.core.id1 -Dosgi.bundles.defaultStartLevel=4 -Declipse.product=org.eclipse.jdt.ls.core.product -Djava.import.generatesMetadataFilesAtProjectRoot=false -DDetectVMInstallationsJob.disabled=true -Dfile.encoding=utf8 -XX:+UseParallelGC -XX:GCTimeRatio=4 -XX:AdaptiveSizePolicyWeight=90 -Dsun.zip.disableMemoryMapping=true -Xmx1G -Xms100m -Xlog:disable -javaagent:c:\Users\WINDOWS 11\.vscode\extensions\redhat.java-1.41.1-win32-x64\lombok\lombok-1.18.36.jar 
java_command: c:\Users\WINDOWS 11\.vscode\extensions\redhat.java-1.41.1-win32-x64\server\plugins\org.eclipse.equinox.launcher_1.7.0.v20250331-1702.jar -configuration c:\Users\WINDOWS 11\AppData\Roaming\Code\User\globalStorage\redhat.java\1.41.1\config_ss_win -data c:\Users\WINDOWS 11\AppData\Roaming\Code\User\workspaceStorage\1caed8da914c0b823e241647f7c39afd\redhat.java\ss_ws --pipe=\\.\pipe\lsp-a17f12af1714abaa2bdf9e813bc471e5-sock
java_class_path (initial): c:\Users\WINDOWS 11\.vscode\extensions\redhat.java-1.41.1-win32-x64\server\plugins\org.eclipse.equinox.launcher_1.7.0.v20250331-1702.jar
Launcher Type: SUN_STANDARD

[Global flags]
    uintx AdaptiveSizePolicyWeight                 = 90                                        {product} {command line}
     intx CICompilerCount                          = 4                                         {product} {ergonomic}
    uintx GCTimeRatio                              = 4                                         {product} {command line}
   size_t InitialHeapSize                          = 104857600                                 {product} {command line}
   size_t MaxHeapSize                              = 1073741824                                {product} {command line}
   size_t MaxNewSize                               = 357564416                                 {product} {ergonomic}
   size_t MinHeapDeltaBytes                        = 524288                                    {product} {ergonomic}
   size_t MinHeapSize                              = 104857600                                 {product} {command line}
   size_t NewSize                                  = 34603008                                  {product} {ergonomic}
    uintx NonNMethodCodeHeapSize                   = 5839372                                {pd product} {ergonomic}
    uintx NonProfiledCodeHeapSize                  = 122909434                              {pd product} {ergonomic}
   size_t OldSize                                  = 70254592                                  {product} {ergonomic}
    uintx ProfiledCodeHeapSize                     = 122909434                              {pd product} {ergonomic}
    uintx ReservedCodeCacheSize                    = 251658240                              {pd product} {ergonomic}
     bool SegmentedCodeCache                       = true                                      {product} {ergonomic}
   size_t SoftMaxHeapSize                          = 1073741824                             {manageable} {ergonomic}
     bool UseCompressedOops                        = true                           {product lp64_product} {ergonomic}
     bool UseLargePagesIndividualAllocation        = false                                  {pd product} {ergonomic}
     bool UseParallelGC                            = true                                      {product} {command line}

Logging:
Log output configuration:
 #0: stdout all=off uptime,level,tags foldmultilines=false
 #1: stderr all=off uptime,level,tags foldmultilines=false

Environment Variables:
PATH=C:\Program Files\Java\jdk-23\bin;C:\WINDOWS\system32;C:\WINDOWS;C:\WINDOWS\System32\Wbem;C:\WINDOWS\System32\WindowsPowerShell\v1.0\;C:\WINDOWS\System32\OpenSSH\;C:\Program Files\Git\cmd;C:\Users\WINDOWS 11\AppData\Local\Microsoft\WindowsApps;C:\Users\WINDOWS 11\AppData\Local\Programs\Microsoft VS Code\bin;
USERNAME=WINDOWS 11
OS=Windows_NT
PROCESSOR_IDENTIFIER=AMD64 Family 25 Model 80 Stepping 0, AuthenticAMD
TMP=C:\Users\WINDOW~1\AppData\Local\Temp
TEMP=C:\Users\WINDOW~1\AppData\Local\Temp




Periodic native trim disabled

---------------  S Y S T E M  ---------------

OS:
 Windows 11 , 64 bit Build 26100 (10.0.26100.3037)
OS uptime: 0 days 10:26 hours
Hyper-V role detected

CPU: total 12 (initial active 12) (12 cores per cpu, 2 threads per core) family 25 model 80 stepping 0 microcode 0xa50000d, cx8, cmov, fxsr, ht, mmx, 3dnowpref, sse, sse2, sse3, ssse3, sse4a, sse4.1, sse4.2, popcnt, lzcnt, tsc, tscinvbit, avx, avx2, aes, erms, clmul, bmi1, bmi2, adx, sha, fma, vzeroupper, clflush, clflushopt, hv, rdtscp, rdpid, fsrm, f16c, cet_ss
Processor Information for processor 0
  Max Mhz: 3301, Current Mhz: 1908, Mhz Limit: 3301
Processor Information for processor 1
  Max Mhz: 3301, Current Mhz: 1908, Mhz Limit: 3301
Processor Information for processor 2
  Max Mhz: 3301, Current Mhz: 1805, Mhz Limit: 3301
Processor Information for processor 3
  Max Mhz: 3301, Current Mhz: 1805, Mhz Limit: 3301
Processor Information for processor 4
  Max Mhz: 3301, Current Mhz: 1805, Mhz Limit: 3301
Processor Information for processor 5
  Max Mhz: 3301, Current Mhz: 1908, Mhz Limit: 3301
Processor Information for processor 6
  Max Mhz: 3301, Current Mhz: 1805, Mhz Limit: 3301
Processor Information for processor 7
  Max Mhz: 3301, Current Mhz: 1805, Mhz Limit: 3301
Processor Information for processor 8
  Max Mhz: 3301, Current Mhz: 1805, Mhz Limit: 3301
Processor Information for processor 9
  Max Mhz: 3301, Current Mhz: 1805, Mhz Limit: 3301
Processor Information for processor 10
  Max Mhz: 3301, Current Mhz: 1805, Mhz Limit: 3301
Processor Information for processor 11
  Max Mhz: 3301, Current Mhz: 1805, Mhz Limit: 3301

Memory: 4k page, system-wide physical 7583M (1361M free)
TotalPageFile size 9631M (AvailPageFile size 1M)
current process WorkingSet (physical memory assigned to process): 109M, peak: 109M
current process commit charge ("private bytes"): 225M, peak: 226M

vm_info: OpenJDK 64-Bit Server VM (21.0.6+7-LTS) for windows-amd64 JRE (21.0.6+7-LTS), built on 2025-01-21T00:00:00Z by "admin" with MS VC++ 17.7 (VS2022)

END.
