#
# There is insufficient memory for the Java Runtime Environment to continue.
# Native memory allocation (malloc) failed to allocate 2008880 bytes. Error detail: Chunk::new
# Possible reasons:
#   The system is out of physical RAM or swap space
#   This process is running with CompressedOops enabled, and the Java Heap may be blocking the growth of the native heap
# Possible solutions:
#   Reduce memory load on the system
#   Increase physical memory or swap space
#   Check if swap backing store is full
#   Decrease Java heap size (-Xmx/-Xms)
#   Decrease number of Java threads
#   Decrease Java thread stack sizes (-Xss)
#   Set larger code cache with -XX:ReservedCodeCacheSize=
#   JVM is running with Unscaled Compressed Oops mode in which the Java heap is
#     placed in the first 4GB address space. The Java Heap base address is the
#     maximum limit for the native heap growth. Please use -XX:HeapBaseMinAddress
#     to set the Java Heap base and to place the Java Heap above 4GB virtual address.
# This output file may be truncated or incomplete.
#
#  Out of Memory Error (arena.cpp:168), pid=15964, tid=3276
#
# JRE version: OpenJDK Runtime Environment Temurin-21.0.6+7 (21.0.6+7) (build 21.0.6+7-LTS)
# Java VM: OpenJDK 64-Bit Server VM Temurin-21.0.6+7 (21.0.6+7-LTS, mixed mode, sharing, tiered, compressed oops, compressed class ptrs, parallel gc, windows-amd64)
# No core dump will be written. Minidumps are not enabled by default on client versions of Windows
#

---------------  S U M M A R Y ------------

Command Line: --add-modules=ALL-SYSTEM --add-opens=java.base/java.util=ALL-UNNAMED --add-opens=java.base/java.lang=ALL-UNNAMED --add-opens=java.base/sun.nio.fs=ALL-UNNAMED -Declipse.application=org.eclipse.jdt.ls.core.id1 -Dosgi.bundles.defaultStartLevel=4 -Declipse.product=org.eclipse.jdt.ls.core.product -Djava.import.generatesMetadataFilesAtProjectRoot=false -DDetectVMInstallationsJob.disabled=true -Dfile.encoding=utf8 -XX:+UseParallelGC -XX:GCTimeRatio=4 -XX:AdaptiveSizePolicyWeight=90 -Dsun.zip.disableMemoryMapping=true -Xmx1G -Xms100m -Xlog:disable -javaagent:c:\Users\WINDOWS 11\.vscode\extensions\redhat.java-1.41.1-win32-x64\lombok\lombok-1.18.36.jar -XX:+HeapDumpOnOutOfMemoryError -XX:HeapDumpPath=c:\Users\WINDOWS 11\AppData\Roaming\Code\User\workspaceStorage\1caed8da914c0b823e241647f7c39afd\redhat.java -Daether.dependencyCollector.impl=bf c:\Users\WINDOWS 11\.vscode\extensions\redhat.java-1.41.1-win32-x64\server\plugins\org.eclipse.equinox.launcher_1.7.0.v20250331-1702.jar -configuration c:\Users\WINDOWS 11\AppData\Roaming\Code\User\globalStorage\redhat.java\1.41.1\config_win -data c:\Users\WINDOWS 11\AppData\Roaming\Code\User\workspaceStorage\1caed8da914c0b823e241647f7c39afd\redhat.java\jdt_ws --pipe=\\.\pipe\lsp-71b105a2771d99bc3d5995a7dcf7bd74-sock

Host: AMD Ryzen 5 5600H with Radeon Graphics         , 12 cores, 7G,  Windows 11 , 64 bit Build 26100 (10.0.26100.3037)
Time: Thu May  8 02:03:50 2025 SE Asia Standard Time elapsed time: 22.441941 seconds (0d 0h 0m 22s)

---------------  T H R E A D  ---------------

Current thread (0x00000183e91cadb0):  JavaThread "C2 CompilerThread2" daemon [_thread_in_native, id=3276, stack(0x0000003ee8500000,0x0000003ee8600000) (1024K)]


Current CompileTask:
C2:22442 7065       4       org.eclipse.jdt.internal.compiler.util.JrtFileSystem$2::visitFile (72 bytes)

Stack: [0x0000003ee8500000,0x0000003ee8600000]
Native frames: (J=compiled Java code, j=interpreted, Vv=VM code, C=native code)
V  [jvm.dll+0x6cdee9]
V  [jvm.dll+0x8a83d1]
V  [jvm.dll+0x8aa8fe]
V  [jvm.dll+0x8aafe3]
V  [jvm.dll+0x27f706]
V  [jvm.dll+0xc500d]
V  [jvm.dll+0xc5543]
V  [jvm.dll+0x3b678c]
V  [jvm.dll+0x1e0009]
V  [jvm.dll+0x247b42]
V  [jvm.dll+0x246fcf]
V  [jvm.dll+0x1c75ee]
V  [jvm.dll+0x25685a]
V  [jvm.dll+0x254dfa]
V  [jvm.dll+0x3f0256]
V  [jvm.dll+0x851f8b]
V  [jvm.dll+0x6cc5ed]
C  [ucrtbase.dll+0x37b0]
C  [KERNEL32.DLL+0x2e8d7]
C  [ntdll.dll+0xbbf2c]


---------------  P R O C E S S  ---------------

Threads class SMR info:
_java_thread_list=0x00000183ed7747b0, length=54, elements={
0x00000183cdbbf050, 0x00000183e1fae730, 0x00000183e80029f0, 0x00000183e8005390,
0x00000183e8005fe0, 0x00000183e8009120, 0x00000183e800f340, 0x00000183e8011ce0,
0x00000183e80378c0, 0x00000183cdc30270, 0x00000183e830f9c0, 0x00000183e87f9530,
0x00000183e8e73fd0, 0x00000183e9026290, 0x00000183e90268f0, 0x00000183e85dae10,
0x00000183e8fdd830, 0x00000183e9320790, 0x00000183e9320100, 0x00000183e9321b40,
0x00000183e9320e20, 0x00000183eaa68e50, 0x00000183e91cadb0, 0x00000183e93214b0,
0x00000183e931fa70, 0x00000183e931ed50, 0x00000183e931e6c0, 0x00000183e931f3e0,
0x00000183ebff7f70, 0x00000183ebff6bc0, 0x00000183ebff5180, 0x00000183ebff4af0,
0x00000183ebff5810, 0x00000183ebff6530, 0x00000183ebff5ea0, 0x00000183ebff7250,
0x00000183ebff78e0, 0x00000183eb3d1470, 0x00000183eb3d3bd0, 0x00000183eb3d0de0,
0x00000183eb3d1b00, 0x00000183eb3d2190, 0x00000183eb3d2820, 0x00000183eb3d0750,
0x00000183eb3d4f80, 0x00000183eb3d5610, 0x00000183eb3d3540, 0x00000183eb3d5ca0,
0x00000183eb3d6330, 0x00000183eb3d7d70, 0x00000183eb3d69c0, 0x00000183eb3d7050,
0x00000183eb3d76e0, 0x00000183e887eec0
}

Java Threads: ( => current thread )
  0x00000183cdbbf050 JavaThread "main"                              [_thread_blocked, id=13768, stack(0x0000003ee6200000,0x0000003ee6300000) (1024K)]
  0x00000183e1fae730 JavaThread "Reference Handler"          daemon [_thread_blocked, id=11812, stack(0x0000003ee6600000,0x0000003ee6700000) (1024K)]
  0x00000183e80029f0 JavaThread "Finalizer"                  daemon [_thread_blocked, id=15900, stack(0x0000003ee6700000,0x0000003ee6800000) (1024K)]
  0x00000183e8005390 JavaThread "Signal Dispatcher"          daemon [_thread_blocked, id=14452, stack(0x0000003ee6800000,0x0000003ee6900000) (1024K)]
  0x00000183e8005fe0 JavaThread "Attach Listener"            daemon [_thread_blocked, id=14872, stack(0x0000003ee6900000,0x0000003ee6a00000) (1024K)]
  0x00000183e8009120 JavaThread "Service Thread"             daemon [_thread_blocked, id=10480, stack(0x0000003ee6a00000,0x0000003ee6b00000) (1024K)]
  0x00000183e800f340 JavaThread "Monitor Deflation Thread"   daemon [_thread_blocked, id=3084, stack(0x0000003ee6b00000,0x0000003ee6c00000) (1024K)]
  0x00000183e8011ce0 JavaThread "C2 CompilerThread0"         daemon [_thread_blocked, id=13536, stack(0x0000003ee6c00000,0x0000003ee6d00000) (1024K)]
  0x00000183e80378c0 JavaThread "C1 CompilerThread0"         daemon [_thread_blocked, id=9776, stack(0x0000003ee6d00000,0x0000003ee6e00000) (1024K)]
  0x00000183cdc30270 JavaThread "Common-Cleaner"             daemon [_thread_blocked, id=12840, stack(0x0000003ee6e00000,0x0000003ee6f00000) (1024K)]
  0x00000183e830f9c0 JavaThread "Notification Thread"        daemon [_thread_blocked, id=3620, stack(0x0000003ee7000000,0x0000003ee7100000) (1024K)]
  0x00000183e87f9530 JavaThread "Active Thread: Equinox Container: f2adb81b-66c5-4460-bb47-1d3aef952cc0"        [_thread_blocked, id=9300, stack(0x0000003ee7800000,0x0000003ee7900000) (1024K)]
  0x00000183e8e73fd0 JavaThread "Refresh Thread: Equinox Container: f2adb81b-66c5-4460-bb47-1d3aef952cc0" daemon [_thread_blocked, id=2244, stack(0x0000003ee7900000,0x0000003ee7a00000) (1024K)]
  0x00000183e9026290 JavaThread "Framework Event Dispatcher: Equinox Container: f2adb81b-66c5-4460-bb47-1d3aef952cc0" daemon [_thread_blocked, id=11964, stack(0x0000003ee7b00000,0x0000003ee7c00000) (1024K)]
  0x00000183e90268f0 JavaThread "Start Level: Equinox Container: f2adb81b-66c5-4460-bb47-1d3aef952cc0" daemon [_thread_blocked, id=7144, stack(0x0000003ee7c00000,0x0000003ee7d00000) (1024K)]
  0x00000183e85dae10 JavaThread "Bundle File Closer"         daemon [_thread_blocked, id=17180, stack(0x0000003ee7d00000,0x0000003ee7e00000) (1024K)]
  0x00000183e8fdd830 JavaThread "SCR Component Actor"        daemon [_thread_blocked, id=11400, stack(0x0000003ee7100000,0x0000003ee7200000) (1024K)]
  0x00000183e9320790 JavaThread "Worker-JM"                         [_thread_blocked, id=4308, stack(0x0000003ee8100000,0x0000003ee8200000) (1024K)]
  0x00000183e9320100 JavaThread "JNA Cleaner"                daemon [_thread_blocked, id=14048, stack(0x0000003ee8200000,0x0000003ee8300000) (1024K)]
  0x00000183e9321b40 JavaThread "Worker-0: Java indexing... "        [_thread_blocked, id=3132, stack(0x0000003ee6f00000,0x0000003ee7000000) (1024K)]
  0x00000183e9320e20 JavaThread "Worker-1"                          [_thread_blocked, id=16472, stack(0x0000003ee8300000,0x0000003ee8400000) (1024K)]
  0x00000183eaa68e50 JavaThread "C2 CompilerThread1"         daemon [_thread_in_native, id=13656, stack(0x0000003ee8400000,0x0000003ee8500000) (1024K)]
=>0x00000183e91cadb0 JavaThread "C2 CompilerThread2"         daemon [_thread_in_native, id=3276, stack(0x0000003ee8500000,0x0000003ee8600000) (1024K)]
  0x00000183e93214b0 JavaThread "Java indexing"              daemon [_thread_blocked, id=7340, stack(0x0000003ee8600000,0x0000003ee8700000) (1024K)]
  0x00000183e931fa70 JavaThread "Worker-2"                          [_thread_blocked, id=11536, stack(0x0000003ee8700000,0x0000003ee8800000) (1024K)]
  0x00000183e931ed50 JavaThread "Worker-3: Initialize workspace"        [_thread_blocked, id=9844, stack(0x0000003ee8800000,0x0000003ee8900000) (1024K)]
  0x00000183e931e6c0 JavaThread "Worker-4: Check JDK Index"         [_thread_blocked, id=6196, stack(0x0000003ee8b00000,0x0000003ee8c00000) (1024K)]
  0x00000183e931f3e0 JavaThread "Worker-5"                          [_thread_blocked, id=12392, stack(0x0000003ee8c00000,0x0000003ee8d00000) (1024K)]
  0x00000183ebff7f70 JavaThread "Thread-2"                   daemon [_thread_in_native, id=1328, stack(0x0000003ee8d00000,0x0000003ee8e00000) (1024K)]
  0x00000183ebff6bc0 JavaThread "Thread-3"                   daemon [_thread_in_native, id=14464, stack(0x0000003ee8e00000,0x0000003ee8f00000) (1024K)]
  0x00000183ebff5180 JavaThread "Thread-4"                   daemon [_thread_in_native, id=6308, stack(0x0000003ee8f00000,0x0000003ee9000000) (1024K)]
  0x00000183ebff4af0 JavaThread "Thread-5"                   daemon [_thread_in_native, id=11500, stack(0x0000003ee9000000,0x0000003ee9100000) (1024K)]
  0x00000183ebff5810 JavaThread "Thread-6"                   daemon [_thread_in_native, id=6180, stack(0x0000003ee9100000,0x0000003ee9200000) (1024K)]
  0x00000183ebff6530 JavaThread "Thread-7"                   daemon [_thread_in_native, id=10368, stack(0x0000003ee9200000,0x0000003ee9300000) (1024K)]
  0x00000183ebff5ea0 JavaThread "Thread-8"                   daemon [_thread_in_native, id=16380, stack(0x0000003ee9300000,0x0000003ee9400000) (1024K)]
  0x00000183ebff7250 JavaThread "Thread-9"                   daemon [_thread_in_native, id=8436, stack(0x0000003ee9400000,0x0000003ee9500000) (1024K)]
  0x00000183ebff78e0 JavaThread "Thread-10"                  daemon [_thread_in_native, id=14056, stack(0x0000003ee9500000,0x0000003ee9600000) (1024K)]
  0x00000183eb3d1470 JavaThread "Thread-11"                  daemon [_thread_in_native, id=14784, stack(0x0000003ee9600000,0x0000003ee9700000) (1024K)]
  0x00000183eb3d3bd0 JavaThread "Thread-12"                  daemon [_thread_in_native, id=13732, stack(0x0000003ee9700000,0x0000003ee9800000) (1024K)]
  0x00000183eb3d0de0 JavaThread "Thread-13"                  daemon [_thread_in_native, id=9636, stack(0x0000003ee9800000,0x0000003ee9900000) (1024K)]
  0x00000183eb3d1b00 JavaThread "Thread-14"                  daemon [_thread_in_native, id=9744, stack(0x0000003ee9900000,0x0000003ee9a00000) (1024K)]
  0x00000183eb3d2190 JavaThread "pool-2-thread-1"                   [_thread_blocked, id=6352, stack(0x0000003ee9a00000,0x0000003ee9b00000) (1024K)]
  0x00000183eb3d2820 JavaThread "WorkspaceEventsHandler"            [_thread_blocked, id=2288, stack(0x0000003ee9b00000,0x0000003ee9c00000) (1024K)]
  0x00000183eb3d0750 JavaThread "pool-1-thread-1"                   [_thread_blocked, id=10692, stack(0x0000003ee9c00000,0x0000003ee9d00000) (1024K)]
  0x00000183eb3d4f80 JavaThread "LocalFile Deleter"          daemon [_thread_blocked, id=5640, stack(0x0000003ee8000000,0x0000003ee8100000) (1024K)]
  0x00000183eb3d5610 JavaThread "LocalFile Deleter"          daemon [_thread_blocked, id=10176, stack(0x0000003ee9d00000,0x0000003ee9e00000) (1024K)]
  0x00000183eb3d3540 JavaThread "LocalFile Deleter"          daemon [_thread_blocked, id=1508, stack(0x0000003ee9e00000,0x0000003ee9f00000) (1024K)]
  0x00000183eb3d5ca0 JavaThread "LocalFile Deleter"          daemon [_thread_blocked, id=3820, stack(0x0000003ee9f00000,0x0000003eea000000) (1024K)]
  0x00000183eb3d6330 JavaThread "LocalFile Deleter"          daemon [_thread_blocked, id=11152, stack(0x0000003eea000000,0x0000003eea100000) (1024K)]
  0x00000183eb3d7d70 JavaThread "ForkJoinPool.commonPool-worker-1" daemon [_thread_blocked, id=11788, stack(0x0000003eea100000,0x0000003eea200000) (1024K)]
  0x00000183eb3d69c0 JavaThread "ForkJoinPool.commonPool-worker-2" daemon [_thread_blocked, id=16624, stack(0x0000003eea200000,0x0000003eea300000) (1024K)]
  0x00000183eb3d7050 JavaThread "ForkJoinPool.commonPool-worker-3" daemon [_thread_blocked, id=400, stack(0x0000003eea300000,0x0000003eea400000) (1024K)]
  0x00000183eb3d76e0 JavaThread "ForkJoinPool.commonPool-worker-4" daemon [_thread_blocked, id=15760, stack(0x0000003eea400000,0x0000003eea500000) (1024K)]
  0x00000183e887eec0 JavaThread "ForkJoinPool.commonPool-worker-5" daemon [_thread_blocked, id=5116, stack(0x0000003eea500000,0x0000003eea600000) (1024K)]
Total: 54

Other Threads:
  0x00000183cdc7e9f0 VMThread "VM Thread"                           [id=1068, stack(0x0000003ee6500000,0x0000003ee6600000) (1024K)]
  0x00000183e1e8ca00 WatcherThread "VM Periodic Task Thread"        [id=2928, stack(0x0000003ee6400000,0x0000003ee6500000) (1024K)]
  0x00000183cdbde270 WorkerThread "GC Thread#0"                     [id=10572, stack(0x0000003ee6300000,0x0000003ee6400000) (1024K)]
  0x00000183e8936fa0 WorkerThread "GC Thread#1"                     [id=3168, stack(0x0000003ee7200000,0x0000003ee7300000) (1024K)]
  0x00000183e8559040 WorkerThread "GC Thread#2"                     [id=11080, stack(0x0000003ee7300000,0x0000003ee7400000) (1024K)]
  0x00000183e88dee50 WorkerThread "GC Thread#3"                     [id=14908, stack(0x0000003ee7400000,0x0000003ee7500000) (1024K)]
  0x00000183e88df1f0 WorkerThread "GC Thread#4"                     [id=13240, stack(0x0000003ee7500000,0x0000003ee7600000) (1024K)]
  0x00000183e89365d0 WorkerThread "GC Thread#5"                     [id=16284, stack(0x0000003ee7600000,0x0000003ee7700000) (1024K)]
  0x00000183e8936970 WorkerThread "GC Thread#6"                     [id=8356, stack(0x0000003ee7700000,0x0000003ee7800000) (1024K)]
  0x00000183e856c7e0 WorkerThread "GC Thread#7"                     [id=11856, stack(0x0000003ee7a00000,0x0000003ee7b00000) (1024K)]
  0x00000183e92d0800 WorkerThread "GC Thread#8"                     [id=1140, stack(0x0000003ee7e00000,0x0000003ee7f00000) (1024K)]
  0x00000183e908b140 WorkerThread "GC Thread#9"                     [id=14876, stack(0x0000003ee7f00000,0x0000003ee8000000) (1024K)]
Total: 12

Threads with active compile tasks:
C2 CompilerThread0  23485 6707       4       jdk.internal.jimage.ImageReader$SharedImageReader::lambda$handleModulesSubTree$1 (58 bytes)
C1 CompilerThread0  23485 8388   !   2       org.eclipse.jdt.internal.core.util.PublicScanner::$SWITCH_TABLE$org$eclipse$jdt$internal$compiler$parser$TerminalToken (2080 bytes)
C2 CompilerThread1  23485 8020   !   4       org.eclipse.jdt.internal.core.search.indexing.BinaryIndexer::indexDocument (1204 bytes)
C2 CompilerThread2  23485 7065       4       org.eclipse.jdt.internal.compiler.util.JrtFileSystem$2::visitFile (72 bytes)
Total: 4

VM state: at safepoint (normal execution)

VM Mutex/Monitor currently owned by a thread:  ([mutex/lock_event])
[0x00007ff93370e380] Threads_lock - owner thread: 0x00000183cdc7e9f0
[0x00007ff93370e480] Heap_lock - owner thread: 0x00000183e931ed50
[0x00007ff93370e900] PSOldGenExpand_lock - owner thread: 0x00000183e89365d0

Heap address: 0x00000000c0000000, size: 1024 MB, Compressed Oops mode: 32-bit

CDS archive(s) mapped at: [0x0000018380000000-0x0000018380ba0000-0x0000018380ba0000), size 12189696, SharedBaseAddress: 0x0000018380000000, ArchiveRelocationMode: 1.
Compressed class space mapped at: 0x0000018381000000-0x00000183c1000000, reserved size: 1073741824
Narrow klass base: 0x0000018380000000, Narrow klass shift: 0, Narrow klass range: 0x100000000

GC Precious Log:
 CardTable entry size: 512
 CPUs: 12 total, 12 available
 Memory: 7583M
 Large Page Support: Disabled
 NUMA Support: Disabled
 Compressed Oops: Enabled (32-bit)
 Alignments: Space 512K, Generation 512K, Heap 2M
 Heap Min Capacity: 100M
 Heap Initial Capacity: 100M
 Heap Max Capacity: 1G
 Pre-touch: Disabled
 Parallel Workers: 10

Heap:
 PSYoungGen      total 5632K, used 5233K [0x00000000eab00000, 0x00000000eb200000, 0x0000000100000000)
  eden space 4096K, 100% used [0x00000000eab00000,0x00000000eaf00000,0x00000000eaf00000)
  from space 1536K, 74% used [0x00000000eb080000,0x00000000eb19c568,0x00000000eb200000)
  to   space 1536K, 56% used [0x00000000eaf00000,0x00000000eafd77f8,0x00000000eb080000)
 ParOldGen       total 195072K, used 195070K [0x00000000c0000000, 0x00000000cbe80000, 0x00000000eab00000)
  object space 195072K, 99% used [0x00000000c0000000,0x00000000cbe7fb60,0x00000000cbe80000)
 Metaspace       used 58145K, committed 59456K, reserved 1114112K
  class space    used 6056K, committed 6592K, reserved 1048576K

Card table byte_map: [0x00000183cd580000,0x00000183cd790000] _byte_map_base: 0x00000183ccf80000

Marking Bits: (ParMarkBitMap*) 0x00007ff933713260
 Begin Bits: [0x00000183dfdb0000, 0x00000183e0db0000)
 End Bits:   [0x00000183e0db0000, 0x00000183e1db0000)

Polling page: 0x00000183cd250000

Metaspace:

Usage:
  Non-class:     50.87 MB used.
      Class:      5.91 MB used.
       Both:     56.78 MB used.

Virtual space:
  Non-class space:       64.00 MB reserved,      51.62 MB ( 81%) committed,  1 nodes.
      Class space:        1.00 GB reserved,       6.44 MB ( <1%) committed,  1 nodes.
             Both:        1.06 GB reserved,      58.06 MB (  5%) committed. 

Chunk freelists:
   Non-Class:  12.03 MB
       Class:  9.38 MB
        Both:  21.41 MB

MaxMetaspaceSize: unlimited
CompressedClassSpaceSize: 1.00 GB
Initial GC threshold: 21.00 MB
Current GC threshold: 58.88 MB
CDS: on
 - commit_granule_bytes: 65536.
 - commit_granule_words: 8192.
 - virtual_space_node_default_size: 8388608.
 - enlarge_chunks_in_place: 1.
 - use_allocation_guard: 0.


Internal statistics:

num_allocs_failed_limit: 10.
num_arena_births: 960.
num_arena_deaths: 38.
num_vsnodes_births: 2.
num_vsnodes_deaths: 0.
num_space_committed: 929.
num_space_uncommitted: 0.
num_chunks_returned_to_freelist: 55.
num_chunks_taken_from_freelist: 3570.
num_chunk_merges: 15.
num_chunk_splits: 2242.
num_chunks_enlarged: 1362.
num_inconsistent_stats: 0.

CodeHeap 'non-profiled nmethods': size=120000Kb used=4424Kb max_used=4424Kb free=115575Kb
 bounds [0x00000183d8880000, 0x00000183d8ce0000, 0x00000183dfdb0000]
CodeHeap 'profiled nmethods': size=120000Kb used=16761Kb max_used=16761Kb free=103238Kb
 bounds [0x00000183d0db0000, 0x00000183d1e10000, 0x00000183d82e0000]
CodeHeap 'non-nmethods': size=5760Kb used=1429Kb max_used=1471Kb free=4330Kb
 bounds [0x00000183d82e0000, 0x00000183d8550000, 0x00000183d8880000]
 total_blobs=8496 nmethods=7753 adapters=649
 compilation: enabled
              stopped_count=0, restarted_count=0
 full_count=0

Compilation events (20 events):
Event: 21.363 Thread 0x00000183e80378c0 nmethod 8376 0x00000183d1e08c10 code [0x00000183d1e08e00, 0x00000183d1e090d8]
Event: 21.364 Thread 0x00000183e80378c0 8377       2       java.lang.invoke.MethodHandles$Lookup::getDirectConstructor (10 bytes)
Event: 21.364 Thread 0x00000183e80378c0 nmethod 8377 0x00000183d1e09310 code [0x00000183d1e094c0, 0x00000183d1e095e8]
Event: 21.365 Thread 0x00000183e80378c0 8378   !   2       java.lang.invoke.InnerClassLambdaMetafactory::generateInnerClass (506 bytes)
Event: 21.370 Thread 0x00000183e80378c0 nmethod 8378 0x00000183d1e09690 code [0x00000183d1e09a20, 0x00000183d1e0a980]
Event: 21.370 Thread 0x00000183e80378c0 8381       3       org.eclipse.jdt.internal.compiler.util.Util::getLineNumber (89 bytes)
Event: 21.371 Thread 0x00000183e80378c0 nmethod 8381 0x00000183d1e0b490 code [0x00000183d1e0b680, 0x00000183d1e0ba80]
Event: 21.371 Thread 0x00000183e80378c0 8385   !   2       org.eclipse.jdt.ls.core.internal.handlers.FoldingRangeHandler::getNextToken (22 bytes)
Event: 21.371 Thread 0x00000183e80378c0 nmethod 8385 0x00000183d1e0bc10 code [0x00000183d1e0bde0, 0x00000183d1e0c058]
Event: 21.371 Thread 0x00000183e80378c0 8382       2       org.eclipse.jdt.internal.core.util.PublicScanner::getCurrentTokenStartPosition (8 bytes)
Event: 21.372 Thread 0x00000183e80378c0 nmethod 8382 0x00000183d1e0c290 code [0x00000183d1e0c420, 0x00000183d1e0c530]
Event: 21.372 Thread 0x00000183e80378c0 8386       2       org.eclipse.jdt.internal.core.util.PublicScanner::getNextToken (16 bytes)
Event: 21.372 Thread 0x00000183e80378c0 nmethod 8386 0x00000183d1e0c610 code [0x00000183d1e0c7c0, 0x00000183d1e0c928]
Event: 21.372 Thread 0x00000183e80378c0 8387       2       org.eclipse.jdt.internal.core.util.PublicScanner::translateTokenToTerminalSymbol (1482 bytes)
Event: 21.375 Thread 0x00000183e80378c0 nmethod 8387 0x00000183d1e0ca10 code [0x00000183d1e0cc80, 0x00000183d1e0daf0]
Event: 21.376 Thread 0x00000183e80378c0 8383       2       org.eclipse.jdt.internal.core.util.PublicScanner::getLineNumber (9 bytes)
Event: 21.376 Thread 0x00000183e80378c0 nmethod 8383 0x00000183d1e0de10 code [0x00000183d1e0dfc0, 0x00000183d1e0e0f8]
Event: 21.376 Thread 0x00000183e80378c0 8384       2       org.eclipse.jdt.internal.compiler.parser.Scanner::getLineNumber (14 bytes)
Event: 21.377 Thread 0x00000183e80378c0 nmethod 8384 0x00000183d1e0e210 code [0x00000183d1e0e3c0, 0x00000183d1e0e4f8]
Event: 21.377 Thread 0x00000183e80378c0 8388   !   2       org.eclipse.jdt.internal.core.util.PublicScanner::$SWITCH_TABLE$org$eclipse$jdt$internal$compiler$parser$TerminalToken (2080 bytes)

GC Heap History (20 events):
Event: 21.043 GC heap after
{Heap after GC invocations=161 (full 2):
 PSYoungGen      total 5632K, used 1071K [0x00000000eab00000, 0x00000000eb200000, 0x0000000100000000)
  eden space 4096K, 0% used [0x00000000eab00000,0x00000000eab00000,0x00000000eaf00000)
  from space 1536K, 69% used [0x00000000eaf00000,0x00000000eb00be58,0x00000000eb080000)
  to   space 1536K, 0% used [0x00000000eb080000,0x00000000eb080000,0x00000000eb200000)
 ParOldGen       total 183808K, used 183457K [0x00000000c0000000, 0x00000000cb380000, 0x00000000eab00000)
  object space 183808K, 99% used [0x00000000c0000000,0x00000000cb328430,0x00000000cb380000)
 Metaspace       used 56643K, committed 57920K, reserved 1114112K
  class space    used 5906K, committed 6464K, reserved 1048576K
}
Event: 21.084 GC heap before
{Heap before GC invocations=162 (full 2):
 PSYoungGen      total 5632K, used 5167K [0x00000000eab00000, 0x00000000eb200000, 0x0000000100000000)
  eden space 4096K, 100% used [0x00000000eab00000,0x00000000eaf00000,0x00000000eaf00000)
  from space 1536K, 69% used [0x00000000eaf00000,0x00000000eb00be58,0x00000000eb080000)
  to   space 1536K, 0% used [0x00000000eb080000,0x00000000eb080000,0x00000000eb200000)
 ParOldGen       total 183808K, used 183457K [0x00000000c0000000, 0x00000000cb380000, 0x00000000eab00000)
  object space 183808K, 99% used [0x00000000c0000000,0x00000000cb328430,0x00000000cb380000)
 Metaspace       used 56705K, committed 57984K, reserved 1114112K
  class space    used 5911K, committed 6464K, reserved 1048576K
}
Event: 21.086 GC heap after
{Heap after GC invocations=162 (full 2):
 PSYoungGen      total 5632K, used 1093K [0x00000000eab00000, 0x00000000eb200000, 0x0000000100000000)
  eden space 4096K, 0% used [0x00000000eab00000,0x00000000eab00000,0x00000000eaf00000)
  from space 1536K, 71% used [0x00000000eb080000,0x00000000eb191748,0x00000000eb200000)
  to   space 1536K, 0% used [0x00000000eaf00000,0x00000000eaf00000,0x00000000eb080000)
 ParOldGen       total 184832K, used 184345K [0x00000000c0000000, 0x00000000cb480000, 0x00000000eab00000)
  object space 184832K, 99% used [0x00000000c0000000,0x00000000cb4065f8,0x00000000cb480000)
 Metaspace       used 56705K, committed 57984K, reserved 1114112K
  class space    used 5911K, committed 6464K, reserved 1048576K
}
Event: 21.105 GC heap before
{Heap before GC invocations=163 (full 2):
 PSYoungGen      total 5632K, used 5189K [0x00000000eab00000, 0x00000000eb200000, 0x0000000100000000)
  eden space 4096K, 100% used [0x00000000eab00000,0x00000000eaf00000,0x00000000eaf00000)
  from space 1536K, 71% used [0x00000000eb080000,0x00000000eb191748,0x00000000eb200000)
  to   space 1536K, 0% used [0x00000000eaf00000,0x00000000eaf00000,0x00000000eb080000)
 ParOldGen       total 184832K, used 184345K [0x00000000c0000000, 0x00000000cb480000, 0x00000000eab00000)
  object space 184832K, 99% used [0x00000000c0000000,0x00000000cb4065f8,0x00000000cb480000)
 Metaspace       used 56744K, committed 57984K, reserved 1114112K
  class space    used 5916K, committed 6464K, reserved 1048576K
}
Event: 21.107 GC heap after
{Heap after GC invocations=163 (full 2):
 PSYoungGen      total 5632K, used 1117K [0x00000000eab00000, 0x00000000eb200000, 0x0000000100000000)
  eden space 4096K, 0% used [0x00000000eab00000,0x00000000eab00000,0x00000000eaf00000)
  from space 1536K, 72% used [0x00000000eaf00000,0x00000000eb017408,0x00000000eb080000)
  to   space 1536K, 0% used [0x00000000eb080000,0x00000000eb080000,0x00000000eb200000)
 ParOldGen       total 185856K, used 185352K [0x00000000c0000000, 0x00000000cb580000, 0x00000000eab00000)
  object space 185856K, 99% used [0x00000000c0000000,0x00000000cb502210,0x00000000cb580000)
 Metaspace       used 56744K, committed 57984K, reserved 1114112K
  class space    used 5916K, committed 6464K, reserved 1048576K
}
Event: 21.124 GC heap before
{Heap before GC invocations=164 (full 2):
 PSYoungGen      total 5632K, used 5213K [0x00000000eab00000, 0x00000000eb200000, 0x0000000100000000)
  eden space 4096K, 100% used [0x00000000eab00000,0x00000000eaf00000,0x00000000eaf00000)
  from space 1536K, 72% used [0x00000000eaf00000,0x00000000eb017408,0x00000000eb080000)
  to   space 1536K, 0% used [0x00000000eb080000,0x00000000eb080000,0x00000000eb200000)
 ParOldGen       total 185856K, used 185352K [0x00000000c0000000, 0x00000000cb580000, 0x00000000eab00000)
  object space 185856K, 99% used [0x00000000c0000000,0x00000000cb502210,0x00000000cb580000)
 Metaspace       used 56817K, committed 58048K, reserved 1114112K
  class space    used 5929K, committed 6464K, reserved 1048576K
}
Event: 21.127 GC heap after
{Heap after GC invocations=164 (full 2):
 PSYoungGen      total 5632K, used 1017K [0x00000000eab00000, 0x00000000eb200000, 0x0000000100000000)
  eden space 4096K, 0% used [0x00000000eab00000,0x00000000eab00000,0x00000000eaf00000)
  from space 1536K, 66% used [0x00000000eb080000,0x00000000eb17e758,0x00000000eb200000)
  to   space 1536K, 0% used [0x00000000eaf00000,0x00000000eaf00000,0x00000000eb080000)
 ParOldGen       total 186368K, used 186314K [0x00000000c0000000, 0x00000000cb600000, 0x00000000eab00000)
  object space 186368K, 99% used [0x00000000c0000000,0x00000000cb5f2a10,0x00000000cb600000)
 Metaspace       used 56817K, committed 58048K, reserved 1114112K
  class space    used 5929K, committed 6464K, reserved 1048576K
}
Event: 21.150 GC heap before
{Heap before GC invocations=165 (full 2):
 PSYoungGen      total 5632K, used 5113K [0x00000000eab00000, 0x00000000eb200000, 0x0000000100000000)
  eden space 4096K, 100% used [0x00000000eab00000,0x00000000eaf00000,0x00000000eaf00000)
  from space 1536K, 66% used [0x00000000eb080000,0x00000000eb17e758,0x00000000eb200000)
  to   space 1536K, 0% used [0x00000000eaf00000,0x00000000eaf00000,0x00000000eb080000)
 ParOldGen       total 186368K, used 186314K [0x00000000c0000000, 0x00000000cb600000, 0x00000000eab00000)
  object space 186368K, 99% used [0x00000000c0000000,0x00000000cb5f2a10,0x00000000cb600000)
 Metaspace       used 57020K, committed 58240K, reserved 1114112K
  class space    used 5941K, committed 6464K, reserved 1048576K
}
Event: 21.152 GC heap after
{Heap after GC invocations=165 (full 2):
 PSYoungGen      total 5120K, used 928K [0x00000000eab00000, 0x00000000eb100000, 0x0000000100000000)
  eden space 4096K, 0% used [0x00000000eab00000,0x00000000eab00000,0x00000000eaf00000)
  from space 1024K, 90% used [0x00000000eaf00000,0x00000000eafe8168,0x00000000eb000000)
  to   space 1024K, 0% used [0x00000000eb000000,0x00000000eb000000,0x00000000eb100000)
 ParOldGen       total 187392K, used 187179K [0x00000000c0000000, 0x00000000cb700000, 0x00000000eab00000)
  object space 187392K, 99% used [0x00000000c0000000,0x00000000cb6cac98,0x00000000cb700000)
 Metaspace       used 57020K, committed 58240K, reserved 1114112K
  class space    used 5941K, committed 6464K, reserved 1048576K
}
Event: 21.171 GC heap before
{Heap before GC invocations=166 (full 2):
 PSYoungGen      total 5120K, used 5024K [0x00000000eab00000, 0x00000000eb100000, 0x0000000100000000)
  eden space 4096K, 100% used [0x00000000eab00000,0x00000000eaf00000,0x00000000eaf00000)
  from space 1024K, 90% used [0x00000000eaf00000,0x00000000eafe8168,0x00000000eb000000)
  to   space 1024K, 0% used [0x00000000eb000000,0x00000000eb000000,0x00000000eb100000)
 ParOldGen       total 187392K, used 187179K [0x00000000c0000000, 0x00000000cb700000, 0x00000000eab00000)
  object space 187392K, 99% used [0x00000000c0000000,0x00000000cb6cac98,0x00000000cb700000)
 Metaspace       used 57262K, committed 58560K, reserved 1114112K
  class space    used 5968K, committed 6528K, reserved 1048576K
}
Event: 21.173 GC heap after
{Heap after GC invocations=166 (full 2):
 PSYoungGen      total 5120K, used 870K [0x00000000eab00000, 0x00000000eb100000, 0x0000000100000000)
  eden space 4096K, 0% used [0x00000000eab00000,0x00000000eab00000,0x00000000eaf00000)
  from space 1024K, 85% used [0x00000000eb000000,0x00000000eb0d9b60,0x00000000eb100000)
  to   space 1024K, 0% used [0x00000000eaf00000,0x00000000eaf00000,0x00000000eb000000)
 ParOldGen       total 188416K, used 187939K [0x00000000c0000000, 0x00000000cb800000, 0x00000000eab00000)
  object space 188416K, 99% used [0x00000000c0000000,0x00000000cb788d78,0x00000000cb800000)
 Metaspace       used 57262K, committed 58560K, reserved 1114112K
  class space    used 5968K, committed 6528K, reserved 1048576K
}
Event: 21.219 GC heap before
{Heap before GC invocations=167 (full 2):
 PSYoungGen      total 5120K, used 4963K [0x00000000eab00000, 0x00000000eb100000, 0x0000000100000000)
  eden space 4096K, 99% used [0x00000000eab00000,0x00000000eaeff418,0x00000000eaf00000)
  from space 1024K, 85% used [0x00000000eb000000,0x00000000eb0d9b60,0x00000000eb100000)
  to   space 1024K, 0% used [0x00000000eaf00000,0x00000000eaf00000,0x00000000eb000000)
 ParOldGen       total 188416K, used 187939K [0x00000000c0000000, 0x00000000cb800000, 0x00000000eab00000)
  object space 188416K, 99% used [0x00000000c0000000,0x00000000cb788d78,0x00000000cb800000)
 Metaspace       used 57502K, committed 58752K, reserved 1114112K
  class space    used 5991K, committed 6528K, reserved 1048576K
}
Event: 21.223 GC heap after
{Heap after GC invocations=167 (full 2):
 PSYoungGen      total 5120K, used 921K [0x00000000eab00000, 0x00000000eb100000, 0x0000000100000000)
  eden space 4096K, 0% used [0x00000000eab00000,0x00000000eab00000,0x00000000eaf00000)
  from space 1024K, 90% used [0x00000000eaf00000,0x00000000eafe66b0,0x00000000eb000000)
  to   space 1024K, 0% used [0x00000000eb000000,0x00000000eb000000,0x00000000eb100000)
 ParOldGen       total 188928K, used 188668K [0x00000000c0000000, 0x00000000cb880000, 0x00000000eab00000)
  object space 188928K, 99% used [0x00000000c0000000,0x00000000cb83f228,0x00000000cb880000)
 Metaspace       used 57502K, committed 58752K, reserved 1114112K
  class space    used 5991K, committed 6528K, reserved 1048576K
}
Event: 21.270 GC heap before
{Heap before GC invocations=168 (full 2):
 PSYoungGen      total 5120K, used 5017K [0x00000000eab00000, 0x00000000eb100000, 0x0000000100000000)
  eden space 4096K, 100% used [0x00000000eab00000,0x00000000eaf00000,0x00000000eaf00000)
  from space 1024K, 90% used [0x00000000eaf00000,0x00000000eafe66b0,0x00000000eb000000)
  to   space 1024K, 0% used [0x00000000eb000000,0x00000000eb000000,0x00000000eb100000)
 ParOldGen       total 188928K, used 188668K [0x00000000c0000000, 0x00000000cb880000, 0x00000000eab00000)
  object space 188928K, 99% used [0x00000000c0000000,0x00000000cb83f228,0x00000000cb880000)
 Metaspace       used 57650K, committed 58880K, reserved 1114112K
  class space    used 5996K, committed 6528K, reserved 1048576K
}
Event: 21.272 GC heap after
{Heap after GC invocations=168 (full 2):
 PSYoungGen      total 5120K, used 875K [0x00000000eab00000, 0x00000000eb100000, 0x0000000100000000)
  eden space 4096K, 0% used [0x00000000eab00000,0x00000000eab00000,0x00000000eaf00000)
  from space 1024K, 85% used [0x00000000eb000000,0x00000000eb0daee0,0x00000000eb100000)
  to   space 1024K, 0% used [0x00000000eaf00000,0x00000000eaf00000,0x00000000eb000000)
 ParOldGen       total 189440K, used 189344K [0x00000000c0000000, 0x00000000cb900000, 0x00000000eab00000)
  object space 189440K, 99% used [0x00000000c0000000,0x00000000cb8e8030,0x00000000cb900000)
 Metaspace       used 57650K, committed 58880K, reserved 1114112K
  class space    used 5996K, committed 6528K, reserved 1048576K
}
Event: 21.309 GC heap before
{Heap before GC invocations=169 (full 2):
 PSYoungGen      total 5120K, used 4971K [0x00000000eab00000, 0x00000000eb100000, 0x0000000100000000)
  eden space 4096K, 100% used [0x00000000eab00000,0x00000000eaf00000,0x00000000eaf00000)
  from space 1024K, 85% used [0x00000000eb000000,0x00000000eb0daee0,0x00000000eb100000)
  to   space 1024K, 0% used [0x00000000eaf00000,0x00000000eaf00000,0x00000000eb000000)
 ParOldGen       total 189440K, used 189344K [0x00000000c0000000, 0x00000000cb900000, 0x00000000eab00000)
  object space 189440K, 99% used [0x00000000c0000000,0x00000000cb8e8030,0x00000000cb900000)
 Metaspace       used 57780K, committed 59072K, reserved 1114112K
  class space    used 6016K, committed 6592K, reserved 1048576K
}
Event: 21.312 GC heap after
{Heap after GC invocations=169 (full 2):
 PSYoungGen      total 5120K, used 1018K [0x00000000eab00000, 0x00000000eb200000, 0x0000000100000000)
  eden space 4096K, 0% used [0x00000000eab00000,0x00000000eab00000,0x00000000eaf00000)
  from space 1024K, 99% used [0x00000000eaf00000,0x00000000eaffeaa8,0x00000000eb000000)
  to   space 1536K, 0% used [0x00000000eb080000,0x00000000eb080000,0x00000000eb200000)
 ParOldGen       total 190464K, used 190024K [0x00000000c0000000, 0x00000000cba00000, 0x00000000eab00000)
  object space 190464K, 99% used [0x00000000c0000000,0x00000000cb992068,0x00000000cba00000)
 Metaspace       used 57780K, committed 59072K, reserved 1114112K
  class space    used 6016K, committed 6592K, reserved 1048576K
}
Event: 21.337 GC heap before
{Heap before GC invocations=170 (full 2):
 PSYoungGen      total 5120K, used 5114K [0x00000000eab00000, 0x00000000eb200000, 0x0000000100000000)
  eden space 4096K, 100% used [0x00000000eab00000,0x00000000eaf00000,0x00000000eaf00000)
  from space 1024K, 99% used [0x00000000eaf00000,0x00000000eaffeaa8,0x00000000eb000000)
  to   space 1536K, 0% used [0x00000000eb080000,0x00000000eb080000,0x00000000eb200000)
 ParOldGen       total 190464K, used 190024K [0x00000000c0000000, 0x00000000cba00000, 0x00000000eab00000)
  object space 190464K, 99% used [0x00000000c0000000,0x00000000cb992068,0x00000000cba00000)
 Metaspace       used 57849K, committed 59136K, reserved 1114112K
  class space    used 6026K, committed 6592K, reserved 1048576K
}
Event: 21.340 GC heap after
{Heap after GC invocations=170 (full 2):
 PSYoungGen      total 5632K, used 1137K [0x00000000eab00000, 0x00000000eb200000, 0x0000000100000000)
  eden space 4096K, 0% used [0x00000000eab00000,0x00000000eab00000,0x00000000eaf00000)
  from space 1536K, 74% used [0x00000000eb080000,0x00000000eb19c568,0x00000000eb200000)
  to   space 1536K, 0% used [0x00000000eaf00000,0x00000000eaf00000,0x00000000eb080000)
 ParOldGen       total 190976K, used 190890K [0x00000000c0000000, 0x00000000cba80000, 0x00000000eab00000)
  object space 190976K, 99% used [0x00000000c0000000,0x00000000cba6ab58,0x00000000cba80000)
 Metaspace       used 57849K, committed 59136K, reserved 1114112K
  class space    used 6026K, committed 6592K, reserved 1048576K
}
Event: 21.389 GC heap before
{Heap before GC invocations=171 (full 2):
 PSYoungGen      total 5632K, used 5233K [0x00000000eab00000, 0x00000000eb200000, 0x0000000100000000)
  eden space 4096K, 100% used [0x00000000eab00000,0x00000000eaf00000,0x00000000eaf00000)
  from space 1536K, 74% used [0x00000000eb080000,0x00000000eb19c568,0x00000000eb200000)
  to   space 1536K, 0% used [0x00000000eaf00000,0x00000000eaf00000,0x00000000eb080000)
 ParOldGen       total 194560K, used 194346K [0x00000000c0000000, 0x00000000cbe00000, 0x00000000eab00000)
  object space 194560K, 99% used [0x00000000c0000000,0x00000000cbdcab60,0x00000000cbe00000)
 Metaspace       used 58145K, committed 59456K, reserved 1114112K
  class space    used 6056K, committed 6592K, reserved 1048576K
}

Dll operation events (10 events):
Event: 0.015 Loaded shared library c:\Users\WINDOWS 11\.vscode\extensions\redhat.java-1.41.1-win32-x64\jre\21.0.6-win32-x86_64\bin\java.dll
Event: 1.325 Loaded shared library c:\Users\WINDOWS 11\.vscode\extensions\redhat.java-1.41.1-win32-x64\jre\21.0.6-win32-x86_64\bin\zip.dll
Event: 1.365 Loaded shared library C:\Users\WINDOWS 11\.vscode\extensions\redhat.java-1.41.1-win32-x64\jre\21.0.6-win32-x86_64\bin\instrument.dll
Event: 1.373 Loaded shared library C:\Users\WINDOWS 11\.vscode\extensions\redhat.java-1.41.1-win32-x64\jre\21.0.6-win32-x86_64\bin\net.dll
Event: 1.377 Loaded shared library C:\Users\WINDOWS 11\.vscode\extensions\redhat.java-1.41.1-win32-x64\jre\21.0.6-win32-x86_64\bin\nio.dll
Event: 1.383 Loaded shared library C:\Users\WINDOWS 11\.vscode\extensions\redhat.java-1.41.1-win32-x64\jre\21.0.6-win32-x86_64\bin\zip.dll
Event: 1.406 Loaded shared library C:\Users\WINDOWS 11\.vscode\extensions\redhat.java-1.41.1-win32-x64\jre\21.0.6-win32-x86_64\bin\jimage.dll
Event: 1.504 Loaded shared library c:\Users\WINDOWS 11\.vscode\extensions\redhat.java-1.41.1-win32-x64\jre\21.0.6-win32-x86_64\bin\verify.dll
Event: 9.628 Loaded shared library C:\Users\WINDOWS 11\AppData\Roaming\Code\User\globalStorage\redhat.java\1.41.1\config_win\org.eclipse.equinox.launcher\org.eclipse.equinox.launcher.win32.win32.x86_64_1.2.1300.v20250331-1702\eclipse_11911.dll
Event: 11.889 Loaded shared library C:\Users\WINDOWS 11\AppData\Local\Temp\jna--1946447619\jna1381921915567533484.dll

Deoptimization events (20 events):
Event: 21.226 Thread 0x00000183e931ed50 DEOPT PACKING pc=0x00000183d8b65c00 sp=0x0000003ee88fe550
Event: 21.226 Thread 0x00000183e931ed50 DEOPT UNPACKING pc=0x00000183d8333aa2 sp=0x0000003ee88fe540 mode 2
Event: 21.251 Thread 0x00000183e931ed50 DEOPT PACKING pc=0x00000183d1b0e4b1 sp=0x0000003ee88fe440
Event: 21.251 Thread 0x00000183e931ed50 DEOPT UNPACKING pc=0x00000183d8334242 sp=0x0000003ee88fd960 mode 0
Event: 21.275 Thread 0x00000183eb3d0750 DEOPT PACKING pc=0x00000183d1d2787b sp=0x0000003ee9cf8ff0
Event: 21.275 Thread 0x00000183eb3d0750 DEOPT UNPACKING pc=0x00000183d8334242 sp=0x0000003ee9cf84b8 mode 0
Event: 21.276 Thread 0x00000183e93214b0 DEOPT PACKING pc=0x00000183d1d1fd3b sp=0x0000003ee86fe470
Event: 21.276 Thread 0x00000183e93214b0 DEOPT UNPACKING pc=0x00000183d8334242 sp=0x0000003ee86fd9a8 mode 0
Event: 21.303 Thread 0x00000183e9320e20 DEOPT PACKING pc=0x00000183d17c9235 sp=0x0000003ee83fd840
Event: 21.303 Thread 0x00000183e9320e20 DEOPT UNPACKING pc=0x00000183d8334242 sp=0x0000003ee83fcd50 mode 0
Event: 21.304 Thread 0x00000183eb3d0750 Uncommon trap: trap_request=0xffffff45 fr.pc=0x00000183d8b71074 relative=0x0000000000005654
Event: 21.304 Thread 0x00000183eb3d0750 Uncommon trap: reason=unstable_if action=reinterpret pc=0x00000183d8b71074 method=java.util.concurrent.ConcurrentHashMap.get(Ljava/lang/Object;)Ljava/lang/Object; @ 86 c2
Event: 21.304 Thread 0x00000183eb3d0750 DEOPT PACKING pc=0x00000183d8b71074 sp=0x0000003ee9cfe700
Event: 21.304 Thread 0x00000183eb3d0750 DEOPT UNPACKING pc=0x00000183d8333aa2 sp=0x0000003ee9cfe538 mode 2
Event: 21.327 Thread 0x00000183e93214b0 DEOPT PACKING pc=0x00000183d1d1fd3b sp=0x0000003ee86fe470
Event: 21.327 Thread 0x00000183e93214b0 DEOPT UNPACKING pc=0x00000183d8334242 sp=0x0000003ee86fd9a8 mode 0
Event: 21.382 Thread 0x00000183e931ed50 DEOPT PACKING pc=0x00000183d1d1fd3b sp=0x0000003ee88fe6a0
Event: 21.382 Thread 0x00000183e931ed50 DEOPT UNPACKING pc=0x00000183d8334242 sp=0x0000003ee88fdbd8 mode 0
Event: 21.385 Thread 0x00000183e931ed50 DEOPT PACKING pc=0x00000183d17e6bc6 sp=0x0000003ee88fe1e0
Event: 21.385 Thread 0x00000183e931ed50 DEOPT UNPACKING pc=0x00000183d8334242 sp=0x0000003ee88fd760 mode 0

Classes loaded (20 events):
Event: 21.112 Loading class java/util/concurrent/CompletableFuture$UniApply
Event: 21.112 Loading class java/util/concurrent/CompletableFuture$UniCompletion
Event: 21.112 Loading class java/util/concurrent/CompletableFuture$UniCompletion done
Event: 21.113 Loading class java/util/concurrent/CompletableFuture$UniApply done
Event: 21.114 Loading class java/util/concurrent/CompletableFuture$UniAccept
Event: 21.114 Loading class java/util/concurrent/CompletableFuture$UniAccept done
Event: 21.114 Loading class java/util/concurrent/CompletableFuture$UniExceptionally
Event: 21.114 Loading class java/util/concurrent/CompletableFuture$UniExceptionally done
Event: 21.160 Loading class java/util/Hashtable$KeySet
Event: 21.161 Loading class java/util/Hashtable$KeySet done
Event: 21.301 Loading class java/util/stream/ReduceOps$5
Event: 21.301 Loading class java/util/stream/ReduceOps$5 done
Event: 21.313 Loading class java/util/stream/ReduceOps$CountingSink$OfRef
Event: 21.313 Loading class java/util/stream/ReduceOps$CountingSink
Event: 21.313 Loading class java/util/stream/ReduceOps$CountingSink done
Event: 21.313 Loading class java/util/stream/ReduceOps$CountingSink$OfRef done
Event: 21.359 Loading class java/util/stream/ReduceOps$1
Event: 21.359 Loading class java/util/stream/ReduceOps$1 done
Event: 21.359 Loading class java/util/stream/ReduceOps$1ReducingSink
Event: 21.359 Loading class java/util/stream/ReduceOps$1ReducingSink done

Classes unloaded (19 events):
Event: 12.881 Thread 0x00000183cdc7e9f0 Unloading class 0x0000018381192c00 'java/lang/invoke/LambdaForm$MH+0x0000018381192c00'
Event: 12.881 Thread 0x00000183cdc7e9f0 Unloading class 0x0000018381192800 'java/lang/invoke/LambdaForm$MH+0x0000018381192800'
Event: 12.881 Thread 0x00000183cdc7e9f0 Unloading class 0x0000018381192400 'java/lang/invoke/LambdaForm$MH+0x0000018381192400'
Event: 12.881 Thread 0x00000183cdc7e9f0 Unloading class 0x0000018381192000 'java/lang/invoke/LambdaForm$MH+0x0000018381192000'
Event: 12.881 Thread 0x00000183cdc7e9f0 Unloading class 0x0000018381191c00 'java/lang/invoke/LambdaForm$BMH+0x0000018381191c00'
Event: 12.881 Thread 0x00000183cdc7e9f0 Unloading class 0x0000018381191800 'java/lang/invoke/LambdaForm$DMH+0x0000018381191800'
Event: 12.881 Thread 0x00000183cdc7e9f0 Unloading class 0x0000018381190400 'java/lang/invoke/LambdaForm$DMH+0x0000018381190400'
Event: 14.690 Thread 0x00000183cdc7e9f0 Unloading class 0x0000018381310400 'java/lang/invoke/LambdaForm$MH+0x0000018381310400'
Event: 14.690 Thread 0x00000183cdc7e9f0 Unloading class 0x000001838130fc00 'java/lang/invoke/LambdaForm$MH+0x000001838130fc00'
Event: 14.690 Thread 0x00000183cdc7e9f0 Unloading class 0x000001838130f400 'java/lang/invoke/LambdaForm$MH+0x000001838130f400'
Event: 14.690 Thread 0x00000183cdc7e9f0 Unloading class 0x000001838130f000 'java/lang/invoke/LambdaForm$MH+0x000001838130f000'
Event: 14.690 Thread 0x00000183cdc7e9f0 Unloading class 0x000001838130e800 'java/lang/invoke/LambdaForm$DMH+0x000001838130e800'
Event: 14.690 Thread 0x00000183cdc7e9f0 Unloading class 0x000001838130dc00 'java/lang/invoke/LambdaForm$MH+0x000001838130dc00'
Event: 14.690 Thread 0x00000183cdc7e9f0 Unloading class 0x000001838130a400 'java/lang/invoke/LambdaForm$MH+0x000001838130a400'
Event: 14.690 Thread 0x00000183cdc7e9f0 Unloading class 0x0000018381309c00 'java/lang/invoke/LambdaForm$MH+0x0000018381309c00'
Event: 14.690 Thread 0x00000183cdc7e9f0 Unloading class 0x0000018381309400 'java/lang/invoke/LambdaForm$MH+0x0000018381309400'
Event: 14.690 Thread 0x00000183cdc7e9f0 Unloading class 0x0000018381309000 'java/lang/invoke/LambdaForm$MH+0x0000018381309000'
Event: 14.690 Thread 0x00000183cdc7e9f0 Unloading class 0x0000018381308400 'java/lang/invoke/LambdaForm$MH+0x0000018381308400'
Event: 14.690 Thread 0x00000183cdc7e9f0 Unloading class 0x0000018381308000 'java/lang/invoke/LambdaForm$MH+0x0000018381308000'

Classes redefined (0 events):
No events

Internal exceptions (20 events):
Event: 21.195 Thread 0x00000183e931ed50 Exception <a 'sun/nio/fs/WindowsException'{0x00000000eae41db0}> (0x00000000eae41db0) 
thrown [s\src\hotspot\share\prims\jni.cpp, line 520]
Event: 21.195 Thread 0x00000183e931ed50 Exception <a 'sun/nio/fs/WindowsException'{0x00000000eae423e0}> (0x00000000eae423e0) 
thrown [s\src\hotspot\share\prims\jni.cpp, line 520]
Event: 21.236 Thread 0x00000183e931ed50 Exception <a 'sun/nio/fs/WindowsException'{0x00000000eac60978}> (0x00000000eac60978) 
thrown [s\src\hotspot\share\prims\jni.cpp, line 520]
Event: 21.236 Thread 0x00000183e931ed50 Exception <a 'sun/nio/fs/WindowsException'{0x00000000eac60fa8}> (0x00000000eac60fa8) 
thrown [s\src\hotspot\share\prims\jni.cpp, line 520]
Event: 21.238 Thread 0x00000183e931ed50 Exception <a 'sun/nio/fs/WindowsException'{0x00000000eac61bb0}> (0x00000000eac61bb0) 
thrown [s\src\hotspot\share\prims\jni.cpp, line 520]
Event: 21.238 Thread 0x00000183e931ed50 Exception <a 'sun/nio/fs/WindowsException'{0x00000000eac621e0}> (0x00000000eac621e0) 
thrown [s\src\hotspot\share\prims\jni.cpp, line 520]
Event: 21.238 Thread 0x00000183e931ed50 Exception <a 'sun/nio/fs/WindowsException'{0x00000000eac634e0}> (0x00000000eac634e0) 
thrown [s\src\hotspot\share\prims\jni.cpp, line 520]
Event: 21.238 Thread 0x00000183e931ed50 Exception <a 'sun/nio/fs/WindowsException'{0x00000000eac63b10}> (0x00000000eac63b10) 
thrown [s\src\hotspot\share\prims\jni.cpp, line 520]
Event: 21.247 Thread 0x00000183e931ed50 Exception <a 'sun/nio/fs/WindowsException'{0x00000000eaccf930}> (0x00000000eaccf930) 
thrown [s\src\hotspot\share\prims\jni.cpp, line 520]
Event: 21.247 Thread 0x00000183e931ed50 Exception <a 'sun/nio/fs/WindowsException'{0x00000000eaccff60}> (0x00000000eaccff60) 
thrown [s\src\hotspot\share\prims\jni.cpp, line 520]
Event: 21.247 Thread 0x00000183e931ed50 Exception <a 'sun/nio/fs/WindowsException'{0x00000000eacd0b68}> (0x00000000eacd0b68) 
thrown [s\src\hotspot\share\prims\jni.cpp, line 520]
Event: 21.248 Thread 0x00000183e931ed50 Exception <a 'sun/nio/fs/WindowsException'{0x00000000eacd1198}> (0x00000000eacd1198) 
thrown [s\src\hotspot\share\prims\jni.cpp, line 520]
Event: 21.248 Thread 0x00000183e931ed50 Exception <a 'sun/nio/fs/WindowsException'{0x00000000eacd2498}> (0x00000000eacd2498) 
thrown [s\src\hotspot\share\prims\jni.cpp, line 520]
Event: 21.248 Thread 0x00000183e931ed50 Exception <a 'sun/nio/fs/WindowsException'{0x00000000eacd2d20}> (0x00000000eacd2d20) 
thrown [s\src\hotspot\share\prims\jni.cpp, line 520]
Event: 21.304 Thread 0x00000183eb3d0750 Exception <a 'java/lang/IncompatibleClassChangeError'{0x00000000eaea7790}: Found class java.lang.Object, but interface was expected> (0x00000000eaea7790) 
thrown [s\src\hotspot\share\interpreter\linkResolver.cpp, line 840]
Event: 21.314 Thread 0x00000183eb3d0750 Exception <a 'java/lang/IncompatibleClassChangeError'{0x00000000eab24a08}: Found class java.lang.Object, but interface was expected> (0x00000000eab24a08) 
thrown [s\src\hotspot\share\interpreter\linkResolver.cpp, line 840]
Event: 21.316 Thread 0x00000183e931ed50 Exception <a 'sun/nio/fs/WindowsException'{0x00000000eab29340}> (0x00000000eab29340) 
thrown [s\src\hotspot\share\prims\jni.cpp, line 520]
Event: 21.316 Thread 0x00000183e931ed50 Exception <a 'sun/nio/fs/WindowsException'{0x00000000eab29970}> (0x00000000eab29970) 
thrown [s\src\hotspot\share\prims\jni.cpp, line 520]
Event: 21.319 Thread 0x00000183e9320e20 Exception <a 'java/lang/NoSuchMethodError'{0x00000000eac09b58}: 'java.lang.Object java.lang.invoke.DirectMethodHandle$Holder.invokeSpecial(java.lang.Object, java.lang.Object, int, long)'> (0x00000000eac09b58) 
thrown [s\src\hotspot\share\interpreter\linkResolver.cpp, line 773]
Event: 21.370 Thread 0x00000183eb3d76e0 Exception <a 'java/lang/ArrayIndexOutOfBoundsException'{0x00000000eae28628}> (0x00000000eae28628) 
thrown [s\src\hotspot\share\runtime\sharedRuntime.cpp, line 625]

ZGC Phase Switch (0 events):
No events

VM Operations (20 events):
Event: 21.107 Executing VM operation: ParallelGCFailedAllocation (Allocation Failure) done
Event: 21.124 Executing VM operation: ParallelGCFailedAllocation (Allocation Failure)
Event: 21.127 Executing VM operation: ParallelGCFailedAllocation (Allocation Failure) done
Event: 21.150 Executing VM operation: ParallelGCFailedAllocation (Allocation Failure)
Event: 21.152 Executing VM operation: ParallelGCFailedAllocation (Allocation Failure) done
Event: 21.170 Executing VM operation: ParallelGCFailedAllocation (Allocation Failure)
Event: 21.173 Executing VM operation: ParallelGCFailedAllocation (Allocation Failure) done
Event: 21.213 Executing VM operation: HandshakeAllThreads (Deoptimize)
Event: 21.213 Executing VM operation: HandshakeAllThreads (Deoptimize) done
Event: 21.216 Executing VM operation: ParallelGCFailedAllocation (Allocation Failure)
Event: 21.223 Executing VM operation: ParallelGCFailedAllocation (Allocation Failure) done
Event: 21.269 Executing VM operation: ParallelGCFailedAllocation (Allocation Failure)
Event: 21.272 Executing VM operation: ParallelGCFailedAllocation (Allocation Failure) done
Event: 21.304 Executing VM operation: HandshakeAllThreads (Deoptimize)
Event: 21.308 Executing VM operation: HandshakeAllThreads (Deoptimize) done
Event: 21.309 Executing VM operation: ParallelGCFailedAllocation (Allocation Failure)
Event: 21.312 Executing VM operation: ParallelGCFailedAllocation (Allocation Failure) done
Event: 21.336 Executing VM operation: ParallelGCFailedAllocation (Allocation Failure)
Event: 21.340 Executing VM operation: ParallelGCFailedAllocation (Allocation Failure) done
Event: 21.386 Executing VM operation: ParallelGCFailedAllocation (Allocation Failure)

Memory protections (0 events):
No events

Nmethod flushes (20 events):
Event: 14.709 Thread 0x00000183cdc7e9f0 flushing  nmethod 0x00000183d1426a90
Event: 14.709 Thread 0x00000183cdc7e9f0 flushing  nmethod 0x00000183d1427210
Event: 14.709 Thread 0x00000183cdc7e9f0 flushing  nmethod 0x00000183d1428790
Event: 14.709 Thread 0x00000183cdc7e9f0 flushing  nmethod 0x00000183d1429090
Event: 14.709 Thread 0x00000183cdc7e9f0 flushing  nmethod 0x00000183d1429990
Event: 14.709 Thread 0x00000183cdc7e9f0 flushing  nmethod 0x00000183d142b190
Event: 14.709 Thread 0x00000183cdc7e9f0 flushing  nmethod 0x00000183d142bb90
Event: 14.709 Thread 0x00000183cdc7e9f0 flushing  nmethod 0x00000183d142c510
Event: 14.709 Thread 0x00000183cdc7e9f0 flushing  nmethod 0x00000183d142cd10
Event: 14.709 Thread 0x00000183cdc7e9f0 flushing  nmethod 0x00000183d1437790
Event: 14.709 Thread 0x00000183cdc7e9f0 flushing  nmethod 0x00000183d1446b90
Event: 14.709 Thread 0x00000183cdc7e9f0 flushing  nmethod 0x00000183d144fb90
Event: 14.709 Thread 0x00000183cdc7e9f0 flushing  nmethod 0x00000183d145b210
Event: 14.709 Thread 0x00000183cdc7e9f0 flushing  nmethod 0x00000183d145b510
Event: 14.709 Thread 0x00000183cdc7e9f0 flushing  nmethod 0x00000183d146ff90
Event: 14.709 Thread 0x00000183cdc7e9f0 flushing  nmethod 0x00000183d14a3790
Event: 14.709 Thread 0x00000183cdc7e9f0 flushing  nmethod 0x00000183d14a4390
Event: 14.709 Thread 0x00000183cdc7e9f0 flushing  nmethod 0x00000183d14d4810
Event: 14.709 Thread 0x00000183cdc7e9f0 flushing  nmethod 0x00000183d14f5b90
Event: 14.709 Thread 0x00000183cdc7e9f0 flushing  nmethod 0x00000183d1515490

Events (20 events):
Event: 14.481 Thread 0x00000183cdbbf050 Thread added: 0x00000183ebff7250
Event: 14.481 Thread 0x00000183cdbbf050 Thread added: 0x00000183ebff78e0
Event: 14.481 Thread 0x00000183cdbbf050 Thread added: 0x00000183eb3d1470
Event: 14.482 Thread 0x00000183cdbbf050 Thread added: 0x00000183eb3d3bd0
Event: 14.482 Thread 0x00000183cdbbf050 Thread added: 0x00000183eb3d0de0
Event: 14.482 Thread 0x00000183cdbbf050 Thread added: 0x00000183eb3d1b00
Event: 14.522 Thread 0x00000183cdbbf050 Thread added: 0x00000183eb3d2190
Event: 14.900 Thread 0x00000183cdbbf050 Thread added: 0x00000183eb3d2820
Event: 14.901 Thread 0x00000183cdbbf050 Thread added: 0x00000183eb3d0750
Event: 17.801 Thread 0x00000183e93a2320 Thread exited: 0x00000183e93a2320
Event: 18.068 Thread 0x00000183e931fa70 Thread added: 0x00000183eb3d4f80
Event: 18.094 Thread 0x00000183eb3d4f80 Thread added: 0x00000183eb3d5610
Event: 18.095 Thread 0x00000183eb3d5610 Thread added: 0x00000183eb3d3540
Event: 18.095 Thread 0x00000183eb3d3540 Thread added: 0x00000183eb3d5ca0
Event: 18.096 Thread 0x00000183eb3d5ca0 Thread added: 0x00000183eb3d6330
Event: 21.114 Thread 0x00000183eb3d0750 Thread added: 0x00000183eb3d7d70
Event: 21.119 Thread 0x00000183eb3d0750 Thread added: 0x00000183eb3d69c0
Event: 21.302 Thread 0x00000183eb3d0750 Thread added: 0x00000183eb3d7050
Event: 21.314 Thread 0x00000183eb3d7050 Thread added: 0x00000183eb3d76e0
Event: 21.335 Thread 0x00000183eb3d7050 Thread added: 0x00000183e887eec0


Dynamic libraries:
0x00007ff662440000 - 0x00007ff66244e000 	c:\Users\WINDOWS 11\.vscode\extensions\redhat.java-1.41.1-win32-x64\jre\21.0.6-win32-x86_64\bin\java.exe
0x00007ff98c880000 - 0x00007ff98cae3000 	C:\WINDOWS\SYSTEM32\ntdll.dll
0x00007ff98aa80000 - 0x00007ff98ab47000 	C:\WINDOWS\System32\KERNEL32.DLL
0x00007ff989e10000 - 0x00007ff98a1d7000 	C:\WINDOWS\System32\KERNELBASE.dll
0x00007ff98a280000 - 0x00007ff98a3cc000 	C:\WINDOWS\System32\ucrtbase.dll
0x00007ff97d6e0000 - 0x00007ff97d6f8000 	c:\Users\WINDOWS 11\.vscode\extensions\redhat.java-1.41.1-win32-x64\jre\21.0.6-win32-x86_64\bin\jli.dll
0x00007ff97ce60000 - 0x00007ff97ce7e000 	c:\Users\WINDOWS 11\.vscode\extensions\redhat.java-1.41.1-win32-x64\jre\21.0.6-win32-x86_64\bin\VCRUNTIME140.dll
0x00007ff98ab50000 - 0x00007ff98ad19000 	C:\WINDOWS\System32\USER32.dll
0x00007ff977820000 - 0x00007ff977ab0000 	C:\WINDOWS\WinSxS\amd64_microsoft.windows.common-controls_6595b64144ccf1df_6.0.26100.3037_none_3e09262ce333c378\COMCTL32.dll
0x00007ff98a3d0000 - 0x00007ff98a3f7000 	C:\WINDOWS\System32\win32u.dll
0x00007ff98a830000 - 0x00007ff98a8d9000 	C:\WINDOWS\System32\msvcrt.dll
0x00007ff98c300000 - 0x00007ff98c32a000 	C:\WINDOWS\System32\GDI32.dll
0x00007ff989c20000 - 0x00007ff989d4b000 	C:\WINDOWS\System32\gdi32full.dll
0x00007ff98a610000 - 0x00007ff98a6b3000 	C:\WINDOWS\System32\msvcp_win.dll
0x00007ff98bd70000 - 0x00007ff98bd9f000 	C:\WINDOWS\System32\IMM32.DLL
0x00007ff985bb0000 - 0x00007ff985bbc000 	c:\Users\WINDOWS 11\.vscode\extensions\redhat.java-1.41.1-win32-x64\jre\21.0.6-win32-x86_64\bin\vcruntime140_1.dll
0x00007ff95c750000 - 0x00007ff95c7dd000 	c:\Users\WINDOWS 11\.vscode\extensions\redhat.java-1.41.1-win32-x64\jre\21.0.6-win32-x86_64\bin\msvcp140.dll
0x00007ff932a60000 - 0x00007ff9337f0000 	c:\Users\WINDOWS 11\.vscode\extensions\redhat.java-1.41.1-win32-x64\jre\21.0.6-win32-x86_64\bin\server\jvm.dll
0x00007ff98bdb0000 - 0x00007ff98be64000 	C:\WINDOWS\System32\ADVAPI32.dll
0x00007ff98c740000 - 0x00007ff98c7e6000 	C:\WINDOWS\System32\sechost.dll
0x00007ff98afb0000 - 0x00007ff98b0c6000 	C:\WINDOWS\System32\RPCRT4.dll
0x00007ff98a6d0000 - 0x00007ff98a744000 	C:\WINDOWS\System32\WS2_32.dll
0x00007ff989ab0000 - 0x00007ff989afe000 	C:\WINDOWS\SYSTEM32\POWRPROF.dll
0x00007ff983540000 - 0x00007ff98354b000 	C:\WINDOWS\SYSTEM32\VERSION.dll
0x00007ff983500000 - 0x00007ff983536000 	C:\WINDOWS\SYSTEM32\WINMM.dll
0x00007ff989a90000 - 0x00007ff989aa4000 	C:\WINDOWS\SYSTEM32\UMPDC.dll
0x00007ff988a50000 - 0x00007ff988a6a000 	C:\WINDOWS\SYSTEM32\kernel.appcore.dll
0x00007ff9845b0000 - 0x00007ff9845ba000 	c:\Users\WINDOWS 11\.vscode\extensions\redhat.java-1.41.1-win32-x64\jre\21.0.6-win32-x86_64\bin\jimage.dll
0x00007ff987440000 - 0x00007ff987681000 	C:\WINDOWS\SYSTEM32\DBGHELP.DLL
0x00007ff98c3b0000 - 0x00007ff98c72e000 	C:\WINDOWS\System32\combase.dll
0x00007ff98a750000 - 0x00007ff98a826000 	C:\WINDOWS\System32\OLEAUT32.dll
0x00007ff96da30000 - 0x00007ff96da69000 	C:\WINDOWS\SYSTEM32\dbgcore.DLL
0x00007ff98a1e0000 - 0x00007ff98a279000 	C:\WINDOWS\System32\bcryptPrimitives.dll
0x00007ff984590000 - 0x00007ff98459f000 	c:\Users\WINDOWS 11\.vscode\extensions\redhat.java-1.41.1-win32-x64\jre\21.0.6-win32-x86_64\bin\instrument.dll
0x00007ff97adb0000 - 0x00007ff97adcf000 	c:\Users\WINDOWS 11\.vscode\extensions\redhat.java-1.41.1-win32-x64\jre\21.0.6-win32-x86_64\bin\java.dll
0x00007ff98b660000 - 0x00007ff98bd64000 	C:\WINDOWS\System32\SHELL32.dll
0x00007ff9878f0000 - 0x00007ff988127000 	C:\WINDOWS\SYSTEM32\windows.storage.dll
0x00007ff98a990000 - 0x00007ff98aa79000 	C:\WINDOWS\System32\SHCORE.dll
0x00007ff98c350000 - 0x00007ff98c3ad000 	C:\WINDOWS\System32\shlwapi.dll
0x00007ff989b30000 - 0x00007ff989b5e000 	C:\WINDOWS\SYSTEM32\profapi.dll
0x00007ff9759e0000 - 0x00007ff9759f8000 	c:\Users\WINDOWS 11\.vscode\extensions\redhat.java-1.41.1-win32-x64\jre\21.0.6-win32-x86_64\bin\zip.dll
0x00007ff983300000 - 0x00007ff983310000 	C:\Users\WINDOWS 11\.vscode\extensions\redhat.java-1.41.1-win32-x64\jre\21.0.6-win32-x86_64\bin\net.dll
0x00007ff980ff0000 - 0x00007ff98110e000 	C:\WINDOWS\SYSTEM32\WINHTTP.dll
0x00007ff988f60000 - 0x00007ff988fca000 	C:\WINDOWS\system32\mswsock.dll
0x00007ff972c50000 - 0x00007ff972c66000 	C:\Users\WINDOWS 11\.vscode\extensions\redhat.java-1.41.1-win32-x64\jre\21.0.6-win32-x86_64\bin\nio.dll
0x00007ff9832c0000 - 0x00007ff9832d0000 	c:\Users\WINDOWS 11\.vscode\extensions\redhat.java-1.41.1-win32-x64\jre\21.0.6-win32-x86_64\bin\verify.dll
0x00007ff95ee80000 - 0x00007ff95eec5000 	C:\Users\WINDOWS 11\AppData\Roaming\Code\User\globalStorage\redhat.java\1.41.1\config_win\org.eclipse.equinox.launcher\org.eclipse.equinox.launcher.win32.win32.x86_64_1.2.1300.v20250331-1702\eclipse_11911.dll
0x00007ff98b260000 - 0x00007ff98b3f5000 	C:\WINDOWS\System32\ole32.dll
0x00007ff989200000 - 0x00007ff98921c000 	C:\WINDOWS\SYSTEM32\CRYPTSP.dll
0x00007ff9889b0000 - 0x00007ff9889e8000 	C:\WINDOWS\system32\rsaenh.dll
0x00007ff989000000 - 0x00007ff98902b000 	C:\WINDOWS\SYSTEM32\USERENV.dll
0x00007ff9893d0000 - 0x00007ff9893f6000 	C:\WINDOWS\SYSTEM32\bcrypt.dll
0x00007ff989220000 - 0x00007ff98922c000 	C:\WINDOWS\SYSTEM32\CRYPTBASE.dll
0x00007ff988500000 - 0x00007ff988532000 	C:\WINDOWS\SYSTEM32\IPHLPAPI.DLL
0x00007ff98ae00000 - 0x00007ff98ae0a000 	C:\WINDOWS\System32\NSI.dll
0x00007ff95e210000 - 0x00007ff95e259000 	C:\Users\WINDOWS 11\AppData\Local\Temp\jna--1946447619\jna1381921915567533484.dll
0x00007ff98a6c0000 - 0x00007ff98a6c8000 	C:\WINDOWS\System32\PSAPI.DLL
0x00007ff97fdc0000 - 0x00007ff97fddf000 	C:\WINDOWS\SYSTEM32\dhcpcsvc6.DLL
0x00007ff97fc20000 - 0x00007ff97fc45000 	C:\WINDOWS\SYSTEM32\dhcpcsvc.DLL

dbghelp: loaded successfully - version: 4.0.5 - missing functions: none
symbol engine: initialized successfully - sym options: 0x614 - pdb path: .;c:\Users\WINDOWS 11\.vscode\extensions\redhat.java-1.41.1-win32-x64\jre\21.0.6-win32-x86_64\bin;C:\WINDOWS\SYSTEM32;C:\WINDOWS\WinSxS\amd64_microsoft.windows.common-controls_6595b64144ccf1df_6.0.26100.3037_none_3e09262ce333c378;c:\Users\WINDOWS 11\.vscode\extensions\redhat.java-1.41.1-win32-x64\jre\21.0.6-win32-x86_64\bin\server;C:\Users\WINDOWS 11\AppData\Roaming\Code\User\globalStorage\redhat.java\1.41.1\config_win\org.eclipse.equinox.launcher\org.eclipse.equinox.launcher.win32.win32.x86_64_1.2.1300.v20250331-1702;C:\Users\WINDOWS 11\AppData\Local\Temp\jna--1946447619

VM Arguments:
jvm_args: --add-modules=ALL-SYSTEM --add-opens=java.base/java.util=ALL-UNNAMED --add-opens=java.base/java.lang=ALL-UNNAMED --add-opens=java.base/sun.nio.fs=ALL-UNNAMED -Declipse.application=org.eclipse.jdt.ls.core.id1 -Dosgi.bundles.defaultStartLevel=4 -Declipse.product=org.eclipse.jdt.ls.core.product -Djava.import.generatesMetadataFilesAtProjectRoot=false -DDetectVMInstallationsJob.disabled=true -Dfile.encoding=utf8 -XX:+UseParallelGC -XX:GCTimeRatio=4 -XX:AdaptiveSizePolicyWeight=90 -Dsun.zip.disableMemoryMapping=true -Xmx1G -Xms100m -Xlog:disable -javaagent:c:\Users\WINDOWS 11\.vscode\extensions\redhat.java-1.41.1-win32-x64\lombok\lombok-1.18.36.jar -XX:+HeapDumpOnOutOfMemoryError -XX:HeapDumpPath=c:\Users\WINDOWS 11\AppData\Roaming\Code\User\workspaceStorage\1caed8da914c0b823e241647f7c39afd\redhat.java -Daether.dependencyCollector.impl=bf 
java_command: c:\Users\WINDOWS 11\.vscode\extensions\redhat.java-1.41.1-win32-x64\server\plugins\org.eclipse.equinox.launcher_1.7.0.v20250331-1702.jar -configuration c:\Users\WINDOWS 11\AppData\Roaming\Code\User\globalStorage\redhat.java\1.41.1\config_win -data c:\Users\WINDOWS 11\AppData\Roaming\Code\User\workspaceStorage\1caed8da914c0b823e241647f7c39afd\redhat.java\jdt_ws --pipe=\\.\pipe\lsp-71b105a2771d99bc3d5995a7dcf7bd74-sock
java_class_path (initial): c:\Users\WINDOWS 11\.vscode\extensions\redhat.java-1.41.1-win32-x64\server\plugins\org.eclipse.equinox.launcher_1.7.0.v20250331-1702.jar
Launcher Type: SUN_STANDARD

[Global flags]
    uintx AdaptiveSizePolicyWeight                 = 90                                        {product} {command line}
     intx CICompilerCount                          = 4                                         {product} {ergonomic}
    uintx GCTimeRatio                              = 4                                         {product} {command line}
     bool HeapDumpOnOutOfMemoryError               = true                                   {manageable} {command line}
    ccstr HeapDumpPath                             = c:\Users\WINDOWS 11\AppData\Roaming\Code\User\workspaceStorage\1caed8da914c0b823e241647f7c39afd\redhat.java         {manageable} {command line}
   size_t InitialHeapSize                          = 104857600                                 {product} {command line}
   size_t MaxHeapSize                              = 1073741824                                {product} {command line}
   size_t MaxNewSize                               = 357564416                                 {product} {ergonomic}
   size_t MinHeapDeltaBytes                        = 524288                                    {product} {ergonomic}
   size_t MinHeapSize                              = 104857600                                 {product} {command line}
   size_t NewSize                                  = 34603008                                  {product} {ergonomic}
    uintx NonNMethodCodeHeapSize                   = 5839372                                {pd product} {ergonomic}
    uintx NonProfiledCodeHeapSize                  = 122909434                              {pd product} {ergonomic}
   size_t OldSize                                  = 70254592                                  {product} {ergonomic}
    uintx ProfiledCodeHeapSize                     = 122909434                              {pd product} {ergonomic}
    uintx ReservedCodeCacheSize                    = 251658240                              {pd product} {ergonomic}
     bool SegmentedCodeCache                       = true                                      {product} {ergonomic}
   size_t SoftMaxHeapSize                          = 1073741824                             {manageable} {ergonomic}
     bool UseCompressedOops                        = true                           {product lp64_product} {ergonomic}
     bool UseLargePagesIndividualAllocation        = false                                  {pd product} {ergonomic}
     bool UseParallelGC                            = true                                      {product} {command line}

Logging:
Log output configuration:
 #0: stdout all=off uptime,level,tags foldmultilines=false
 #1: stderr all=off uptime,level,tags foldmultilines=false

Environment Variables:
PATH=C:\Program Files\Java\jdk-23\bin;C:\WINDOWS\system32;C:\WINDOWS;C:\WINDOWS\System32\Wbem;C:\WINDOWS\System32\WindowsPowerShell\v1.0\;C:\WINDOWS\System32\OpenSSH\;C:\Program Files\Git\cmd;C:\Users\WINDOWS 11\AppData\Local\Microsoft\WindowsApps;C:\Users\WINDOWS 11\AppData\Local\Programs\Microsoft VS Code\bin;
USERNAME=WINDOWS 11
OS=Windows_NT
PROCESSOR_IDENTIFIER=AMD64 Family 25 Model 80 Stepping 0, AuthenticAMD
TMP=C:\Users\WINDOW~1\AppData\Local\Temp
TEMP=C:\Users\WINDOW~1\AppData\Local\Temp




Periodic native trim disabled

---------------  S Y S T E M  ---------------

OS:
 Windows 11 , 64 bit Build 26100 (10.0.26100.3037)
OS uptime: 0 days 10:26 hours
Hyper-V role detected

CPU: total 12 (initial active 12) (12 cores per cpu, 2 threads per core) family 25 model 80 stepping 0 microcode 0xa50000d, cx8, cmov, fxsr, ht, mmx, 3dnowpref, sse, sse2, sse3, ssse3, sse4a, sse4.1, sse4.2, popcnt, lzcnt, tsc, tscinvbit, avx, avx2, aes, erms, clmul, bmi1, bmi2, adx, sha, fma, vzeroupper, clflush, clflushopt, hv, rdtscp, rdpid, fsrm, f16c, cet_ss
Processor Information for processor 0
  Max Mhz: 3301, Current Mhz: 1908, Mhz Limit: 3301
Processor Information for processor 1
  Max Mhz: 3301, Current Mhz: 1805, Mhz Limit: 3301
Processor Information for processor 2
  Max Mhz: 3301, Current Mhz: 1805, Mhz Limit: 3301
Processor Information for processor 3
  Max Mhz: 3301, Current Mhz: 1908, Mhz Limit: 3301
Processor Information for processor 4
  Max Mhz: 3301, Current Mhz: 1908, Mhz Limit: 3301
Processor Information for processor 5
  Max Mhz: 3301, Current Mhz: 1805, Mhz Limit: 3301
Processor Information for processor 6
  Max Mhz: 3301, Current Mhz: 1805, Mhz Limit: 3301
Processor Information for processor 7
  Max Mhz: 3301, Current Mhz: 1805, Mhz Limit: 3301
Processor Information for processor 8
  Max Mhz: 3301, Current Mhz: 1908, Mhz Limit: 3301
Processor Information for processor 9
  Max Mhz: 3301, Current Mhz: 1805, Mhz Limit: 3301
Processor Information for processor 10
  Max Mhz: 3301, Current Mhz: 1805, Mhz Limit: 3301
Processor Information for processor 11
  Max Mhz: 3301, Current Mhz: 1908, Mhz Limit: 3301

Memory: 4k page, system-wide physical 7583M (1003M free)
TotalPageFile size 9631M (AvailPageFile size 228M)
current process WorkingSet (physical memory assigned to process): 498M, peak: 502M
current process commit charge ("private bytes"): 980M, peak: 982M

vm_info: OpenJDK 64-Bit Server VM (21.0.6+7-LTS) for windows-amd64 JRE (21.0.6+7-LTS), built on 2025-01-21T00:00:00Z by "admin" with MS VC++ 17.7 (VS2022)

END.
