#
# There is insufficient memory for the Java Runtime Environment to continue.
# Native memory allocation (malloc) failed to allocate 1043520 bytes. Error detail: Chunk::new
# Possible reasons:
#   The system is out of physical RAM or swap space
#   This process is running with CompressedOops enabled, and the Java Heap may be blocking the growth of the native heap
# Possible solutions:
#   Reduce memory load on the system
#   Increase physical memory or swap space
#   Check if swap backing store is full
#   Decrease Java heap size (-Xmx/-Xms)
#   Decrease number of Java threads
#   Decrease Java thread stack sizes (-Xss)
#   Set larger code cache with -XX:ReservedCodeCacheSize=
#   JVM is running with Unscaled Compressed Oops mode in which the Java heap is
#     placed in the first 4GB address space. The Java Heap base address is the
#     maximum limit for the native heap growth. Please use -XX:HeapBaseMinAddress
#     to set the Java Heap base and to place the Java Heap above 4GB virtual address.
# This output file may be truncated or incomplete.
#
#  Out of Memory Error (arena.cpp:168), pid=15880, tid=400
#
# JRE version: OpenJDK Runtime Environment Temurin-21.0.6+7 (21.0.6+7) (build 21.0.6+7-LTS)
# Java VM: OpenJDK 64-Bit Server VM Temurin-21.0.6+7 (21.0.6+7-LTS, mixed mode, sharing, tiered, compressed oops, compressed class ptrs, parallel gc, windows-amd64)
# No core dump will be written. Minidumps are not enabled by default on client versions of Windows
#

---------------  S U M M A R Y ------------

Command Line: --add-modules=ALL-SYSTEM --add-opens=java.base/java.util=ALL-UNNAMED --add-opens=java.base/java.lang=ALL-UNNAMED --add-opens=java.base/sun.nio.fs=ALL-UNNAMED -Declipse.application=org.eclipse.jdt.ls.core.id1 -Dosgi.bundles.defaultStartLevel=4 -Declipse.product=org.eclipse.jdt.ls.core.product -Djava.import.generatesMetadataFilesAtProjectRoot=false -DDetectVMInstallationsJob.disabled=true -Dfile.encoding=utf8 -XX:+UseParallelGC -XX:GCTimeRatio=4 -XX:AdaptiveSizePolicyWeight=90 -Dsun.zip.disableMemoryMapping=true -Xmx1G -Xms100m -Xlog:disable -javaagent:c:\Users\WINDOWS 11\.vscode\extensions\redhat.java-1.41.1-win32-x64\lombok\lombok-1.18.36.jar -XX:+HeapDumpOnOutOfMemoryError -XX:HeapDumpPath=c:\Users\WINDOWS 11\AppData\Roaming\Code\User\workspaceStorage\6045f913ad7b5f2d1be30205fba5f166\redhat.java -Daether.dependencyCollector.impl=bf c:\Users\WINDOWS 11\.vscode\extensions\redhat.java-1.41.1-win32-x64\server\plugins\org.eclipse.equinox.launcher_1.7.0.v20250331-1702.jar -configuration c:\Users\WINDOWS 11\AppData\Roaming\Code\User\globalStorage\redhat.java\1.41.1\config_win -data c:\Users\WINDOWS 11\AppData\Roaming\Code\User\workspaceStorage\6045f913ad7b5f2d1be30205fba5f166\redhat.java\jdt_ws --pipe=\\.\pipe\lsp-9566c459fbb0fbb10554c89e44da2228-sock

Host: AMD Ryzen 5 5600H with Radeon Graphics         , 12 cores, 7G,  Windows 11 , 64 bit Build 26100 (10.0.26100.3775)
Time: Thu May 15 09:58:55 2025 SE Asia Standard Time elapsed time: 880.708732 seconds (0d 0h 14m 40s)

---------------  T H R E A D  ---------------

Current thread (0x000001da681064d0):  JavaThread "C2 CompilerThread0" daemon [_thread_in_native, id=400, stack(0x0000009502600000,0x0000009502700000) (1024K)]


Current CompileTask:
C2:880708 18477   !   4       lombok.eclipse.EclipseAST::getTopLevelTypeReferenceAnnotations (69 bytes)

Stack: [0x0000009502600000,0x0000009502700000]
Native frames: (J=compiled Java code, j=interpreted, Vv=VM code, C=native code)
V  [jvm.dll+0x6cdee9]
V  [jvm.dll+0x8a83d1]
V  [jvm.dll+0x8aa8fe]
V  [jvm.dll+0x8aafe3]
V  [jvm.dll+0x27f706]
V  [jvm.dll+0xc500d]
V  [jvm.dll+0xc5543]
V  [jvm.dll+0x3b678c]
V  [jvm.dll+0x382935]
V  [jvm.dll+0x381d9a]
V  [jvm.dll+0x2479f0]
V  [jvm.dll+0x246fcf]
V  [jvm.dll+0x1c75ee]
V  [jvm.dll+0x25685a]
V  [jvm.dll+0x254dfa]
V  [jvm.dll+0x3f0256]
V  [jvm.dll+0x851f8b]
V  [jvm.dll+0x6cc5ed]
C  [ucrtbase.dll+0x37b0]
C  [KERNEL32.DLL+0x2e8d7]
C  [ntdll.dll+0xb14fc]


---------------  P R O C E S S  ---------------

Threads class SMR info:
_java_thread_list=0x000001da68803000, length=56, elements={
0x000001da10c59530, 0x000001da680f44b0, 0x000001da680f5710, 0x000001da680f67e0,
0x000001da680f7330, 0x000001da680fd570, 0x000001da68100530, 0x000001da681064d0,
0x000001da6811bea0, 0x000001da6820cef0, 0x000001da6820d580, 0x000001da6820c860,
0x000001da6820ae20, 0x000001da6820dc10, 0x000001da6820bb40, 0x000001da6820c1d0,
0x000001da6820e2a0, 0x000001da6d765620, 0x000001da6d762830, 0x000001da6d763be0,
0x000001da6d764f90, 0x000001da6d7669d0, 0x000001da6d7697c0, 0x000001da6d768410,
0x000001da6d7676f0, 0x000001da6d767d80, 0x000001da6d768aa0, 0x000001da6d769130,
0x000001da6f39ebc0, 0x000001da6f39f250, 0x000001da6f39c460, 0x000001da6f39d810,
0x000001da6f39dea0, 0x000001da6f39d180, 0x000001da6f39e530, 0x000001da6f39f8e0,
0x000001da6f39caf0, 0x000001da6f3a1320, 0x000001da6f3a3a80, 0x000001da6820b4b0,
0x000001da79ce3b00, 0x000001da79ce3470, 0x000001da79ce5bd0, 0x000001da79ce4820,
0x000001da79ce5540, 0x000001da79ce4eb0, 0x000001da79ce2de0, 0x000001da79ce9050,
0x000001da79ce89c0, 0x000001da79ce6f80, 0x000001da6f3a2d60, 0x000001da6f3a0c90,
0x000001da79cba440, 0x000001da79cb7ce0, 0x000001da79cb8370, 0x000001da79cb9db0
}

Java Threads: ( => current thread )
  0x000001da10c59530 JavaThread "main"                              [_thread_blocked, id=6596, stack(0x0000009501c00000,0x0000009501d00000) (1024K)]
  0x000001da680f44b0 JavaThread "Reference Handler"          daemon [_thread_blocked, id=7896, stack(0x0000009502000000,0x0000009502100000) (1024K)]
  0x000001da680f5710 JavaThread "Finalizer"                  daemon [_thread_blocked, id=13604, stack(0x0000009502100000,0x0000009502200000) (1024K)]
  0x000001da680f67e0 JavaThread "Signal Dispatcher"          daemon [_thread_blocked, id=2536, stack(0x0000009502200000,0x0000009502300000) (1024K)]
  0x000001da680f7330 JavaThread "Attach Listener"            daemon [_thread_blocked, id=7440, stack(0x0000009502300000,0x0000009502400000) (1024K)]
  0x000001da680fd570 JavaThread "Service Thread"             daemon [_thread_blocked, id=6932, stack(0x0000009502400000,0x0000009502500000) (1024K)]
  0x000001da68100530 JavaThread "Monitor Deflation Thread"   daemon [_thread_blocked, id=8912, stack(0x0000009502500000,0x0000009502600000) (1024K)]
=>0x000001da681064d0 JavaThread "C2 CompilerThread0"         daemon [_thread_in_native, id=400, stack(0x0000009502600000,0x0000009502700000) (1024K)]
  0x000001da6811bea0 JavaThread "C1 CompilerThread0"         daemon [_thread_blocked, id=14744, stack(0x0000009502700000,0x0000009502800000) (1024K)]
  0x000001da6820cef0 JavaThread "Common-Cleaner"             daemon [_thread_blocked, id=1200, stack(0x0000009502800000,0x0000009502900000) (1024K)]
  0x000001da6820d580 JavaThread "Notification Thread"        daemon [_thread_blocked, id=15128, stack(0x0000009502a00000,0x0000009502b00000) (1024K)]
  0x000001da6820c860 JavaThread "Active Thread: Equinox Container: 0646e077-0a26-49c1-bce7-ac9289b94eac"        [_thread_blocked, id=6020, stack(0x0000009503200000,0x0000009503300000) (1024K)]
  0x000001da6820ae20 JavaThread "Refresh Thread: Equinox Container: 0646e077-0a26-49c1-bce7-ac9289b94eac" daemon [_thread_blocked, id=6536, stack(0x0000009503300000,0x0000009503400000) (1024K)]
  0x000001da6820dc10 JavaThread "Framework Event Dispatcher: Equinox Container: 0646e077-0a26-49c1-bce7-ac9289b94eac" daemon [_thread_blocked, id=2088, stack(0x0000009503500000,0x0000009503600000) (1024K)]
  0x000001da6820bb40 JavaThread "Start Level: Equinox Container: 0646e077-0a26-49c1-bce7-ac9289b94eac" daemon [_thread_blocked, id=15396, stack(0x0000009503600000,0x0000009503700000) (1024K)]
  0x000001da6820c1d0 JavaThread "Bundle File Closer"         daemon [_thread_blocked, id=11516, stack(0x0000009503700000,0x0000009503800000) (1024K)]
  0x000001da6820e2a0 JavaThread "SCR Component Actor"        daemon [_thread_blocked, id=1868, stack(0x0000009503a00000,0x0000009503b00000) (1024K)]
  0x000001da6d765620 JavaThread "Worker-JM"                         [_thread_blocked, id=8292, stack(0x0000009503b00000,0x0000009503c00000) (1024K)]
  0x000001da6d762830 JavaThread "JNA Cleaner"                daemon [_thread_blocked, id=13132, stack(0x0000009502b00000,0x0000009502c00000) (1024K)]
  0x000001da6d763be0 JavaThread "Worker-2"                          [_thread_blocked, id=11084, stack(0x0000009504000000,0x0000009504100000) (1024K)]
  0x000001da6d764f90 JavaThread "Java indexing"              daemon [_thread_blocked, id=7660, stack(0x0000009503f00000,0x0000009504000000) (1024K)]
  0x000001da6d7669d0 JavaThread "Worker-6"                          [_thread_blocked, id=10356, stack(0x0000009504700000,0x0000009504800000) (1024K)]
  0x000001da6d7697c0 JavaThread "Thread-2"                   daemon [_thread_in_native, id=11416, stack(0x0000009504900000,0x0000009504a00000) (1024K)]
  0x000001da6d768410 JavaThread "Thread-3"                   daemon [_thread_in_native, id=8380, stack(0x0000009504a00000,0x0000009504b00000) (1024K)]
  0x000001da6d7676f0 JavaThread "Thread-4"                   daemon [_thread_in_native, id=4452, stack(0x0000009504b00000,0x0000009504c00000) (1024K)]
  0x000001da6d767d80 JavaThread "Thread-5"                   daemon [_thread_in_native, id=12152, stack(0x0000009504c00000,0x0000009504d00000) (1024K)]
  0x000001da6d768aa0 JavaThread "Thread-6"                   daemon [_thread_in_native, id=5044, stack(0x0000009504d00000,0x0000009504e00000) (1024K)]
  0x000001da6d769130 JavaThread "Thread-7"                   daemon [_thread_in_native, id=9424, stack(0x0000009504e00000,0x0000009504f00000) (1024K)]
  0x000001da6f39ebc0 JavaThread "Thread-8"                   daemon [_thread_in_native, id=14364, stack(0x0000009504f00000,0x0000009505000000) (1024K)]
  0x000001da6f39f250 JavaThread "Thread-9"                   daemon [_thread_in_native, id=6064, stack(0x0000009505000000,0x0000009505100000) (1024K)]
  0x000001da6f39c460 JavaThread "Thread-10"                  daemon [_thread_in_native, id=12768, stack(0x0000009505100000,0x0000009505200000) (1024K)]
  0x000001da6f39d810 JavaThread "Thread-11"                  daemon [_thread_in_native, id=13776, stack(0x0000009505200000,0x0000009505300000) (1024K)]
  0x000001da6f39dea0 JavaThread "Thread-12"                  daemon [_thread_in_native, id=4216, stack(0x0000009505300000,0x0000009505400000) (1024K)]
  0x000001da6f39d180 JavaThread "Thread-13"                  daemon [_thread_in_native, id=9940, stack(0x0000009505400000,0x0000009505500000) (1024K)]
  0x000001da6f39e530 JavaThread "Thread-14"                  daemon [_thread_in_native, id=8220, stack(0x0000009505500000,0x0000009505600000) (1024K)]
  0x000001da6f39f8e0 JavaThread "pool-2-thread-1"                   [_thread_blocked, id=14740, stack(0x0000009505600000,0x0000009505700000) (1024K)]
  0x000001da6f39caf0 JavaThread "WorkspaceEventsHandler"            [_thread_blocked, id=5244, stack(0x0000009505700000,0x0000009505800000) (1024K)]
  0x000001da6f3a1320 JavaThread "pool-1-thread-1"                   [_thread_blocked, id=7260, stack(0x0000009505800000,0x0000009505900000) (1024K)]
  0x000001da6f3a3a80 JavaThread "ForkJoinPool.commonPool-worker-1" daemon [_thread_blocked, id=16284, stack(0x0000009505c00000,0x0000009505d00000) (1024K)]
  0x000001da6820b4b0 JavaThread "ForkJoinPool.commonPool-worker-2" daemon [_thread_blocked, id=2512, stack(0x0000009503e00000,0x0000009503f00000) (1024K)]
  0x000001da79ce3b00 JavaThread "ForkJoinPool.commonPool-worker-3" daemon [_thread_blocked, id=16372, stack(0x0000009505d00000,0x0000009505e00000) (1024K)]
  0x000001da79ce3470 JavaThread "ForkJoinPool.commonPool-worker-4" daemon [_thread_blocked, id=16260, stack(0x0000009505f00000,0x0000009506000000) (1024K)]
  0x000001da79ce5bd0 JavaThread "ForkJoinPool.commonPool-worker-5" daemon [_thread_blocked, id=12264, stack(0x0000009506000000,0x0000009506100000) (1024K)]
  0x000001da79ce4820 JavaThread "ForkJoinPool.commonPool-worker-6" daemon [_thread_blocked, id=13456, stack(0x0000009506100000,0x0000009506200000) (1024K)]
  0x000001da79ce5540 JavaThread "ForkJoinPool.commonPool-worker-7" daemon [_thread_blocked, id=4576, stack(0x0000009506200000,0x0000009506300000) (1024K)]
  0x000001da79ce4eb0 JavaThread "ForkJoinPool.commonPool-worker-8" daemon [_thread_blocked, id=6376, stack(0x0000009506300000,0x0000009506400000) (1024K)]
  0x000001da79ce2de0 JavaThread "ForkJoinPool.commonPool-worker-9" daemon [_thread_blocked, id=8520, stack(0x0000009506400000,0x0000009506500000) (1024K)]
  0x000001da79ce9050 JavaThread "Cleaner-0"                  daemon [_thread_blocked, id=11300, stack(0x0000009506500000,0x0000009506600000) (1024K)]
  0x000001da79ce89c0 JavaThread "ForkJoinPool.commonPool-worker-10" daemon [_thread_blocked, id=7836, stack(0x0000009503d00000,0x0000009503e00000) (1024K)]
  0x000001da79ce6f80 JavaThread "ForkJoinPool.commonPool-worker-11" daemon [_thread_blocked, id=15852, stack(0x0000009504100000,0x0000009504200000) (1024K)]
  0x000001da6f3a2d60 JavaThread "Worker-9"                          [_thread_blocked, id=7036, stack(0x0000009501900000,0x0000009501a00000) (1024K)]
  0x000001da6f3a0c90 JavaThread "Compiler Source File Reader" daemon [_thread_blocked, id=2400, stack(0x0000009504300000,0x0000009504400000) (1024K)]
  0x000001da79cba440 JavaThread "Compiler Source File Reader" daemon [_thread_blocked, id=15152, stack(0x0000009502900000,0x0000009502a00000) (1024K)]
  0x000001da79cb7ce0 JavaThread "Compiler Source File Reader" daemon [_thread_blocked, id=2368, stack(0x0000009503c00000,0x0000009503d00000) (1024K)]
  0x000001da79cb8370 JavaThread "Compiler Source File Reader" daemon [_thread_blocked, id=9840, stack(0x0000009504200000,0x0000009504300000) (1024K)]
  0x000001da79cb9db0 JavaThread "pool-1-thread-8"                   [_thread_blocked, id=1048, stack(0x0000009501a00000,0x0000009501b00000) (1024K)]
Total: 56

Other Threads:
  0x000001da661e5120 VMThread "VM Thread"                           [id=10880, stack(0x0000009501f00000,0x0000009502000000) (1024K)]
  0x000001da660dca00 WatcherThread "VM Periodic Task Thread"        [id=7404, stack(0x0000009501e00000,0x0000009501f00000) (1024K)]
  0x000001da10c795f0 WorkerThread "GC Thread#0"                     [id=10944, stack(0x0000009501d00000,0x0000009501e00000) (1024K)]
  0x000001da68a706d0 WorkerThread "GC Thread#1"                     [id=4372, stack(0x0000009502c00000,0x0000009502d00000) (1024K)]
  0x000001da68a70a70 WorkerThread "GC Thread#2"                     [id=11988, stack(0x0000009502d00000,0x0000009502e00000) (1024K)]
  0x000001da6d33b050 WorkerThread "GC Thread#3"                     [id=12800, stack(0x0000009502e00000,0x0000009502f00000) (1024K)]
  0x000001da6d33b3f0 WorkerThread "GC Thread#4"                     [id=14864, stack(0x0000009502f00000,0x0000009503000000) (1024K)]
  0x000001da6d33b790 WorkerThread "GC Thread#5"                     [id=2928, stack(0x0000009503000000,0x0000009503100000) (1024K)]
  0x000001da6d33bb30 WorkerThread "GC Thread#6"                     [id=15872, stack(0x0000009503100000,0x0000009503200000) (1024K)]
  0x000001da6d41fe40 WorkerThread "GC Thread#7"                     [id=4408, stack(0x0000009503400000,0x0000009503500000) (1024K)]
  0x000001da6d81a830 WorkerThread "GC Thread#8"                     [id=8928, stack(0x0000009503800000,0x0000009503900000) (1024K)]
  0x000001da6d875c50 WorkerThread "GC Thread#9"                     [id=13460, stack(0x0000009503900000,0x0000009503a00000) (1024K)]
Total: 12

Threads with active compile tasks:
C2 CompilerThread0  880745 18477   !   4       lombok.eclipse.EclipseAST::getTopLevelTypeReferenceAnnotations (69 bytes)
Total: 1

VM state: not at safepoint (normal execution)

VM Mutex/Monitor currently owned by a thread: None

Heap address: 0x00000000c0000000, size: 1024 MB, Compressed Oops mode: 32-bit

CDS archive(s) mapped at: [0x000001da25000000-0x000001da25ba0000-0x000001da25ba0000), size 12189696, SharedBaseAddress: 0x000001da25000000, ArchiveRelocationMode: 1.
Compressed class space mapped at: 0x000001da26000000-0x000001da66000000, reserved size: 1073741824
Narrow klass base: 0x000001da25000000, Narrow klass shift: 0, Narrow klass range: 0x100000000

GC Precious Log:
 CardTable entry size: 512
 CPUs: 12 total, 12 available
 Memory: 7583M
 Large Page Support: Disabled
 NUMA Support: Disabled
 Compressed Oops: Enabled (32-bit)
 Alignments: Space 512K, Generation 512K, Heap 2M
 Heap Min Capacity: 100M
 Heap Initial Capacity: 100M
 Heap Max Capacity: 1G
 Pre-touch: Disabled
 Parallel Workers: 10

Heap:
 PSYoungGen      total 3072K, used 667K [0x00000000eab00000, 0x00000000eaf80000, 0x0000000100000000)
  eden space 2560K, 9% used [0x00000000eab00000,0x00000000eab3ad30,0x00000000ead80000)
  from space 512K, 84% used [0x00000000eaf00000,0x00000000eaf6c010,0x00000000eaf80000)
  to   space 512K, 0% used [0x00000000eae80000,0x00000000eae80000,0x00000000eaf00000)
 ParOldGen       total 573952K, used 573769K [0x00000000c0000000, 0x00000000e3080000, 0x00000000eab00000)
  object space 573952K, 99% used [0x00000000c0000000,0x00000000e3052748,0x00000000e3080000)
 Metaspace       used 78238K, committed 79936K, reserved 1179648K
  class space    used 7762K, committed 8512K, reserved 1048576K

Card table byte_map: [0x000001da10600000,0x000001da10810000] _byte_map_base: 0x000001da10000000

Marking Bits: (ParMarkBitMap*) 0x00007ffb41cd3260
 Begin Bits: [0x000001da22e50000, 0x000001da23e50000)
 End Bits:   [0x000001da23e50000, 0x000001da24e50000)

Polling page: 0x000001da0ea40000

Metaspace:

Usage:
  Non-class:     68.82 MB used.
      Class:      7.58 MB used.
       Both:     76.40 MB used.

Virtual space:
  Non-class space:      128.00 MB reserved,      69.75 MB ( 54%) committed,  2 nodes.
      Class space:        1.00 GB reserved,       8.31 MB ( <1%) committed,  1 nodes.
             Both:        1.12 GB reserved,      78.06 MB (  7%) committed. 

Chunk freelists:
   Non-Class:  10.06 MB
       Class:  7.70 MB
        Both:  17.75 MB

MaxMetaspaceSize: unlimited
CompressedClassSpaceSize: 1.00 GB
Initial GC threshold: 21.00 MB
Current GC threshold: 121.88 MB
CDS: on
 - commit_granule_bytes: 65536.
 - commit_granule_words: 8192.
 - virtual_space_node_default_size: 8388608.
 - enlarge_chunks_in_place: 1.
 - use_allocation_guard: 0.


Internal statistics:

num_allocs_failed_limit: 6.
num_arena_births: 1488.
num_arena_deaths: 14.
num_vsnodes_births: 3.
num_vsnodes_deaths: 0.
num_space_committed: 1249.
num_space_uncommitted: 0.
num_chunks_returned_to_freelist: 20.
num_chunks_taken_from_freelist: 5555.
num_chunk_merges: 12.
num_chunk_splits: 3285.
num_chunks_enlarged: 1684.
num_inconsistent_stats: 0.

CodeHeap 'non-profiled nmethods': size=120000Kb used=19345Kb max_used=19345Kb free=100654Kb
 bounds [0x000001da1b920000, 0x000001da1cc10000, 0x000001da22e50000]
CodeHeap 'profiled nmethods': size=120000Kb used=42127Kb max_used=42127Kb free=77872Kb
 bounds [0x000001da13e50000, 0x000001da16780000, 0x000001da1b380000]
CodeHeap 'non-nmethods': size=5760Kb used=1485Kb max_used=1542Kb free=4274Kb
 bounds [0x000001da1b380000, 0x000001da1b5f0000, 0x000001da1b920000]
 total_blobs=17354 nmethods=16554 adapters=700
 compilation: enabled
              stopped_count=0, restarted_count=0
 full_count=0

Compilation events (20 events):
Event: 874.632 Thread 0x000001da6811bea0 nmethod 18470 0x000001da16769a10 code [0x000001da16769be0, 0x000001da1676a0d0]
Event: 874.796 Thread 0x000001da6811bea0 18471       3       org.eclipse.jdt.core.dom.ASTVisitor::endVisit (1 bytes)
Event: 874.796 Thread 0x000001da6811bea0 nmethod 18471 0x000001da1676a210 code [0x000001da1676a3a0, 0x000001da1676a4a8]
Event: 874.798 Thread 0x000001da6811bea0 18472       3       org.eclipse.jdt.internal.corext.dom.GenericVisitor::endVisit (6 bytes)
Event: 874.799 Thread 0x000001da6811bea0 nmethod 18472 0x000001da1676a510 code [0x000001da1676a6c0, 0x000001da1676a8a0]
Event: 875.027 Thread 0x000001da6811bea0 18473       3       org.eclipse.jdt.ls.core.internal.handlers.BaseDocumentLifeCycleHandler::publishDiagnostics (197 bytes)
Event: 875.032 Thread 0x000001da6811bea0 nmethod 18473 0x000001da1676a990 code [0x000001da1676b000, 0x000001da1676e4b8]
Event: 876.150 Thread 0x000001da6811bea0 18474       3       org.eclipse.jdt.internal.compiler.parser.Parser::consumeUnaryExpression (170 bytes)
Event: 876.151 Thread 0x000001da6811bea0 nmethod 18474 0x000001da1676f790 code [0x000001da1676fa80, 0x000001da16770ff8]
Event: 876.151 Thread 0x000001da6811bea0 18475       3       org.eclipse.jdt.internal.compiler.ast.UnaryExpression::<init> (28 bytes)
Event: 876.152 Thread 0x000001da6811bea0 nmethod 18475 0x000001da16771690 code [0x000001da16771860, 0x000001da16771b88]
Event: 876.484 Thread 0x000001da681064d0 18476       4       org.eclipse.jdt.internal.compiler.lookup.SplitPackageBinding::addPackage (98 bytes)
Event: 876.561 Thread 0x000001da681064d0 nmethod 18476 0x000001da1cbffc10 code [0x000001da1cc00040, 0x000001da1cc024f8]
Event: 876.562 Thread 0x000001da681064d0 18478       4       org.eclipse.jdt.internal.compiler.codegen.CharArrayCache::putIfAbsent (102 bytes)
Event: 876.568 Thread 0x000001da681064d0 nmethod 18478 0x000001da1cc03c10 code [0x000001da1cc03e00, 0x000001da1cc044e8]
Event: 876.568 Thread 0x000001da681064d0 18477   !   4       lombok.eclipse.EclipseAST::getTopLevelTypeReferenceAnnotations (69 bytes)
Event: 876.627 Thread 0x000001da6811bea0 18479       3       org.eclipse.jdt.internal.compiler.lookup.Scope::referenceContext (79 bytes)
Event: 876.628 Thread 0x000001da6811bea0 nmethod 18479 0x000001da16771d10 code [0x000001da16771f00, 0x000001da167725e8]
Event: 877.006 Thread 0x000001da6811bea0 18480   !   3       org.eclipse.jdt.core.dom.PrefixExpression::getOperand (60 bytes)
Event: 877.008 Thread 0x000001da6811bea0 nmethod 18480 0x000001da16772810 code [0x000001da16772a80, 0x000001da16773578]

GC Heap History (20 events):
Event: 873.063 GC heap before
{Heap before GC invocations=1957 (full 4):
 PSYoungGen      total 3072K, used 2943K [0x00000000eab00000, 0x00000000eaf80000, 0x0000000100000000)
  eden space 2560K, 99% used [0x00000000eab00000,0x00000000ead7ffd8,0x00000000ead80000)
  from space 512K, 75% used [0x00000000eaf00000,0x00000000eaf60000,0x00000000eaf80000)
  to   space 512K, 0% used [0x00000000eae80000,0x00000000eae80000,0x00000000eaf00000)
 ParOldGen       total 572928K, used 572895K [0x00000000c0000000, 0x00000000e2f80000, 0x00000000eab00000)
  object space 572928K, 99% used [0x00000000c0000000,0x00000000e2f77e28,0x00000000e2f80000)
 Metaspace       used 78229K, committed 79936K, reserved 1179648K
  class space    used 7761K, committed 8512K, reserved 1048576K
}
Event: 873.066 GC heap after
{Heap after GC invocations=1957 (full 4):
 PSYoungGen      total 3072K, used 224K [0x00000000eab00000, 0x00000000eaf80000, 0x0000000100000000)
  eden space 2560K, 0% used [0x00000000eab00000,0x00000000eab00000,0x00000000ead80000)
  from space 512K, 43% used [0x00000000eae80000,0x00000000eaeb8000,0x00000000eaf00000)
  to   space 512K, 0% used [0x00000000eaf00000,0x00000000eaf00000,0x00000000eaf80000)
 ParOldGen       total 572928K, used 572927K [0x00000000c0000000, 0x00000000e2f80000, 0x00000000eab00000)
  object space 572928K, 99% used [0x00000000c0000000,0x00000000e2f7fe28,0x00000000e2f80000)
 Metaspace       used 78229K, committed 79936K, reserved 1179648K
  class space    used 7761K, committed 8512K, reserved 1048576K
}
Event: 873.539 GC heap before
{Heap before GC invocations=1958 (full 4):
 PSYoungGen      total 3072K, used 2778K [0x00000000eab00000, 0x00000000eaf80000, 0x0000000100000000)
  eden space 2560K, 99% used [0x00000000eab00000,0x00000000ead7ea78,0x00000000ead80000)
  from space 512K, 43% used [0x00000000eae80000,0x00000000eaeb8000,0x00000000eaf00000)
  to   space 512K, 0% used [0x00000000eaf00000,0x00000000eaf00000,0x00000000eaf80000)
 ParOldGen       total 572928K, used 572927K [0x00000000c0000000, 0x00000000e2f80000, 0x00000000eab00000)
  object space 572928K, 99% used [0x00000000c0000000,0x00000000e2f7fe28,0x00000000e2f80000)
 Metaspace       used 78230K, committed 79936K, reserved 1179648K
  class space    used 7761K, committed 8512K, reserved 1048576K
}
Event: 873.543 GC heap after
{Heap after GC invocations=1958 (full 4):
 PSYoungGen      total 3072K, used 400K [0x00000000eab00000, 0x00000000eaf80000, 0x0000000100000000)
  eden space 2560K, 0% used [0x00000000eab00000,0x00000000eab00000,0x00000000ead80000)
  from space 512K, 78% used [0x00000000eaf00000,0x00000000eaf64010,0x00000000eaf80000)
  to   space 512K, 0% used [0x00000000eae80000,0x00000000eae80000,0x00000000eaf00000)
 ParOldGen       total 573440K, used 572935K [0x00000000c0000000, 0x00000000e3000000, 0x00000000eab00000)
  object space 573440K, 99% used [0x00000000c0000000,0x00000000e2f81e28,0x00000000e3000000)
 Metaspace       used 78230K, committed 79936K, reserved 1179648K
  class space    used 7761K, committed 8512K, reserved 1048576K
}
Event: 873.698 GC heap before
{Heap before GC invocations=1959 (full 4):
 PSYoungGen      total 3072K, used 2960K [0x00000000eab00000, 0x00000000eaf80000, 0x0000000100000000)
  eden space 2560K, 100% used [0x00000000eab00000,0x00000000ead80000,0x00000000ead80000)
  from space 512K, 78% used [0x00000000eaf00000,0x00000000eaf64010,0x00000000eaf80000)
  to   space 512K, 0% used [0x00000000eae80000,0x00000000eae80000,0x00000000eaf00000)
 ParOldGen       total 573440K, used 572935K [0x00000000c0000000, 0x00000000e3000000, 0x00000000eab00000)
  object space 573440K, 99% used [0x00000000c0000000,0x00000000e2f81e28,0x00000000e3000000)
 Metaspace       used 78230K, committed 79936K, reserved 1179648K
  class space    used 7761K, committed 8512K, reserved 1048576K
}
Event: 873.701 GC heap after
{Heap after GC invocations=1959 (full 4):
 PSYoungGen      total 3072K, used 320K [0x00000000eab00000, 0x00000000eaf80000, 0x0000000100000000)
  eden space 2560K, 0% used [0x00000000eab00000,0x00000000eab00000,0x00000000ead80000)
  from space 512K, 62% used [0x00000000eae80000,0x00000000eaed0000,0x00000000eaf00000)
  to   space 512K, 0% used [0x00000000eaf00000,0x00000000eaf00000,0x00000000eaf80000)
 ParOldGen       total 573440K, used 573284K [0x00000000c0000000, 0x00000000e3000000, 0x00000000eab00000)
  object space 573440K, 99% used [0x00000000c0000000,0x00000000e2fd92b8,0x00000000e3000000)
 Metaspace       used 78230K, committed 79936K, reserved 1179648K
  class space    used 7761K, committed 8512K, reserved 1048576K
}
Event: 873.838 GC heap before
{Heap before GC invocations=1960 (full 4):
 PSYoungGen      total 3072K, used 2880K [0x00000000eab00000, 0x00000000eaf80000, 0x0000000100000000)
  eden space 2560K, 100% used [0x00000000eab00000,0x00000000ead80000,0x00000000ead80000)
  from space 512K, 62% used [0x00000000eae80000,0x00000000eaed0000,0x00000000eaf00000)
  to   space 512K, 0% used [0x00000000eaf00000,0x00000000eaf00000,0x00000000eaf80000)
 ParOldGen       total 573440K, used 573284K [0x00000000c0000000, 0x00000000e3000000, 0x00000000eab00000)
  object space 573440K, 99% used [0x00000000c0000000,0x00000000e2fd92b8,0x00000000e3000000)
 Metaspace       used 78230K, committed 79936K, reserved 1179648K
  class space    used 7761K, committed 8512K, reserved 1048576K
}
Event: 873.841 GC heap after
{Heap after GC invocations=1960 (full 4):
 PSYoungGen      total 3072K, used 224K [0x00000000eab00000, 0x00000000eaf80000, 0x0000000100000000)
  eden space 2560K, 0% used [0x00000000eab00000,0x00000000eab00000,0x00000000ead80000)
  from space 512K, 43% used [0x00000000eaf00000,0x00000000eaf38000,0x00000000eaf80000)
  to   space 512K, 0% used [0x00000000eae80000,0x00000000eae80000,0x00000000eaf00000)
 ParOldGen       total 573440K, used 573308K [0x00000000c0000000, 0x00000000e3000000, 0x00000000eab00000)
  object space 573440K, 99% used [0x00000000c0000000,0x00000000e2fdf2b8,0x00000000e3000000)
 Metaspace       used 78230K, committed 79936K, reserved 1179648K
  class space    used 7761K, committed 8512K, reserved 1048576K
}
Event: 874.737 GC heap before
{Heap before GC invocations=1961 (full 4):
 PSYoungGen      total 3072K, used 2784K [0x00000000eab00000, 0x00000000eaf80000, 0x0000000100000000)
  eden space 2560K, 100% used [0x00000000eab00000,0x00000000ead80000,0x00000000ead80000)
  from space 512K, 43% used [0x00000000eaf00000,0x00000000eaf38000,0x00000000eaf80000)
  to   space 512K, 0% used [0x00000000eae80000,0x00000000eae80000,0x00000000eaf00000)
 ParOldGen       total 573440K, used 573308K [0x00000000c0000000, 0x00000000e3000000, 0x00000000eab00000)
  object space 573440K, 99% used [0x00000000c0000000,0x00000000e2fdf2b8,0x00000000e3000000)
 Metaspace       used 78234K, committed 79936K, reserved 1179648K
  class space    used 7762K, committed 8512K, reserved 1048576K
}
Event: 874.739 GC heap after
{Heap after GC invocations=1961 (full 4):
 PSYoungGen      total 3072K, used 480K [0x00000000eab00000, 0x00000000eaf80000, 0x0000000100000000)
  eden space 2560K, 0% used [0x00000000eab00000,0x00000000eab00000,0x00000000ead80000)
  from space 512K, 93% used [0x00000000eae80000,0x00000000eaef8000,0x00000000eaf00000)
  to   space 512K, 0% used [0x00000000eaf00000,0x00000000eaf00000,0x00000000eaf80000)
 ParOldGen       total 573440K, used 573308K [0x00000000c0000000, 0x00000000e3000000, 0x00000000eab00000)
  object space 573440K, 99% used [0x00000000c0000000,0x00000000e2fdf2b8,0x00000000e3000000)
 Metaspace       used 78234K, committed 79936K, reserved 1179648K
  class space    used 7762K, committed 8512K, reserved 1048576K
}
Event: 874.897 GC heap before
{Heap before GC invocations=1962 (full 4):
 PSYoungGen      total 3072K, used 3040K [0x00000000eab00000, 0x00000000eaf80000, 0x0000000100000000)
  eden space 2560K, 100% used [0x00000000eab00000,0x00000000ead80000,0x00000000ead80000)
  from space 512K, 93% used [0x00000000eae80000,0x00000000eaef8000,0x00000000eaf00000)
  to   space 512K, 0% used [0x00000000eaf00000,0x00000000eaf00000,0x00000000eaf80000)
 ParOldGen       total 573440K, used 573308K [0x00000000c0000000, 0x00000000e3000000, 0x00000000eab00000)
  object space 573440K, 99% used [0x00000000c0000000,0x00000000e2fdf2b8,0x00000000e3000000)
 Metaspace       used 78235K, committed 79936K, reserved 1179648K
  class space    used 7762K, committed 8512K, reserved 1048576K
}
Event: 874.900 GC heap after
{Heap after GC invocations=1962 (full 4):
 PSYoungGen      total 3072K, used 352K [0x00000000eab00000, 0x00000000eaf80000, 0x0000000100000000)
  eden space 2560K, 0% used [0x00000000eab00000,0x00000000eab00000,0x00000000ead80000)
  from space 512K, 68% used [0x00000000eaf00000,0x00000000eaf58000,0x00000000eaf80000)
  to   space 512K, 0% used [0x00000000eae80000,0x00000000eae80000,0x00000000eaf00000)
 ParOldGen       total 573952K, used 573641K [0x00000000c0000000, 0x00000000e3080000, 0x00000000eab00000)
  object space 573952K, 99% used [0x00000000c0000000,0x00000000e3032748,0x00000000e3080000)
 Metaspace       used 78235K, committed 79936K, reserved 1179648K
  class space    used 7762K, committed 8512K, reserved 1048576K
}
Event: 875.034 GC heap before
{Heap before GC invocations=1963 (full 4):
 PSYoungGen      total 3072K, used 2911K [0x00000000eab00000, 0x00000000eaf80000, 0x0000000100000000)
  eden space 2560K, 99% used [0x00000000eab00000,0x00000000ead7fe38,0x00000000ead80000)
  from space 512K, 68% used [0x00000000eaf00000,0x00000000eaf58000,0x00000000eaf80000)
  to   space 512K, 0% used [0x00000000eae80000,0x00000000eae80000,0x00000000eaf00000)
 ParOldGen       total 573952K, used 573641K [0x00000000c0000000, 0x00000000e3080000, 0x00000000eab00000)
  object space 573952K, 99% used [0x00000000c0000000,0x00000000e3032748,0x00000000e3080000)
 Metaspace       used 78236K, committed 79936K, reserved 1179648K
  class space    used 7762K, committed 8512K, reserved 1048576K
}
Event: 875.037 GC heap after
{Heap after GC invocations=1963 (full 4):
 PSYoungGen      total 3072K, used 288K [0x00000000eab00000, 0x00000000eaf80000, 0x0000000100000000)
  eden space 2560K, 0% used [0x00000000eab00000,0x00000000eab00000,0x00000000ead80000)
  from space 512K, 56% used [0x00000000eae80000,0x00000000eaec8000,0x00000000eaf00000)
  to   space 512K, 0% used [0x00000000eaf00000,0x00000000eaf00000,0x00000000eaf80000)
 ParOldGen       total 573952K, used 573641K [0x00000000c0000000, 0x00000000e3080000, 0x00000000eab00000)
  object space 573952K, 99% used [0x00000000c0000000,0x00000000e3032748,0x00000000e3080000)
 Metaspace       used 78236K, committed 79936K, reserved 1179648K
  class space    used 7762K, committed 8512K, reserved 1048576K
}
Event: 876.489 GC heap before
{Heap before GC invocations=1964 (full 4):
 PSYoungGen      total 3072K, used 2843K [0x00000000eab00000, 0x00000000eaf80000, 0x0000000100000000)
  eden space 2560K, 99% used [0x00000000eab00000,0x00000000ead7ef00,0x00000000ead80000)
  from space 512K, 56% used [0x00000000eae80000,0x00000000eaec8000,0x00000000eaf00000)
  to   space 512K, 0% used [0x00000000eaf00000,0x00000000eaf00000,0x00000000eaf80000)
 ParOldGen       total 573952K, used 573641K [0x00000000c0000000, 0x00000000e3080000, 0x00000000eab00000)
  object space 573952K, 99% used [0x00000000c0000000,0x00000000e3032748,0x00000000e3080000)
 Metaspace       used 78238K, committed 79936K, reserved 1179648K
  class space    used 7762K, committed 8512K, reserved 1048576K
}
Event: 876.493 GC heap after
{Heap after GC invocations=1964 (full 4):
 PSYoungGen      total 3072K, used 496K [0x00000000eab00000, 0x00000000eaf80000, 0x0000000100000000)
  eden space 2560K, 0% used [0x00000000eab00000,0x00000000eab00000,0x00000000ead80000)
  from space 512K, 96% used [0x00000000eaf00000,0x00000000eaf7c010,0x00000000eaf80000)
  to   space 1024K, 0% used [0x00000000ead80000,0x00000000ead80000,0x00000000eae80000)
 ParOldGen       total 573952K, used 573665K [0x00000000c0000000, 0x00000000e3080000, 0x00000000eab00000)
  object space 573952K, 99% used [0x00000000c0000000,0x00000000e3038748,0x00000000e3080000)
 Metaspace       used 78238K, committed 79936K, reserved 1179648K
  class space    used 7762K, committed 8512K, reserved 1048576K
}
Event: 876.618 GC heap before
{Heap before GC invocations=1965 (full 4):
 PSYoungGen      total 3072K, used 3056K [0x00000000eab00000, 0x00000000eaf80000, 0x0000000100000000)
  eden space 2560K, 100% used [0x00000000eab00000,0x00000000ead80000,0x00000000ead80000)
  from space 512K, 96% used [0x00000000eaf00000,0x00000000eaf7c010,0x00000000eaf80000)
  to   space 1024K, 0% used [0x00000000ead80000,0x00000000ead80000,0x00000000eae80000)
 ParOldGen       total 573952K, used 573665K [0x00000000c0000000, 0x00000000e3080000, 0x00000000eab00000)
  object space 573952K, 99% used [0x00000000c0000000,0x00000000e3038748,0x00000000e3080000)
 Metaspace       used 78238K, committed 79936K, reserved 1179648K
  class space    used 7762K, committed 8512K, reserved 1048576K
}
Event: 876.622 GC heap after
{Heap after GC invocations=1965 (full 4):
 PSYoungGen      total 3584K, used 496K [0x00000000eab00000, 0x00000000eaf80000, 0x0000000100000000)
  eden space 2560K, 0% used [0x00000000eab00000,0x00000000eab00000,0x00000000ead80000)
  from space 1024K, 48% used [0x00000000ead80000,0x00000000eadfc010,0x00000000eae80000)
  to   space 512K, 0% used [0x00000000eaf00000,0x00000000eaf00000,0x00000000eaf80000)
 ParOldGen       total 573952K, used 573769K [0x00000000c0000000, 0x00000000e3080000, 0x00000000eab00000)
  object space 573952K, 99% used [0x00000000c0000000,0x00000000e3052748,0x00000000e3080000)
 Metaspace       used 78238K, committed 79936K, reserved 1179648K
  class space    used 7762K, committed 8512K, reserved 1048576K
}
Event: 878.022 GC heap before
{Heap before GC invocations=1966 (full 4):
 PSYoungGen      total 3584K, used 3056K [0x00000000eab00000, 0x00000000eaf80000, 0x0000000100000000)
  eden space 2560K, 100% used [0x00000000eab00000,0x00000000ead80000,0x00000000ead80000)
  from space 1024K, 48% used [0x00000000ead80000,0x00000000eadfc010,0x00000000eae80000)
  to   space 512K, 0% used [0x00000000eaf00000,0x00000000eaf00000,0x00000000eaf80000)
 ParOldGen       total 573952K, used 573769K [0x00000000c0000000, 0x00000000e3080000, 0x00000000eab00000)
  object space 573952K, 99% used [0x00000000c0000000,0x00000000e3052748,0x00000000e3080000)
 Metaspace       used 78238K, committed 79936K, reserved 1179648K
  class space    used 7762K, committed 8512K, reserved 1048576K
}
Event: 878.026 GC heap after
{Heap after GC invocations=1966 (full 4):
 PSYoungGen      total 3072K, used 432K [0x00000000eab00000, 0x00000000eaf80000, 0x0000000100000000)
  eden space 2560K, 0% used [0x00000000eab00000,0x00000000eab00000,0x00000000ead80000)
  from space 512K, 84% used [0x00000000eaf00000,0x00000000eaf6c010,0x00000000eaf80000)
  to   space 512K, 0% used [0x00000000eae80000,0x00000000eae80000,0x00000000eaf00000)
 ParOldGen       total 573952K, used 573769K [0x00000000c0000000, 0x00000000e3080000, 0x00000000eab00000)
  object space 573952K, 99% used [0x00000000c0000000,0x00000000e3052748,0x00000000e3080000)
 Metaspace       used 78238K, committed 79936K, reserved 1179648K
  class space    used 7762K, committed 8512K, reserved 1048576K
}

Dll operation events (10 events):
Event: 0.027 Loaded shared library c:\Users\WINDOWS 11\.vscode\extensions\redhat.java-1.41.1-win32-x64\jre\21.0.6-win32-x86_64\bin\java.dll
Event: 0.199 Loaded shared library c:\Users\WINDOWS 11\.vscode\extensions\redhat.java-1.41.1-win32-x64\jre\21.0.6-win32-x86_64\bin\zip.dll
Event: 0.242 Loaded shared library C:\Users\WINDOWS 11\.vscode\extensions\redhat.java-1.41.1-win32-x64\jre\21.0.6-win32-x86_64\bin\instrument.dll
Event: 0.255 Loaded shared library C:\Users\WINDOWS 11\.vscode\extensions\redhat.java-1.41.1-win32-x64\jre\21.0.6-win32-x86_64\bin\net.dll
Event: 0.261 Loaded shared library C:\Users\WINDOWS 11\.vscode\extensions\redhat.java-1.41.1-win32-x64\jre\21.0.6-win32-x86_64\bin\nio.dll
Event: 0.270 Loaded shared library C:\Users\WINDOWS 11\.vscode\extensions\redhat.java-1.41.1-win32-x64\jre\21.0.6-win32-x86_64\bin\zip.dll
Event: 0.305 Loaded shared library C:\Users\WINDOWS 11\.vscode\extensions\redhat.java-1.41.1-win32-x64\jre\21.0.6-win32-x86_64\bin\jimage.dll
Event: 0.426 Loaded shared library c:\Users\WINDOWS 11\.vscode\extensions\redhat.java-1.41.1-win32-x64\jre\21.0.6-win32-x86_64\bin\verify.dll
Event: 1.804 Loaded shared library C:\Users\WINDOWS 11\AppData\Roaming\Code\User\globalStorage\redhat.java\1.41.1\config_win\org.eclipse.equinox.launcher\org.eclipse.equinox.launcher.win32.win32.x86_64_1.2.1300.v20250331-1702\eclipse_11911.dll
Event: 3.812 Loaded shared library C:\Users\WINDOWS 11\AppData\Local\Temp\jna--1946447619\jna9849960849031071926.dll

Deoptimization events (20 events):
Event: 862.828 Thread 0x000001da6f3a1320 DEOPT PACKING pc=0x000001da1bbeb348 sp=0x00000095058fdd60
Event: 862.828 Thread 0x000001da6f3a1320 DEOPT UNPACKING pc=0x000001da1b3d3aa2 sp=0x00000095058fdce8 mode 2
Event: 868.090 Thread 0x000001da6f3a1320 Uncommon trap: trap_request=0xffffffbe fr.pc=0x000001da1bbeb348 relative=0x00000000000001a8
Event: 868.090 Thread 0x000001da6f3a1320 Uncommon trap: reason=profile_predicate action=maybe_recompile pc=0x000001da1bbeb348 method=org.eclipse.jdt.internal.compiler.parser.Parser.consumeNonTypeUseName()V @ 82 c2
Event: 868.090 Thread 0x000001da6f3a1320 DEOPT PACKING pc=0x000001da1bbeb348 sp=0x00000095058fdd60
Event: 868.090 Thread 0x000001da6f3a1320 DEOPT UNPACKING pc=0x000001da1b3d3aa2 sp=0x00000095058fdce8 mode 2
Event: 868.856 Thread 0x000001da79ce3470 DEOPT PACKING pc=0x000001da165c7597 sp=0x0000009505ffe040
Event: 868.856 Thread 0x000001da79ce3470 DEOPT UNPACKING pc=0x000001da1b3d4242 sp=0x0000009505ffd500 mode 0
Event: 870.237 Thread 0x000001da6f3a1320 Uncommon trap: trap_request=0xffffff45 fr.pc=0x000001da1cb65248 relative=0x0000000000001728
Event: 870.237 Thread 0x000001da6f3a1320 Uncommon trap: reason=unstable_if action=reinterpret pc=0x000001da1cb65248 method=org.eclipse.jdt.internal.codeassist.CompletionEngine.computeRelevanceForInterestingProposal([C[C)I @ 70 c2
Event: 870.237 Thread 0x000001da6f3a1320 DEOPT PACKING pc=0x000001da1cb65248 sp=0x00000095058fdee0
Event: 870.237 Thread 0x000001da6f3a1320 DEOPT UNPACKING pc=0x000001da1b3d3aa2 sp=0x00000095058fdde8 mode 2
Event: 870.241 Thread 0x000001da79ce3b00 Uncommon trap: trap_request=0xffffff45 fr.pc=0x000001da1c9c8190 relative=0x00000000000008d0
Event: 870.241 Thread 0x000001da79ce3b00 Uncommon trap: reason=unstable_if action=reinterpret pc=0x000001da1c9c8190 method=java.util.concurrent.CompletableFuture$UniApply.tryFire(I)Ljava/util/concurrent/CompletableFuture; @ 44 c2
Event: 870.241 Thread 0x000001da79ce3b00 DEOPT PACKING pc=0x000001da1c9c8190 sp=0x0000009505dff030
Event: 870.241 Thread 0x000001da79ce3b00 DEOPT UNPACKING pc=0x000001da1b3d3aa2 sp=0x0000009505dff010 mode 2
Event: 876.486 Thread 0x000001da79ce3470 Uncommon trap: trap_request=0xffffff45 fr.pc=0x000001da1cba1d60 relative=0x0000000000000680
Event: 876.486 Thread 0x000001da79ce3470 Uncommon trap: reason=unstable_if action=reinterpret pc=0x000001da1cba1d60 method=org.eclipse.jdt.internal.compiler.codegen.CodeStream.recordPositionsFrom(IIZ)V @ 183 c2
Event: 876.486 Thread 0x000001da79ce3470 DEOPT PACKING pc=0x000001da1cba1d60 sp=0x0000009505ffdb50
Event: 876.486 Thread 0x000001da79ce3470 DEOPT UNPACKING pc=0x000001da1b3d3aa2 sp=0x0000009505ffdae8 mode 2

Classes loaded (20 events):
Event: 289.304 Loading class java/lang/Throwable$PrintStreamOrWriter done
Event: 289.304 Loading class java/lang/Throwable$WrappedPrintWriter done
Event: 304.606 Loading class java/util/stream/Nodes$CollectorTask$OfRef
Event: 304.606 Loading class java/util/stream/Nodes$CollectorTask
Event: 304.606 Loading class java/util/stream/Nodes$CollectorTask done
Event: 304.606 Loading class java/util/stream/Nodes$CollectorTask$OfRef done
Event: 304.610 Loading class java/util/function/LongFunction
Event: 304.610 Loading class java/util/function/LongFunction done
Event: 304.610 Loading class java/util/stream/Nodes$ConcNode
Event: 304.611 Loading class java/util/stream/Nodes$AbstractConcNode
Event: 304.611 Loading class java/util/stream/Nodes$AbstractConcNode done
Event: 304.611 Loading class java/util/stream/Nodes$ConcNode done
Event: 304.625 Loading class java/io/ObjectOutputStream$BlockDataOutputStream
Event: 304.625 Loading class java/io/ObjectOutputStream$BlockDataOutputStream done
Event: 304.625 Loading class java/io/ObjectOutputStream$HandleTable
Event: 304.625 Loading class java/io/ObjectOutputStream$HandleTable done
Event: 304.625 Loading class java/io/ObjectOutputStream$ReplaceTable
Event: 304.625 Loading class java/io/ObjectOutputStream$ReplaceTable done
Event: 440.749 Loading class sun/nio/ch/ChannelOutputStream
Event: 440.749 Loading class sun/nio/ch/ChannelOutputStream done

Classes unloaded (7 events):
Event: 4.522 Thread 0x000001da661e5120 Unloading class 0x000001da2619cc00 'java/lang/invoke/LambdaForm$MH+0x000001da2619cc00'
Event: 4.522 Thread 0x000001da661e5120 Unloading class 0x000001da2619c800 'java/lang/invoke/LambdaForm$MH+0x000001da2619c800'
Event: 4.522 Thread 0x000001da661e5120 Unloading class 0x000001da2619c400 'java/lang/invoke/LambdaForm$MH+0x000001da2619c400'
Event: 4.522 Thread 0x000001da661e5120 Unloading class 0x000001da2619c000 'java/lang/invoke/LambdaForm$MH+0x000001da2619c000'
Event: 4.522 Thread 0x000001da661e5120 Unloading class 0x000001da2619bc00 'java/lang/invoke/LambdaForm$BMH+0x000001da2619bc00'
Event: 4.522 Thread 0x000001da661e5120 Unloading class 0x000001da2619b800 'java/lang/invoke/LambdaForm$DMH+0x000001da2619b800'
Event: 4.522 Thread 0x000001da661e5120 Unloading class 0x000001da2619a400 'java/lang/invoke/LambdaForm$DMH+0x000001da2619a400'

Classes redefined (0 events):
No events

Internal exceptions (20 events):
Event: 868.091 Thread 0x000001da6f3a1320 Exception <a 'java/lang/ArrayIndexOutOfBoundsException'{0x00000000eac64fd0}> (0x00000000eac64fd0) 
thrown [s\src\hotspot\share\runtime\sharedRuntime.cpp, line 625]
Event: 870.200 Thread 0x000001da6f3a1320 Exception <a 'java/lang/ArrayIndexOutOfBoundsException'{0x00000000eab64760}> (0x00000000eab64760) 
thrown [s\src\hotspot\share\runtime\sharedRuntime.cpp, line 625]
Event: 870.202 Thread 0x000001da6f3a1320 Exception <a 'java/lang/ArrayIndexOutOfBoundsException'{0x00000000eabc32f0}> (0x00000000eabc32f0) 
thrown [s\src\hotspot\share\runtime\sharedRuntime.cpp, line 625]
Event: 870.202 Thread 0x000001da6f3a1320 Exception <a 'java/lang/ArrayIndexOutOfBoundsException'{0x00000000eabc4b10}> (0x00000000eabc4b10) 
thrown [s\src\hotspot\share\runtime\sharedRuntime.cpp, line 625]
Event: 870.202 Thread 0x000001da6f3a1320 Exception <a 'java/lang/ArrayIndexOutOfBoundsException'{0x00000000eabc5398}> (0x00000000eabc5398) 
thrown [s\src\hotspot\share\runtime\sharedRuntime.cpp, line 625]
Event: 871.010 Thread 0x000001da6f3a1320 Exception <a 'java/lang/ArrayIndexOutOfBoundsException'{0x00000000eaca4760}> (0x00000000eaca4760) 
thrown [s\src\hotspot\share\runtime\sharedRuntime.cpp, line 625]
Event: 871.012 Thread 0x000001da6f3a1320 Exception <a 'java/lang/ArrayIndexOutOfBoundsException'{0x00000000ead0b340}> (0x00000000ead0b340) 
thrown [s\src\hotspot\share\runtime\sharedRuntime.cpp, line 625]
Event: 871.012 Thread 0x000001da6f3a1320 Exception <a 'java/lang/ArrayIndexOutOfBoundsException'{0x00000000ead0cdf0}> (0x00000000ead0cdf0) 
thrown [s\src\hotspot\share\runtime\sharedRuntime.cpp, line 625]
Event: 871.012 Thread 0x000001da6f3a1320 Exception <a 'java/lang/ArrayIndexOutOfBoundsException'{0x00000000ead0d620}> (0x00000000ead0d620) 
thrown [s\src\hotspot\share\runtime\sharedRuntime.cpp, line 625]
Event: 871.815 Thread 0x000001da79ce3b00 Exception <a 'java/lang/ArrayIndexOutOfBoundsException'{0x00000000eab5ae58}> (0x00000000eab5ae58) 
thrown [s\src\hotspot\share\runtime\sharedRuntime.cpp, line 625]
Event: 872.063 Thread 0x000001da6f3a1320 Exception <a 'java/lang/ArrayIndexOutOfBoundsException'{0x00000000eac046a0}> (0x00000000eac046a0) 
thrown [s\src\hotspot\share\runtime\sharedRuntime.cpp, line 625]
Event: 872.065 Thread 0x000001da6f3a1320 Exception <a 'java/lang/ArrayIndexOutOfBoundsException'{0x00000000eac6f500}> (0x00000000eac6f500) 
thrown [s\src\hotspot\share\runtime\sharedRuntime.cpp, line 625]
Event: 872.065 Thread 0x000001da6f3a1320 Exception <a 'java/lang/ArrayIndexOutOfBoundsException'{0x00000000eac70f70}> (0x00000000eac70f70) 
thrown [s\src\hotspot\share\runtime\sharedRuntime.cpp, line 625]
Event: 872.065 Thread 0x000001da6f3a1320 Exception <a 'java/lang/ArrayIndexOutOfBoundsException'{0x00000000eac717a0}> (0x00000000eac717a0) 
thrown [s\src\hotspot\share\runtime\sharedRuntime.cpp, line 625]
Event: 872.311 Thread 0x000001da79ce3b00 Exception <a 'java/lang/ArrayIndexOutOfBoundsException'{0x00000000eab17138}> (0x00000000eab17138) 
thrown [s\src\hotspot\share\runtime\sharedRuntime.cpp, line 625]
Event: 872.626 Thread 0x000001da6f3a1320 Exception <a 'java/lang/ArrayIndexOutOfBoundsException'{0x00000000eaba9668}> (0x00000000eaba9668) 
thrown [s\src\hotspot\share\runtime\sharedRuntime.cpp, line 625]
Event: 872.628 Thread 0x000001da6f3a1320 Exception <a 'java/lang/ArrayIndexOutOfBoundsException'{0x00000000eac0f7a8}> (0x00000000eac0f7a8) 
thrown [s\src\hotspot\share\runtime\sharedRuntime.cpp, line 625]
Event: 872.628 Thread 0x000001da6f3a1320 Exception <a 'java/lang/ArrayIndexOutOfBoundsException'{0x00000000eac11228}> (0x00000000eac11228) 
thrown [s\src\hotspot\share\runtime\sharedRuntime.cpp, line 625]
Event: 872.628 Thread 0x000001da6f3a1320 Exception <a 'java/lang/ArrayIndexOutOfBoundsException'{0x00000000eac11800}> (0x00000000eac11800) 
thrown [s\src\hotspot\share\runtime\sharedRuntime.cpp, line 625]
Event: 872.879 Thread 0x000001da79ce5540 Exception <a 'java/lang/ArrayIndexOutOfBoundsException'{0x00000000eac4c200}> (0x00000000eac4c200) 
thrown [s\src\hotspot\share\runtime\sharedRuntime.cpp, line 625]

ZGC Phase Switch (0 events):
No events

VM Operations (20 events):
Event: 873.539 Executing VM operation: ParallelGCFailedAllocation (Allocation Failure)
Event: 873.543 Executing VM operation: ParallelGCFailedAllocation (Allocation Failure) done
Event: 873.698 Executing VM operation: ParallelGCFailedAllocation (Allocation Failure)
Event: 873.701 Executing VM operation: ParallelGCFailedAllocation (Allocation Failure) done
Event: 873.838 Executing VM operation: ParallelGCFailedAllocation (Allocation Failure)
Event: 873.841 Executing VM operation: ParallelGCFailedAllocation (Allocation Failure) done
Event: 874.736 Executing VM operation: ParallelGCFailedAllocation (Allocation Failure)
Event: 874.740 Executing VM operation: ParallelGCFailedAllocation (Allocation Failure) done
Event: 874.897 Executing VM operation: ParallelGCFailedAllocation (Allocation Failure)
Event: 874.900 Executing VM operation: ParallelGCFailedAllocation (Allocation Failure) done
Event: 875.034 Executing VM operation: ParallelGCFailedAllocation (Allocation Failure)
Event: 875.037 Executing VM operation: ParallelGCFailedAllocation (Allocation Failure) done
Event: 876.489 Executing VM operation: ParallelGCFailedAllocation (Allocation Failure)
Event: 876.493 Executing VM operation: ParallelGCFailedAllocation (Allocation Failure) done
Event: 876.618 Executing VM operation: ParallelGCFailedAllocation (Allocation Failure)
Event: 876.622 Executing VM operation: ParallelGCFailedAllocation (Allocation Failure) done
Event: 877.629 Executing VM operation: Cleanup
Event: 877.629 Executing VM operation: Cleanup done
Event: 878.022 Executing VM operation: ParallelGCFailedAllocation (Allocation Failure)
Event: 878.027 Executing VM operation: ParallelGCFailedAllocation (Allocation Failure) done

Memory protections (0 events):
No events

Nmethod flushes (20 events):
Event: 364.901 Thread 0x000001da661e5120 flushing  nmethod 0x000001da14d16490
Event: 364.901 Thread 0x000001da661e5120 flushing  nmethod 0x000001da14d17810
Event: 364.901 Thread 0x000001da661e5120 flushing  nmethod 0x000001da14d18310
Event: 364.901 Thread 0x000001da661e5120 flushing  nmethod 0x000001da14d18d90
Event: 364.901 Thread 0x000001da661e5120 flushing  nmethod 0x000001da14d19610
Event: 364.901 Thread 0x000001da661e5120 flushing  nmethod 0x000001da14d19e10
Event: 364.901 Thread 0x000001da661e5120 flushing  nmethod 0x000001da14d1a490
Event: 364.901 Thread 0x000001da661e5120 flushing  nmethod 0x000001da14d1a890
Event: 364.901 Thread 0x000001da661e5120 flushing  nmethod 0x000001da14d1b710
Event: 364.901 Thread 0x000001da661e5120 flushing  nmethod 0x000001da14d27690
Event: 364.901 Thread 0x000001da661e5120 flushing  nmethod 0x000001da14d27b90
Event: 364.901 Thread 0x000001da661e5120 flushing osr nmethod 0x000001da14d28490
Event: 364.901 Thread 0x000001da661e5120 flushing  nmethod 0x000001da14d2a490
Event: 364.901 Thread 0x000001da661e5120 flushing  nmethod 0x000001da14d2c090
Event: 364.901 Thread 0x000001da661e5120 flushing  nmethod 0x000001da14d2c690
Event: 364.901 Thread 0x000001da661e5120 flushing osr nmethod 0x000001da14d2e010
Event: 364.901 Thread 0x000001da661e5120 flushing  nmethod 0x000001da14d2e990
Event: 364.901 Thread 0x000001da661e5120 flushing  nmethod 0x000001da14d2f590
Event: 364.901 Thread 0x000001da661e5120 flushing  nmethod 0x000001da14d2fe10
Event: 364.901 Thread 0x000001da661e5120 flushing  nmethod 0x000001da14d39e90

Events (20 events):
Event: 651.613 Thread 0x000001da6fd98d60 Thread exited: 0x000001da6fd98d60
Event: 651.621 Thread 0x000001da6fd97220 Thread exited: 0x000001da6fd97220
Event: 672.058 Thread 0x000001da6d7669d0 Thread added: 0x000001da79cba440
Event: 716.832 Thread 0x000001da6d763be0 Thread added: 0x000001da79cb7ce0
Event: 727.631 Thread 0x000001da79cb8370 Thread exited: 0x000001da79cb8370
Event: 740.616 Thread 0x000001da6d763be0 Thread added: 0x000001da79cb9090
Event: 740.617 Thread 0x000001da79cb9090 Thread exited: 0x000001da79cb9090
Event: 740.677 Thread 0x000001da6f3a19b0 Thread exited: 0x000001da6f3a19b0
Event: 762.042 Thread 0x000001da6f3a1320 Thread added: 0x000001da79cb7650
Event: 770.145 Thread 0x000001da6d7669d0 Thread added: 0x000001da79cb8370
Event: 822.048 Thread 0x000001da79cb7650 Thread exited: 0x000001da79cb7650
Event: 828.047 Thread 0x000001da6f3a0600 Thread exited: 0x000001da6f3a0600
Event: 830.163 Thread 0x000001da79ce68f0 Thread exited: 0x000001da79ce68f0
Event: 833.977 Thread 0x000001da6f3a1320 Thread added: 0x000001da79cb9db0
Event: 855.320 Thread 0x000001da6811bea0 Thread added: 0x000001da6fd96b50
Event: 855.702 Thread 0x000001da6fd96b50 Thread exited: 0x000001da6fd96b50
Event: 861.254 Thread 0x000001da6811bea0 Thread added: 0x000001da6fd96b50
Event: 861.254 Thread 0x000001da6811bea0 Thread added: 0x000001da6fd978f0
Event: 861.589 Thread 0x000001da6fd978f0 Thread exited: 0x000001da6fd978f0
Event: 861.843 Thread 0x000001da6fd96b50 Thread exited: 0x000001da6fd96b50


Dynamic libraries:
0x00007ff6e3a20000 - 0x00007ff6e3a2e000 	c:\Users\WINDOWS 11\.vscode\extensions\redhat.java-1.41.1-win32-x64\jre\21.0.6-win32-x86_64\bin\java.exe
0x00007ffbaba60000 - 0x00007ffbabcc0000 	C:\WINDOWS\SYSTEM32\ntdll.dll
0x00007ffbaa1c0000 - 0x00007ffbaa287000 	C:\WINDOWS\System32\KERNEL32.DLL
0x00007ffba9330000 - 0x00007ffba96fa000 	C:\WINDOWS\System32\KERNELBASE.dll
0x00007ffba8cd0000 - 0x00007ffba8e1b000 	C:\WINDOWS\System32\ucrtbase.dll
0x00007ffba4a90000 - 0x00007ffba4aa8000 	c:\Users\WINDOWS 11\.vscode\extensions\redhat.java-1.41.1-win32-x64\jre\21.0.6-win32-x86_64\bin\jli.dll
0x00007ffba4a50000 - 0x00007ffba4a6e000 	c:\Users\WINDOWS 11\.vscode\extensions\redhat.java-1.41.1-win32-x64\jre\21.0.6-win32-x86_64\bin\VCRUNTIME140.dll
0x00007ffb96020000 - 0x00007ffb962b7000 	C:\WINDOWS\WinSxS\amd64_microsoft.windows.common-controls_6595b64144ccf1df_6.0.26100.3624_none_3e086962e3345f24\COMCTL32.dll
0x00007ffba99d0000 - 0x00007ffba9b9c000 	C:\WINDOWS\System32\USER32.dll
0x00007ffba9010000 - 0x00007ffba9037000 	C:\WINDOWS\System32\win32u.dll
0x00007ffbab160000 - 0x00007ffbab209000 	C:\WINDOWS\System32\msvcrt.dll
0x00007ffba9d50000 - 0x00007ffba9d7a000 	C:\WINDOWS\System32\GDI32.dll
0x00007ffba8ed0000 - 0x00007ffba9001000 	C:\WINDOWS\System32\gdi32full.dll
0x00007ffba8e20000 - 0x00007ffba8ec3000 	C:\WINDOWS\System32\msvcp_win.dll
0x00007ffbab210000 - 0x00007ffbab23f000 	C:\WINDOWS\System32\IMM32.DLL
0x00007ffba4a80000 - 0x00007ffba4a8c000 	c:\Users\WINDOWS 11\.vscode\extensions\redhat.java-1.41.1-win32-x64\jre\21.0.6-win32-x86_64\bin\vcruntime140_1.dll
0x00007ffb8b410000 - 0x00007ffb8b49d000 	c:\Users\WINDOWS 11\.vscode\extensions\redhat.java-1.41.1-win32-x64\jre\21.0.6-win32-x86_64\bin\msvcp140.dll
0x00007ffb41020000 - 0x00007ffb41db0000 	c:\Users\WINDOWS 11\.vscode\extensions\redhat.java-1.41.1-win32-x64\jre\21.0.6-win32-x86_64\bin\server\jvm.dll
0x00007ffbaa070000 - 0x00007ffbaa122000 	C:\WINDOWS\System32\ADVAPI32.dll
0x00007ffbaa290000 - 0x00007ffbaa336000 	C:\WINDOWS\System32\sechost.dll
0x00007ffba9ba0000 - 0x00007ffba9cb6000 	C:\WINDOWS\System32\RPCRT4.dll
0x00007ffbaa6d0000 - 0x00007ffbaa744000 	C:\WINDOWS\System32\WS2_32.dll
0x00007ffba8a90000 - 0x00007ffba8aee000 	C:\WINDOWS\SYSTEM32\POWRPROF.dll
0x00007ffba1d60000 - 0x00007ffba1d6b000 	C:\WINDOWS\SYSTEM32\VERSION.dll
0x00007ffba0730000 - 0x00007ffba0766000 	C:\WINDOWS\SYSTEM32\WINMM.dll
0x00007ffba8a70000 - 0x00007ffba8a84000 	C:\WINDOWS\SYSTEM32\UMPDC.dll
0x00007ffba7a50000 - 0x00007ffba7a6a000 	C:\WINDOWS\SYSTEM32\kernel.appcore.dll
0x00007ffba2ee0000 - 0x00007ffba2eea000 	c:\Users\WINDOWS 11\.vscode\extensions\redhat.java-1.41.1-win32-x64\jre\21.0.6-win32-x86_64\bin\jimage.dll
0x00007ffba6290000 - 0x00007ffba64d1000 	C:\WINDOWS\SYSTEM32\DBGHELP.DLL
0x00007ffbaa340000 - 0x00007ffbaa6c2000 	C:\WINDOWS\System32\combase.dll
0x00007ffba9860000 - 0x00007ffba9936000 	C:\WINDOWS\System32\OLEAUT32.dll
0x00007ffb77670000 - 0x00007ffb776a9000 	C:\WINDOWS\SYSTEM32\dbgcore.DLL
0x00007ffba97c0000 - 0x00007ffba9859000 	C:\WINDOWS\System32\bcryptPrimitives.dll
0x00007ffba1bc0000 - 0x00007ffba1bcf000 	c:\Users\WINDOWS 11\.vscode\extensions\redhat.java-1.41.1-win32-x64\jre\21.0.6-win32-x86_64\bin\instrument.dll
0x00007ffba1ba0000 - 0x00007ffba1bbf000 	c:\Users\WINDOWS 11\.vscode\extensions\redhat.java-1.41.1-win32-x64\jre\21.0.6-win32-x86_64\bin\java.dll
0x00007ffbab2c0000 - 0x00007ffbab9e9000 	C:\WINDOWS\System32\SHELL32.dll
0x00007ffba91c0000 - 0x00007ffba9328000 	C:\WINDOWS\System32\wintypes.dll
0x00007ffba68b0000 - 0x00007ffba7102000 	C:\WINDOWS\SYSTEM32\windows.storage.dll
0x00007ffba9de0000 - 0x00007ffba9ecd000 	C:\WINDOWS\System32\SHCORE.dll
0x00007ffbab250000 - 0x00007ffbab2b4000 	C:\WINDOWS\System32\shlwapi.dll
0x00007ffba8b50000 - 0x00007ffba8b7f000 	C:\WINDOWS\SYSTEM32\profapi.dll
0x00007ffba0590000 - 0x00007ffba05a8000 	c:\Users\WINDOWS 11\.vscode\extensions\redhat.java-1.41.1-win32-x64\jre\21.0.6-win32-x86_64\bin\zip.dll
0x00007ffba0580000 - 0x00007ffba0590000 	C:\Users\WINDOWS 11\.vscode\extensions\redhat.java-1.41.1-win32-x64\jre\21.0.6-win32-x86_64\bin\net.dll
0x00007ffba2b10000 - 0x00007ffba2c2d000 	C:\WINDOWS\SYSTEM32\WINHTTP.dll
0x00007ffba7f70000 - 0x00007ffba7fda000 	C:\WINDOWS\system32\mswsock.dll
0x00007ffba0480000 - 0x00007ffba0496000 	C:\Users\WINDOWS 11\.vscode\extensions\redhat.java-1.41.1-win32-x64\jre\21.0.6-win32-x86_64\bin\nio.dll
0x00007ffba10f0000 - 0x00007ffba1100000 	c:\Users\WINDOWS 11\.vscode\extensions\redhat.java-1.41.1-win32-x64\jre\21.0.6-win32-x86_64\bin\verify.dll
0x00007ffba02b0000 - 0x00007ffba02f5000 	C:\Users\WINDOWS 11\AppData\Roaming\Code\User\globalStorage\redhat.java\1.41.1\config_win\org.eclipse.equinox.launcher\org.eclipse.equinox.launcher.win32.win32.x86_64_1.2.1300.v20250331-1702\eclipse_11911.dll
0x00007ffba9ed0000 - 0x00007ffbaa066000 	C:\WINDOWS\System32\ole32.dll
0x00007ffba8210000 - 0x00007ffba822c000 	C:\WINDOWS\SYSTEM32\CRYPTSP.dll
0x00007ffba79b0000 - 0x00007ffba79ea000 	C:\WINDOWS\system32\rsaenh.dll
0x00007ffba8010000 - 0x00007ffba803b000 	C:\WINDOWS\SYSTEM32\USERENV.dll
0x00007ffba8b20000 - 0x00007ffba8b46000 	C:\WINDOWS\SYSTEM32\bcrypt.dll
0x00007ffba8230000 - 0x00007ffba823c000 	C:\WINDOWS\SYSTEM32\CRYPTBASE.dll
0x00007ffba7480000 - 0x00007ffba74b3000 	C:\WINDOWS\SYSTEM32\IPHLPAPI.DLL
0x00007ffba99a0000 - 0x00007ffba99aa000 	C:\WINDOWS\System32\NSI.dll
0x00007ffb986e0000 - 0x00007ffb98729000 	C:\Users\WINDOWS 11\AppData\Local\Temp\jna--1946447619\jna9849960849031071926.dll
0x00007ffbab150000 - 0x00007ffbab158000 	C:\WINDOWS\System32\PSAPI.DLL
0x00007ffba3600000 - 0x00007ffba361f000 	C:\WINDOWS\SYSTEM32\dhcpcsvc6.DLL
0x00007ffba35d0000 - 0x00007ffba35f5000 	C:\WINDOWS\SYSTEM32\dhcpcsvc.DLL

dbghelp: loaded successfully - version: 4.0.5 - missing functions: none
symbol engine: initialized successfully - sym options: 0x614 - pdb path: .;c:\Users\WINDOWS 11\.vscode\extensions\redhat.java-1.41.1-win32-x64\jre\21.0.6-win32-x86_64\bin;C:\WINDOWS\SYSTEM32;C:\WINDOWS\WinSxS\amd64_microsoft.windows.common-controls_6595b64144ccf1df_6.0.26100.3624_none_3e086962e3345f24;c:\Users\WINDOWS 11\.vscode\extensions\redhat.java-1.41.1-win32-x64\jre\21.0.6-win32-x86_64\bin\server;C:\Users\WINDOWS 11\AppData\Roaming\Code\User\globalStorage\redhat.java\1.41.1\config_win\org.eclipse.equinox.launcher\org.eclipse.equinox.launcher.win32.win32.x86_64_1.2.1300.v20250331-1702;C:\Users\WINDOWS 11\AppData\Local\Temp\jna--1946447619

VM Arguments:
jvm_args: --add-modules=ALL-SYSTEM --add-opens=java.base/java.util=ALL-UNNAMED --add-opens=java.base/java.lang=ALL-UNNAMED --add-opens=java.base/sun.nio.fs=ALL-UNNAMED -Declipse.application=org.eclipse.jdt.ls.core.id1 -Dosgi.bundles.defaultStartLevel=4 -Declipse.product=org.eclipse.jdt.ls.core.product -Djava.import.generatesMetadataFilesAtProjectRoot=false -DDetectVMInstallationsJob.disabled=true -Dfile.encoding=utf8 -XX:+UseParallelGC -XX:GCTimeRatio=4 -XX:AdaptiveSizePolicyWeight=90 -Dsun.zip.disableMemoryMapping=true -Xmx1G -Xms100m -Xlog:disable -javaagent:c:\Users\WINDOWS 11\.vscode\extensions\redhat.java-1.41.1-win32-x64\lombok\lombok-1.18.36.jar -XX:+HeapDumpOnOutOfMemoryError -XX:HeapDumpPath=c:\Users\WINDOWS 11\AppData\Roaming\Code\User\workspaceStorage\6045f913ad7b5f2d1be30205fba5f166\redhat.java -Daether.dependencyCollector.impl=bf 
java_command: c:\Users\WINDOWS 11\.vscode\extensions\redhat.java-1.41.1-win32-x64\server\plugins\org.eclipse.equinox.launcher_1.7.0.v20250331-1702.jar -configuration c:\Users\WINDOWS 11\AppData\Roaming\Code\User\globalStorage\redhat.java\1.41.1\config_win -data c:\Users\WINDOWS 11\AppData\Roaming\Code\User\workspaceStorage\6045f913ad7b5f2d1be30205fba5f166\redhat.java\jdt_ws --pipe=\\.\pipe\lsp-9566c459fbb0fbb10554c89e44da2228-sock
java_class_path (initial): c:\Users\WINDOWS 11\.vscode\extensions\redhat.java-1.41.1-win32-x64\server\plugins\org.eclipse.equinox.launcher_1.7.0.v20250331-1702.jar
Launcher Type: SUN_STANDARD

[Global flags]
    uintx AdaptiveSizePolicyWeight                 = 90                                        {product} {command line}
     intx CICompilerCount                          = 4                                         {product} {ergonomic}
    uintx GCTimeRatio                              = 4                                         {product} {command line}
     bool HeapDumpOnOutOfMemoryError               = true                                   {manageable} {command line}
    ccstr HeapDumpPath                             = c:\Users\WINDOWS 11\AppData\Roaming\Code\User\workspaceStorage\6045f913ad7b5f2d1be30205fba5f166\redhat.java         {manageable} {command line}
   size_t InitialHeapSize                          = 104857600                                 {product} {command line}
   size_t MaxHeapSize                              = 1073741824                                {product} {command line}
   size_t MaxNewSize                               = 357564416                                 {product} {ergonomic}
   size_t MinHeapDeltaBytes                        = 524288                                    {product} {ergonomic}
   size_t MinHeapSize                              = 104857600                                 {product} {command line}
   size_t NewSize                                  = 34603008                                  {product} {ergonomic}
    uintx NonNMethodCodeHeapSize                   = 5839372                                {pd product} {ergonomic}
    uintx NonProfiledCodeHeapSize                  = 122909434                              {pd product} {ergonomic}
   size_t OldSize                                  = 70254592                                  {product} {ergonomic}
    uintx ProfiledCodeHeapSize                     = 122909434                              {pd product} {ergonomic}
    uintx ReservedCodeCacheSize                    = 251658240                              {pd product} {ergonomic}
     bool SegmentedCodeCache                       = true                                      {product} {ergonomic}
   size_t SoftMaxHeapSize                          = 1073741824                             {manageable} {ergonomic}
     bool UseCompressedOops                        = true                           {product lp64_product} {ergonomic}
     bool UseLargePagesIndividualAllocation        = false                                  {pd product} {ergonomic}
     bool UseParallelGC                            = true                                      {product} {command line}

Logging:
Log output configuration:
 #0: stdout all=off uptime,level,tags foldmultilines=false
 #1: stderr all=off uptime,level,tags foldmultilines=false

Environment Variables:
PATH=C:\Program Files\Java\jdk-23\bin;C:\WINDOWS\system32;C:\WINDOWS;C:\WINDOWS\System32\Wbem;C:\WINDOWS\System32\WindowsPowerShell\v1.0\;C:\WINDOWS\System32\OpenSSH\;C:\Program Files\Git\cmd;C:\Users\WINDOWS 11\AppData\Local\Microsoft\WindowsApps;C:\Users\WINDOWS 11\AppData\Local\Programs\Microsoft VS Code\bin;
USERNAME=WINDOWS 11
OS=Windows_NT
PROCESSOR_IDENTIFIER=AMD64 Family 25 Model 80 Stepping 0, AuthenticAMD
TMP=C:\Users\WINDOW~1\AppData\Local\Temp
TEMP=C:\Users\WINDOW~1\AppData\Local\Temp




Periodic native trim disabled

---------------  S Y S T E M  ---------------

OS:
 Windows 11 , 64 bit Build 26100 (10.0.26100.3775)
OS uptime: 0 days 2:03 hours
Hyper-V role detected

CPU: total 12 (initial active 12) (12 cores per cpu, 2 threads per core) family 25 model 80 stepping 0 microcode 0xa50000d, cx8, cmov, fxsr, ht, mmx, 3dnowpref, sse, sse2, sse3, ssse3, sse4a, sse4.1, sse4.2, popcnt, lzcnt, tsc, tscinvbit, avx, avx2, aes, erms, clmul, bmi1, bmi2, adx, sha, fma, vzeroupper, clflush, clflushopt, hv, rdtscp, rdpid, fsrm, f16c, cet_ss
Processor Information for processor 0
  Max Mhz: 3301, Current Mhz: 1805, Mhz Limit: 3301
Processor Information for processor 1
  Max Mhz: 3301, Current Mhz: 1908, Mhz Limit: 3301
Processor Information for processor 2
  Max Mhz: 3301, Current Mhz: 1805, Mhz Limit: 3301
Processor Information for processor 3
  Max Mhz: 3301, Current Mhz: 1805, Mhz Limit: 3301
Processor Information for processor 4
  Max Mhz: 3301, Current Mhz: 1805, Mhz Limit: 3301
Processor Information for processor 5
  Max Mhz: 3301, Current Mhz: 1805, Mhz Limit: 3301
Processor Information for processor 6
  Max Mhz: 3301, Current Mhz: 1805, Mhz Limit: 3301
Processor Information for processor 7
  Max Mhz: 3301, Current Mhz: 1805, Mhz Limit: 3301
Processor Information for processor 8
  Max Mhz: 3301, Current Mhz: 1805, Mhz Limit: 3301
Processor Information for processor 9
  Max Mhz: 3301, Current Mhz: 1805, Mhz Limit: 3301
Processor Information for processor 10
  Max Mhz: 3301, Current Mhz: 1805, Mhz Limit: 3301
Processor Information for processor 11
  Max Mhz: 3301, Current Mhz: 1805, Mhz Limit: 3301

Memory: 4k page, system-wide physical 7583M (1170M free)
TotalPageFile size 9631M (AvailPageFile size 3M)
current process WorkingSet (physical memory assigned to process): 998M, peak: 998M
current process commit charge ("private bytes"): 896M, peak: 932M

vm_info: OpenJDK 64-Bit Server VM (21.0.6+7-LTS) for windows-amd64 JRE (21.0.6+7-LTS), built on 2025-01-21T00:00:00Z by "admin" with MS VC++ 17.7 (VS2022)

END.
