#
# There is insufficient memory for the Java Runtime Environment to continue.
# Native memory allocation (malloc) failed to allocate 1624672 bytes. Error detail: Chunk::new
# Possible reasons:
#   The system is out of physical RAM or swap space
#   This process is running with CompressedOops enabled, and the Java Heap may be blocking the growth of the native heap
# Possible solutions:
#   Reduce memory load on the system
#   Increase physical memory or swap space
#   Check if swap backing store is full
#   Decrease Java heap size (-Xmx/-Xms)
#   Decrease number of Java threads
#   Decrease Java thread stack sizes (-Xss)
#   Set larger code cache with -XX:ReservedCodeCacheSize=
#   JVM is running with Unscaled Compressed Oops mode in which the Java heap is
#     placed in the first 4GB address space. The Java Heap base address is the
#     maximum limit for the native heap growth. Please use -XX:HeapBaseMinAddress
#     to set the Java Heap base and to place the Java Heap above 4GB virtual address.
# This output file may be truncated or incomplete.
#
#  Out of Memory Error (arena.cpp:168), pid=7000, tid=3296
#
# JRE version: OpenJDK Runtime Environment Temurin-21.0.6+7 (21.0.6+7) (build 21.0.6+7-LTS)
# Java VM: OpenJDK 64-Bit Server VM Temurin-21.0.6+7 (21.0.6+7-LTS, mixed mode, sharing, tiered, compressed oops, compressed class ptrs, parallel gc, windows-amd64)
# No core dump will be written. Minidumps are not enabled by default on client versions of Windows
#

---------------  S U M M A R Y ------------

Command Line: --add-modules=ALL-SYSTEM --add-opens=java.base/java.util=ALL-UNNAMED --add-opens=java.base/java.lang=ALL-UNNAMED --add-opens=java.base/sun.nio.fs=ALL-UNNAMED -Declipse.application=org.eclipse.jdt.ls.core.id1 -Dosgi.bundles.defaultStartLevel=4 -Declipse.product=org.eclipse.jdt.ls.core.product -Djava.import.generatesMetadataFilesAtProjectRoot=false -DDetectVMInstallationsJob.disabled=true -Dfile.encoding=utf8 -XX:+UseParallelGC -XX:GCTimeRatio=4 -XX:AdaptiveSizePolicyWeight=90 -Dsun.zip.disableMemoryMapping=true -Xmx1G -Xms100m -Xlog:disable -javaagent:c:\Users\WINDOWS 11\.vscode\extensions\redhat.java-1.41.1-win32-x64\lombok\lombok-1.18.36.jar -XX:+HeapDumpOnOutOfMemoryError -XX:HeapDumpPath=c:\Users\WINDOWS 11\AppData\Roaming\Code\User\workspaceStorage\6045f913ad7b5f2d1be30205fba5f166\redhat.java -Daether.dependencyCollector.impl=bf c:\Users\WINDOWS 11\.vscode\extensions\redhat.java-1.41.1-win32-x64\server\plugins\org.eclipse.equinox.launcher_1.7.0.v20250331-1702.jar -configuration c:\Users\WINDOWS 11\AppData\Roaming\Code\User\globalStorage\redhat.java\1.41.1\config_win -data c:\Users\WINDOWS 11\AppData\Roaming\Code\User\workspaceStorage\6045f913ad7b5f2d1be30205fba5f166\redhat.java\jdt_ws --pipe=\\.\pipe\lsp-4d3ab7d2578cdbfafa82dadbf343ec8d-sock

Host: AMD Ryzen 5 5600H with Radeon Graphics         , 12 cores, 7G,  Windows 11 , 64 bit Build 26100 (10.0.26100.3775)
Time: Sun May 18 19:16:45 2025 SE Asia Standard Time elapsed time: 45.587517 seconds (0d 0h 0m 45s)

---------------  T H R E A D  ---------------

Current thread (0x000001abfc0158f0):  JavaThread "C2 CompilerThread0" daemon [_thread_in_native, id=3296, stack(0x0000000263800000,0x0000000263900000) (1024K)]


Current CompileTask:
C2:45587 9272       4       org.eclipse.osgi.internal.loader.BundleLoader::addExportedProvidersFor (167 bytes)

Stack: [0x0000000263800000,0x0000000263900000]
Native frames: (J=compiled Java code, j=interpreted, Vv=VM code, C=native code)
V  [jvm.dll+0x6cdee9]
V  [jvm.dll+0x8a83d1]
V  [jvm.dll+0x8aa8fe]
V  [jvm.dll+0x8aafe3]
V  [jvm.dll+0x27f706]
V  [jvm.dll+0xc500d]
V  [jvm.dll+0xc5543]
V  [jvm.dll+0x3b678c]
V  [jvm.dll+0x1e0009]
V  [jvm.dll+0x247b42]
V  [jvm.dll+0x246fcf]
V  [jvm.dll+0x1c75ee]
V  [jvm.dll+0x25685a]
V  [jvm.dll+0x254dfa]
V  [jvm.dll+0x3f0256]
V  [jvm.dll+0x851f8b]
V  [jvm.dll+0x6cc5ed]
C  [ucrtbase.dll+0x37b0]
C  [KERNEL32.DLL+0x2e8d7]
C  [ntdll.dll+0xb14fc]


---------------  P R O C E S S  ---------------

Threads class SMR info:
_java_thread_list=0x000001abfd8f65d0, length=61, elements={
0x000001abe1999fd0, 0x000001abfc0044b0, 0x000001abf5d8ccf0, 0x000001abfc0074d0,
0x000001abfc008120, 0x000001abfc00c140, 0x000001abfc011490, 0x000001abfc0158f0,
0x000001abfc0358c0, 0x000001abfc10da60, 0x000001abfc2ed280, 0x000001abfcdca140,
0x000001abfc1e09c0, 0x000001abfcf9f010, 0x000001abfc9db350, 0x000001abfcf88330,
0x000001abfcf97250, 0x000001abfcf3e850, 0x000001abfcf3e1c0, 0x000001abfcf3eee0,
0x000001abfcf3f570, 0x000001abfd92fdc0, 0x000001abfd930450, 0x000001abfd92f730,
0x000001abfd930ae0, 0x000001abfd932520, 0x000001abfd931170, 0x000001abfd92f0a0,
0x000001abfd933240, 0x000001abfd934c80, 0x000001abfd9345f0, 0x000001abfd9338d0,
0x000001abfd933f60, 0x000001abfd931800, 0x000001abfd935310, 0x000001abfd931e90,
0x000001abfd9359a0, 0x000001abfd936030, 0x000001abfd932bb0, 0x000001abfd9366c0,
0x000001abc12ab350, 0x000001abc12ad420, 0x000001abc12adab0, 0x000001abc12ab9e0,
0x000001abc12acd90, 0x000001abc12ae140, 0x000001abc12aacc0, 0x000001abc12ae7d0,
0x000001abc12aee60, 0x000001abc12af4f0, 0x000001abc12ac070, 0x000001abc12b0f30,
0x000001abc12b15c0, 0x000001abc12afb80, 0x000001abc12b08a0, 0x000001abc12b1c50,
0x000001abc12b22e0, 0x000001abc12b0210, 0x000001abc2f7ae80, 0x000001abc2f79ad0,
0x000001abcc4a5930
}

Java Threads: ( => current thread )
  0x000001abe1999fd0 JavaThread "main"                              [_thread_blocked, id=796, stack(0x0000000262e00000,0x0000000262f00000) (1024K)]
  0x000001abfc0044b0 JavaThread "Reference Handler"          daemon [_thread_blocked, id=16264, stack(0x0000000263200000,0x0000000263300000) (1024K)]
  0x000001abf5d8ccf0 JavaThread "Finalizer"                  daemon [_thread_blocked, id=14452, stack(0x0000000263300000,0x0000000263400000) (1024K)]
  0x000001abfc0074d0 JavaThread "Signal Dispatcher"          daemon [_thread_blocked, id=5056, stack(0x0000000263400000,0x0000000263500000) (1024K)]
  0x000001abfc008120 JavaThread "Attach Listener"            daemon [_thread_blocked, id=14776, stack(0x0000000263500000,0x0000000263600000) (1024K)]
  0x000001abfc00c140 JavaThread "Service Thread"             daemon [_thread_blocked, id=3272, stack(0x0000000263600000,0x0000000263700000) (1024K)]
  0x000001abfc011490 JavaThread "Monitor Deflation Thread"   daemon [_thread_blocked, id=3880, stack(0x0000000263700000,0x0000000263800000) (1024K)]
=>0x000001abfc0158f0 JavaThread "C2 CompilerThread0"         daemon [_thread_in_native, id=3296, stack(0x0000000263800000,0x0000000263900000) (1024K)]
  0x000001abfc0358c0 JavaThread "C1 CompilerThread0"         daemon [_thread_blocked, id=17352, stack(0x0000000263900000,0x0000000263a00000) (1024K)]
  0x000001abfc10da60 JavaThread "Common-Cleaner"             daemon [_thread_blocked, id=12380, stack(0x0000000263a00000,0x0000000263b00000) (1024K)]
  0x000001abfc2ed280 JavaThread "Notification Thread"        daemon [_thread_blocked, id=14148, stack(0x0000000263c00000,0x0000000263d00000) (1024K)]
  0x000001abfcdca140 JavaThread "Active Thread: Equinox Container: 5948852c-e2e8-45a6-96ff-a2ddd403fd3d"        [_thread_blocked, id=5068, stack(0x0000000264400000,0x0000000264500000) (1024K)]
  0x000001abfc1e09c0 JavaThread "Refresh Thread: Equinox Container: 5948852c-e2e8-45a6-96ff-a2ddd403fd3d" daemon [_thread_blocked, id=15020, stack(0x0000000263b00000,0x0000000263c00000) (1024K)]
  0x000001abfcf9f010 JavaThread "Framework Event Dispatcher: Equinox Container: 5948852c-e2e8-45a6-96ff-a2ddd403fd3d" daemon [_thread_blocked, id=14144, stack(0x0000000264500000,0x0000000264600000) (1024K)]
  0x000001abfc9db350 JavaThread "Start Level: Equinox Container: 5948852c-e2e8-45a6-96ff-a2ddd403fd3d" daemon [_thread_blocked, id=17320, stack(0x0000000264600000,0x0000000264700000) (1024K)]
  0x000001abfcf88330 JavaThread "Bundle File Closer"         daemon [_thread_blocked, id=11576, stack(0x0000000264700000,0x0000000264800000) (1024K)]
  0x000001abfcf97250 JavaThread "SCR Component Actor"        daemon [_thread_blocked, id=13484, stack(0x0000000264a00000,0x0000000264b00000) (1024K)]
  0x000001abfcf3e850 JavaThread "Worker-JM"                         [_thread_blocked, id=4920, stack(0x0000000264d00000,0x0000000264e00000) (1024K)]
  0x000001abfcf3e1c0 JavaThread "JNA Cleaner"                daemon [_thread_blocked, id=9228, stack(0x0000000264c00000,0x0000000264d00000) (1024K)]
  0x000001abfcf3eee0 JavaThread "Worker-0"                          [_thread_blocked, id=15880, stack(0x0000000264e00000,0x0000000264f00000) (1024K)]
  0x000001abfcf3f570 JavaThread "Worker-1"                          [_thread_blocked, id=9460, stack(0x0000000264f00000,0x0000000265000000) (1024K)]
  0x000001abfd92fdc0 JavaThread "Java indexing"              daemon [_thread_blocked, id=13004, stack(0x0000000265100000,0x0000000265200000) (1024K)]
  0x000001abfd930450 JavaThread "Worker-2"                          [_thread_blocked, id=9980, stack(0x0000000265200000,0x0000000265300000) (1024K)]
  0x000001abfd92f730 JavaThread "Worker-3"                          [_thread_blocked, id=6784, stack(0x0000000265400000,0x0000000265500000) (1024K)]
  0x000001abfd930ae0 JavaThread "Worker-4"                          [_thread_blocked, id=2912, stack(0x0000000265700000,0x0000000265800000) (1024K)]
  0x000001abfd932520 JavaThread "Worker-5"                          [_thread_blocked, id=15168, stack(0x0000000265800000,0x0000000265900000) (1024K)]
  0x000001abfd931170 JavaThread "Thread-2"                   daemon [_thread_in_native, id=2024, stack(0x0000000265900000,0x0000000265a00000) (1024K)]
  0x000001abfd92f0a0 JavaThread "Thread-3"                   daemon [_thread_in_native, id=3600, stack(0x0000000265a00000,0x0000000265b00000) (1024K)]
  0x000001abfd933240 JavaThread "Thread-4"                   daemon [_thread_in_native, id=15552, stack(0x0000000265b00000,0x0000000265c00000) (1024K)]
  0x000001abfd934c80 JavaThread "Thread-5"                   daemon [_thread_in_native, id=16128, stack(0x0000000265c00000,0x0000000265d00000) (1024K)]
  0x000001abfd9345f0 JavaThread "Thread-6"                   daemon [_thread_in_native, id=12356, stack(0x0000000265d00000,0x0000000265e00000) (1024K)]
  0x000001abfd9338d0 JavaThread "Thread-7"                   daemon [_thread_in_native, id=4964, stack(0x0000000265e00000,0x0000000265f00000) (1024K)]
  0x000001abfd933f60 JavaThread "Thread-8"                   daemon [_thread_in_native, id=13580, stack(0x0000000265f00000,0x0000000266000000) (1024K)]
  0x000001abfd931800 JavaThread "Thread-9"                   daemon [_thread_in_native, id=14676, stack(0x0000000266000000,0x0000000266100000) (1024K)]
  0x000001abfd935310 JavaThread "Thread-10"                  daemon [_thread_in_native, id=6808, stack(0x0000000266100000,0x0000000266200000) (1024K)]
  0x000001abfd931e90 JavaThread "Thread-11"                  daemon [_thread_in_native, id=3008, stack(0x0000000266200000,0x0000000266300000) (1024K)]
  0x000001abfd9359a0 JavaThread "Thread-12"                  daemon [_thread_in_native, id=1248, stack(0x0000000266300000,0x0000000266400000) (1024K)]
  0x000001abfd936030 JavaThread "Thread-13"                  daemon [_thread_in_native, id=15732, stack(0x0000000266400000,0x0000000266500000) (1024K)]
  0x000001abfd932bb0 JavaThread "Thread-14"                  daemon [_thread_in_native, id=14884, stack(0x0000000266500000,0x0000000266600000) (1024K)]
  0x000001abfd9366c0 JavaThread "pool-2-thread-1"                   [_thread_blocked, id=12180, stack(0x0000000266600000,0x0000000266700000) (1024K)]
  0x000001abc12ab350 JavaThread "WorkspaceEventsHandler"            [_thread_blocked, id=5828, stack(0x0000000266800000,0x0000000266900000) (1024K)]
  0x000001abc12ad420 JavaThread "pool-1-thread-1"                   [_thread_blocked, id=200, stack(0x0000000266900000,0x0000000266a00000) (1024K)]
  0x000001abc12adab0 JavaThread "LocalFile Deleter"          daemon [_thread_blocked, id=6576, stack(0x0000000264b00000,0x0000000264c00000) (1024K)]
  0x000001abc12ab9e0 JavaThread "LocalFile Deleter"          daemon [_thread_blocked, id=16532, stack(0x0000000266b00000,0x0000000266c00000) (1024K)]
  0x000001abc12acd90 JavaThread "LocalFile Deleter"          daemon [_thread_blocked, id=16864, stack(0x0000000266c00000,0x0000000266d00000) (1024K)]
  0x000001abc12ae140 JavaThread "Compiler Source File Reader" daemon [_thread_blocked, id=16492, stack(0x0000000266d00000,0x0000000266e00000) (1024K)]
  0x000001abc12aacc0 JavaThread "Compiler Source File Reader" daemon [_thread_blocked, id=10272, stack(0x0000000266e00000,0x0000000266f00000) (1024K)]
  0x000001abc12ae7d0 JavaThread "Compiler Source File Reader" daemon [_thread_blocked, id=10544, stack(0x0000000266f00000,0x0000000267000000) (1024K)]
  0x000001abc12aee60 JavaThread "Compiler Source File Reader" daemon [_thread_blocked, id=15196, stack(0x0000000267000000,0x0000000267100000) (1024K)]
  0x000001abc12af4f0 JavaThread "Compiler Processing Task"   daemon [_thread_blocked, id=12748, stack(0x0000000267100000,0x0000000267200000) (1024K)]
  0x000001abc12ac070 JavaThread "Compiler Class File Writer" daemon [_thread_blocked, id=8452, stack(0x0000000267200000,0x0000000267300000) (1024K)]
  0x000001abc12b0f30 JavaThread "Compiler Class File Writer" daemon [_thread_blocked, id=16360, stack(0x0000000267300000,0x0000000267400000) (1024K)]
  0x000001abc12b15c0 JavaThread "Compiler Class File Writer" daemon [_thread_blocked, id=17236, stack(0x0000000267400000,0x0000000267500000) (1024K)]
  0x000001abc12afb80 JavaThread "ForkJoinPool.commonPool-worker-1" daemon [_thread_blocked, id=6728, stack(0x0000000267500000,0x0000000267600000) (1024K)]
  0x000001abc12b08a0 JavaThread "ForkJoinPool.commonPool-worker-2" daemon [_thread_blocked, id=14612, stack(0x0000000267600000,0x0000000267700000) (1024K)]
  0x000001abc12b1c50 JavaThread "ForkJoinPool.commonPool-worker-3" daemon [_thread_blocked, id=17156, stack(0x0000000267700000,0x0000000267800000) (1024K)]
  0x000001abc12b22e0 JavaThread "ForkJoinPool.commonPool-worker-4" daemon [_thread_blocked, id=9108, stack(0x0000000267800000,0x0000000267900000) (1024K)]
  0x000001abc12b0210 JavaThread "ForkJoinPool.commonPool-worker-5" daemon [_thread_blocked, id=13744, stack(0x0000000267900000,0x0000000267a00000) (1024K)]
  0x000001abc2f7ae80 JavaThread "ForkJoinPool.commonPool-worker-6" daemon [_thread_blocked, id=6324, stack(0x0000000267a00000,0x0000000267b00000) (1024K)]
  0x000001abc2f79ad0 JavaThread "Thread-15"                  daemon [_thread_in_vm, id=10592, stack(0x0000000267b00000,0x0000000267c00000) (1024K)]
  0x000001abcc4a5930 JavaThread "C2 CompilerThread1"         daemon [_thread_in_vm, id=5128, stack(0x0000000265000000,0x0000000265100000) (1024K)]
Total: 61

Other Threads:
  0x000001abe1a5e930 VMThread "VM Thread"                           [id=12624, stack(0x0000000263100000,0x0000000263200000) (1024K)]
  0x000001abf5c6ca00 WatcherThread "VM Periodic Task Thread"        [id=17164, stack(0x0000000263000000,0x0000000263100000) (1024K)]
  0x000001abe19b91b0 WorkerThread "GC Thread#0"                     [id=9140, stack(0x0000000262f00000,0x0000000263000000) (1024K)]
  0x000001abfc977da0 WorkerThread "GC Thread#1"                     [id=4012, stack(0x0000000263e00000,0x0000000263f00000) (1024K)]
  0x000001abfc542240 WorkerThread "GC Thread#2"                     [id=9608, stack(0x0000000263f00000,0x0000000264000000) (1024K)]
  0x000001abfc5425e0 WorkerThread "GC Thread#3"                     [id=15100, stack(0x0000000264000000,0x0000000264100000) (1024K)]
  0x000001abfc542980 WorkerThread "GC Thread#4"                     [id=1832, stack(0x0000000264100000,0x0000000264200000) (1024K)]
  0x000001abfc543eb0 WorkerThread "GC Thread#5"                     [id=14632, stack(0x0000000264200000,0x0000000264300000) (1024K)]
  0x000001abfc544a60 WorkerThread "GC Thread#6"                     [id=4580, stack(0x0000000264300000,0x0000000264400000) (1024K)]
  0x000001abfc9f4640 WorkerThread "GC Thread#7"                     [id=15240, stack(0x0000000263d00000,0x0000000263e00000) (1024K)]
  0x000001abfc322f50 WorkerThread "GC Thread#8"                     [id=15308, stack(0x0000000264800000,0x0000000264900000) (1024K)]
  0x000001abfc322bb0 WorkerThread "GC Thread#9"                     [id=15856, stack(0x0000000264900000,0x0000000264a00000) (1024K)]
Total: 12

Threads with active compile tasks:
C2 CompilerThread0  45636 9272       4       org.eclipse.osgi.internal.loader.BundleLoader::addExportedProvidersFor (167 bytes)
C2 CompilerThread1  45636 9338       4       com.google.gson.internal.LinkedTreeMap::rebalance (379 bytes)
Total: 2

VM state: not at safepoint (normal execution)

VM Mutex/Monitor currently owned by a thread: None

Heap address: 0x00000000c0000000, size: 1024 MB, Compressed Oops mode: 32-bit

CDS archive(s) mapped at: [0x000001ab80000000-0x000001ab80ba0000-0x000001ab80ba0000), size 12189696, SharedBaseAddress: 0x000001ab80000000, ArchiveRelocationMode: 1.
Compressed class space mapped at: 0x000001ab81000000-0x000001abc1000000, reserved size: 1073741824
Narrow klass base: 0x000001ab80000000, Narrow klass shift: 0, Narrow klass range: 0x100000000

GC Precious Log:
 CardTable entry size: 512
 CPUs: 12 total, 12 available
 Memory: 7583M
 Large Page Support: Disabled
 NUMA Support: Disabled
 Compressed Oops: Enabled (32-bit)
 Alignments: Space 512K, Generation 512K, Heap 2M
 Heap Min Capacity: 100M
 Heap Initial Capacity: 100M
 Heap Max Capacity: 1G
 Pre-touch: Disabled
 Parallel Workers: 10

Heap:
 PSYoungGen      total 3584K, used 2852K [0x00000000eab00000, 0x00000000eb000000, 0x0000000100000000)
  eden space 2560K, 86% used [0x00000000eab00000,0x00000000ead29240,0x00000000ead80000)
  from space 1024K, 62% used [0x00000000eaf00000,0x00000000eafa0000,0x00000000eb000000)
  to   space 1024K, 0% used [0x00000000eae00000,0x00000000eae00000,0x00000000eaf00000)
 ParOldGen       total 471552K, used 471010K [0x00000000c0000000, 0x00000000dcc80000, 0x00000000eab00000)
  object space 471552K, 99% used [0x00000000c0000000,0x00000000dcbf8b78,0x00000000dcc80000)
 Metaspace       used 64247K, committed 65600K, reserved 1114112K
  class space    used 6793K, committed 7360K, reserved 1048576K

Card table byte_map: [0x000001abe1340000,0x000001abe1550000] _byte_map_base: 0x000001abe0d40000

Marking Bits: (ParMarkBitMap*) 0x00007ffb08173260
 Begin Bits: [0x000001abf3b90000, 0x000001abf4b90000)
 End Bits:   [0x000001abf4b90000, 0x000001abf5b90000)

Polling page: 0x000001abe1110000

Metaspace:

Usage:
  Non-class:     56.11 MB used.
      Class:      6.63 MB used.
       Both:     62.74 MB used.

Virtual space:
  Non-class space:       64.00 MB reserved,      56.88 MB ( 89%) committed,  1 nodes.
      Class space:        1.00 GB reserved,       7.19 MB ( <1%) committed,  1 nodes.
             Both:        1.06 GB reserved,      64.06 MB (  6%) committed. 

Chunk freelists:
   Non-Class:  7.12 MB
       Class:  8.75 MB
        Both:  15.87 MB

MaxMetaspaceSize: unlimited
CompressedClassSpaceSize: 1.00 GB
Initial GC threshold: 21.00 MB
Current GC threshold: 97.31 MB
CDS: on
 - commit_granule_bytes: 65536.
 - commit_granule_words: 8192.
 - virtual_space_node_default_size: 8388608.
 - enlarge_chunks_in_place: 1.
 - use_allocation_guard: 0.


Internal statistics:

num_allocs_failed_limit: 9.
num_arena_births: 1008.
num_arena_deaths: 14.
num_vsnodes_births: 2.
num_vsnodes_deaths: 0.
num_space_committed: 1025.
num_space_uncommitted: 0.
num_chunks_returned_to_freelist: 23.
num_chunks_taken_from_freelist: 3746.
num_chunk_merges: 12.
num_chunk_splits: 2351.
num_chunks_enlarged: 1378.
num_inconsistent_stats: 0.

CodeHeap 'non-profiled nmethods': size=120000Kb used=5644Kb max_used=5644Kb free=114356Kb
 bounds [0x000001abec660000, 0x000001abecbf0000, 0x000001abf3b90000]
CodeHeap 'profiled nmethods': size=120000Kb used=18578Kb max_used=18578Kb free=101421Kb
 bounds [0x000001abe4b90000, 0x000001abe5dc0000, 0x000001abec0c0000]
CodeHeap 'non-nmethods': size=5760Kb used=1477Kb max_used=1547Kb free=4282Kb
 bounds [0x000001abec0c0000, 0x000001abec330000, 0x000001abec660000]
 total_blobs=9388 nmethods=8596 adapters=698
 compilation: enabled
              stopped_count=0, restarted_count=0
 full_count=0

Compilation events (20 events):
Event: 43.354 Thread 0x000001abfe6ccc20 nmethod 9298 0x000001abecbd3710 code [0x000001abecbd38a0, 0x000001abecbd3958]
Event: 43.354 Thread 0x000001abfe6ccc20 9299       4       com.sun.crypto.provider.AESCrypt::implDecryptBlock (3849 bytes)
Event: 43.365 Thread 0x000001abcc4a5930 nmethod 9294% 0x000001abecbd3a10 code [0x000001abecbd3cc0, 0x000001abecbd5040]
Event: 43.366 Thread 0x000001abcc4a5930 9304   !   4       java.util.zip.Inflater::inflate (456 bytes)
Event: 43.380 Thread 0x000001abcc4a5930 nmethod 9304 0x000001abecbd5c90 code [0x000001abecbd5ec0, 0x000001abecbd6860]
Event: 43.380 Thread 0x000001abcc4a5930 9314   !   4       java.util.zip.Inflater::needsInput (55 bytes)
Event: 43.382 Thread 0x000001abcc4a5930 nmethod 9314 0x000001abecbd7110 code [0x000001abecbd72a0, 0x000001abecbd7508]
Event: 43.383 Thread 0x000001abcc4a5930 9286       4       java.lang.invoke.DirectMethodHandle::<init> (148 bytes)
Event: 43.398 Thread 0x000001abcc4a5930 nmethod 9286 0x000001abecbd7610 code [0x000001abecbd7860, 0x000001abecbd7f50]
Event: 43.398 Thread 0x000001abcc4a5930 9315       4       java.util.zip.CRC32::update (38 bytes)
Event: 43.401 Thread 0x000001abcc4a5930 nmethod 9315 0x000001abecbd8590 code [0x000001abecbd8720, 0x000001abecbd8908]
Event: 43.401 Thread 0x000001abcc4a5930 9281       4       jdk.internal.reflect.DirectMethodHandleAccessor::checkArgumentCount (53 bytes)
Event: 43.403 Thread 0x000001abcc4a5930 nmethod 9281 0x000001abecbd8b10 code [0x000001abecbd8ca0, 0x000001abecbd8d38]
Event: 43.403 Thread 0x000001abcc4a5930 9285       4       java.lang.invoke.BoundMethodHandle$Species_L::make (11 bytes)
Event: 43.410 Thread 0x000001abcc4a5930 nmethod 9285 0x000001abecbd8e10 code [0x000001abecbd8fc0, 0x000001abecbd9210]
Event: 44.398 Thread 0x000001abcc4a5930 9316       4       java.io.FilterInputStream::read (9 bytes)
Event: 44.442 Thread 0x000001abfe6ccc20 nmethod 9299 0x000001abecbd9510 code [0x000001abecbd9880, 0x000001abecbdb528]
Event: 44.443 Thread 0x000001abfe6ccc20 9317       4       java.util.zip.GZIPInputStream::read (65 bytes)
Event: 44.477 Thread 0x000001abcc4a5930 nmethod 9316 0x000001abecbdb810 code [0x000001abecbdbaa0, 0x000001abecbdd0f8]
Event: 44.492 Thread 0x000001abfe6ccc20 nmethod 9317 0x000001abecbdde10 code [0x000001abecbde0c0, 0x000001abecbdfb30]

GC Heap History (20 events):
Event: 43.028 GC heap before
{Heap before GC invocations=393 (full 3):
 PSYoungGen      total 2560K, used 2560K [0x00000000eab00000, 0x00000000eb080000, 0x0000000100000000)
  eden space 1536K, 100% used [0x00000000eab00000,0x00000000eac80000,0x00000000eac80000)
  from space 1024K, 100% used [0x00000000ead80000,0x00000000eae80000,0x00000000eae80000)
  to   space 2048K, 0% used [0x00000000eae80000,0x00000000eae80000,0x00000000eb080000)
 ParOldGen       total 405504K, used 405202K [0x00000000c0000000, 0x00000000d8c00000, 0x00000000eab00000)
  object space 405504K, 99% used [0x00000000c0000000,0x00000000d8bb4898,0x00000000d8c00000)
 Metaspace       used 64061K, committed 65344K, reserved 1114112K
  class space    used 6763K, committed 7296K, reserved 1048576K
}
Event: 43.032 GC heap after
{Heap after GC invocations=393 (full 3):
 PSYoungGen      total 3584K, used 1687K [0x00000000eab00000, 0x00000000eb100000, 0x0000000100000000)
  eden space 1536K, 0% used [0x00000000eab00000,0x00000000eab00000,0x00000000eac80000)
  from space 2048K, 82% used [0x00000000eae80000,0x00000000eb025dd0,0x00000000eb080000)
  to   space 2048K, 0% used [0x00000000eac80000,0x00000000eac80000,0x00000000eae80000)
 ParOldGen       total 406528K, used 406202K [0x00000000c0000000, 0x00000000d8d00000, 0x00000000eab00000)
  object space 406528K, 99% used [0x00000000c0000000,0x00000000d8cae898,0x00000000d8d00000)
 Metaspace       used 64061K, committed 65344K, reserved 1114112K
  class space    used 6763K, committed 7296K, reserved 1048576K
}
Event: 43.044 GC heap before
{Heap before GC invocations=394 (full 3):
 PSYoungGen      total 3584K, used 3223K [0x00000000eab00000, 0x00000000eb100000, 0x0000000100000000)
  eden space 1536K, 100% used [0x00000000eab00000,0x00000000eac80000,0x00000000eac80000)
  from space 2048K, 82% used [0x00000000eae80000,0x00000000eb025dd0,0x00000000eb080000)
  to   space 2048K, 0% used [0x00000000eac80000,0x00000000eac80000,0x00000000eae80000)
 ParOldGen       total 406528K, used 406202K [0x00000000c0000000, 0x00000000d8d00000, 0x00000000eab00000)
  object space 406528K, 99% used [0x00000000c0000000,0x00000000d8cae898,0x00000000d8d00000)
 Metaspace       used 64074K, committed 65344K, reserved 1114112K
  class space    used 6763K, committed 7296K, reserved 1048576K
}
Event: 43.049 GC heap after
{Heap after GC invocations=394 (full 3):
 PSYoungGen      total 3584K, used 1622K [0x00000000eab00000, 0x00000000eb100000, 0x0000000100000000)
  eden space 1536K, 0% used [0x00000000eab00000,0x00000000eab00000,0x00000000eac80000)
  from space 2048K, 79% used [0x00000000eac80000,0x00000000eae15a30,0x00000000eae80000)
  to   space 2048K, 0% used [0x00000000eaf00000,0x00000000eaf00000,0x00000000eb100000)
 ParOldGen       total 407552K, used 407318K [0x00000000c0000000, 0x00000000d8e00000, 0x00000000eab00000)
  object space 407552K, 99% used [0x00000000c0000000,0x00000000d8dc58b8,0x00000000d8e00000)
 Metaspace       used 64074K, committed 65344K, reserved 1114112K
  class space    used 6763K, committed 7296K, reserved 1048576K
}
Event: 43.057 GC heap before
{Heap before GC invocations=395 (full 3):
 PSYoungGen      total 3584K, used 3158K [0x00000000eab00000, 0x00000000eb100000, 0x0000000100000000)
  eden space 1536K, 100% used [0x00000000eab00000,0x00000000eac80000,0x00000000eac80000)
  from space 2048K, 79% used [0x00000000eac80000,0x00000000eae15a30,0x00000000eae80000)
  to   space 2048K, 0% used [0x00000000eaf00000,0x00000000eaf00000,0x00000000eb100000)
 ParOldGen       total 407552K, used 407318K [0x00000000c0000000, 0x00000000d8e00000, 0x00000000eab00000)
  object space 407552K, 99% used [0x00000000c0000000,0x00000000d8dc58b8,0x00000000d8e00000)
 Metaspace       used 64079K, committed 65344K, reserved 1114112K
  class space    used 6763K, committed 7296K, reserved 1048576K
}
Event: 43.060 GC heap after
{Heap after GC invocations=395 (full 3):
 PSYoungGen      total 4096K, used 1647K [0x00000000eab00000, 0x00000000eb100000, 0x0000000100000000)
  eden space 2048K, 0% used [0x00000000eab00000,0x00000000eab00000,0x00000000ead00000)
  from space 2048K, 80% used [0x00000000eaf00000,0x00000000eb09bec0,0x00000000eb100000)
  to   space 2048K, 0% used [0x00000000ead00000,0x00000000ead00000,0x00000000eaf00000)
 ParOldGen       total 407552K, used 407398K [0x00000000c0000000, 0x00000000d8e00000, 0x00000000eab00000)
  object space 407552K, 99% used [0x00000000c0000000,0x00000000d8dd98b8,0x00000000d8e00000)
 Metaspace       used 64079K, committed 65344K, reserved 1114112K
  class space    used 6763K, committed 7296K, reserved 1048576K
}
Event: 43.069 GC heap before
{Heap before GC invocations=396 (full 3):
 PSYoungGen      total 4096K, used 3695K [0x00000000eab00000, 0x00000000eb100000, 0x0000000100000000)
  eden space 2048K, 100% used [0x00000000eab00000,0x00000000ead00000,0x00000000ead00000)
  from space 2048K, 80% used [0x00000000eaf00000,0x00000000eb09bec0,0x00000000eb100000)
  to   space 2048K, 0% used [0x00000000ead00000,0x00000000ead00000,0x00000000eaf00000)
 ParOldGen       total 407552K, used 407398K [0x00000000c0000000, 0x00000000d8e00000, 0x00000000eab00000)
  object space 407552K, 99% used [0x00000000c0000000,0x00000000d8dd98b8,0x00000000d8e00000)
 Metaspace       used 64079K, committed 65344K, reserved 1114112K
  class space    used 6763K, committed 7296K, reserved 1048576K
}
Event: 43.074 GC heap after
{Heap after GC invocations=396 (full 3):
 PSYoungGen      total 4096K, used 2048K [0x00000000eab00000, 0x00000000eb580000, 0x0000000100000000)
  eden space 2048K, 0% used [0x00000000eab00000,0x00000000eab00000,0x00000000ead00000)
  from space 2048K, 100% used [0x00000000ead00000,0x00000000eaf00000,0x00000000eaf00000)
  to   space 4096K, 0% used [0x00000000eb180000,0x00000000eb180000,0x00000000eb580000)
 ParOldGen       total 409088K, used 408957K [0x00000000c0000000, 0x00000000d8f80000, 0x00000000eab00000)
  object space 409088K, 99% used [0x00000000c0000000,0x00000000d8f5f778,0x00000000d8f80000)
 Metaspace       used 64079K, committed 65344K, reserved 1114112K
  class space    used 6763K, committed 7296K, reserved 1048576K
}
Event: 43.084 GC heap before
{Heap before GC invocations=397 (full 3):
 PSYoungGen      total 4096K, used 4096K [0x00000000eab00000, 0x00000000eb580000, 0x0000000100000000)
  eden space 2048K, 100% used [0x00000000eab00000,0x00000000ead00000,0x00000000ead00000)
  from space 2048K, 100% used [0x00000000ead00000,0x00000000eaf00000,0x00000000eaf00000)
  to   space 4096K, 0% used [0x00000000eb180000,0x00000000eb180000,0x00000000eb580000)
 ParOldGen       total 409088K, used 408957K [0x00000000c0000000, 0x00000000d8f80000, 0x00000000eab00000)
  object space 409088K, 99% used [0x00000000c0000000,0x00000000d8f5f778,0x00000000d8f80000)
 Metaspace       used 64079K, committed 65344K, reserved 1114112K
  class space    used 6763K, committed 7296K, reserved 1048576K
}
Event: 43.088 GC heap after
{Heap after GC invocations=397 (full 3):
 PSYoungGen      total 5120K, used 2162K [0x00000000eab00000, 0x00000000eb400000, 0x0000000100000000)
  eden space 2560K, 0% used [0x00000000eab00000,0x00000000eab00000,0x00000000ead80000)
  from space 2560K, 84% used [0x00000000eb180000,0x00000000eb39c8c8,0x00000000eb400000)
  to   space 3072K, 0% used [0x00000000eae00000,0x00000000eae00000,0x00000000eb100000)
 ParOldGen       total 411136K, used 411029K [0x00000000c0000000, 0x00000000d9180000, 0x00000000eab00000)
  object space 411136K, 99% used [0x00000000c0000000,0x00000000d9165778,0x00000000d9180000)
 Metaspace       used 64079K, committed 65344K, reserved 1114112K
  class space    used 6763K, committed 7296K, reserved 1048576K
}
Event: 43.140 GC heap before
{Heap before GC invocations=398 (full 3):
 PSYoungGen      total 5120K, used 4520K [0x00000000eab00000, 0x00000000eb400000, 0x0000000100000000)
  eden space 2560K, 92% used [0x00000000eab00000,0x00000000ead4daa0,0x00000000ead80000)
  from space 2560K, 84% used [0x00000000eb180000,0x00000000eb39c8c8,0x00000000eb400000)
  to   space 3072K, 0% used [0x00000000eae00000,0x00000000eae00000,0x00000000eb100000)
 ParOldGen       total 411136K, used 411029K [0x00000000c0000000, 0x00000000d9180000, 0x00000000eab00000)
  object space 411136K, 99% used [0x00000000c0000000,0x00000000d9165778,0x00000000d9180000)
 Metaspace       used 64081K, committed 65344K, reserved 1114112K
  class space    used 6764K, committed 7296K, reserved 1048576K
}
Event: 43.145 GC heap after
{Heap after GC invocations=398 (full 3):
 PSYoungGen      total 5120K, used 1593K [0x00000000eab00000, 0x00000000eb200000, 0x0000000100000000)
  eden space 3072K, 0% used [0x00000000eab00000,0x00000000eab00000,0x00000000eae00000)
  from space 2048K, 77% used [0x00000000eae00000,0x00000000eaf8e570,0x00000000eb000000)
  to   space 2048K, 0% used [0x00000000eb000000,0x00000000eb000000,0x00000000eb200000)
 ParOldGen       total 412160K, used 411921K [0x00000000c0000000, 0x00000000d9280000, 0x00000000eab00000)
  object space 412160K, 99% used [0x00000000c0000000,0x00000000d92447c8,0x00000000d9280000)
 Metaspace       used 64081K, committed 65344K, reserved 1114112K
  class space    used 6764K, committed 7296K, reserved 1048576K
}
Event: 43.186 GC heap before
{Heap before GC invocations=399 (full 3):
 PSYoungGen      total 5120K, used 4665K [0x00000000eab00000, 0x00000000eb200000, 0x0000000100000000)
  eden space 3072K, 100% used [0x00000000eab00000,0x00000000eae00000,0x00000000eae00000)
  from space 2048K, 77% used [0x00000000eae00000,0x00000000eaf8e570,0x00000000eb000000)
  to   space 2048K, 0% used [0x00000000eb000000,0x00000000eb000000,0x00000000eb200000)
 ParOldGen       total 412160K, used 411921K [0x00000000c0000000, 0x00000000d9280000, 0x00000000eab00000)
  object space 412160K, 99% used [0x00000000c0000000,0x00000000d92447c8,0x00000000d9280000)
 Metaspace       used 64189K, committed 65472K, reserved 1114112K
  class space    used 6785K, committed 7296K, reserved 1048576K
}
Event: 43.191 GC heap after
{Heap after GC invocations=399 (full 3):
 PSYoungGen      total 5120K, used 1901K [0x00000000eab00000, 0x00000000eb200000, 0x0000000100000000)
  eden space 3072K, 0% used [0x00000000eab00000,0x00000000eab00000,0x00000000eae00000)
  from space 2048K, 92% used [0x00000000eb000000,0x00000000eb1db620,0x00000000eb200000)
  to   space 2048K, 0% used [0x00000000eae00000,0x00000000eae00000,0x00000000eb000000)
 ParOldGen       total 413184K, used 413083K [0x00000000c0000000, 0x00000000d9380000, 0x00000000eab00000)
  object space 413184K, 99% used [0x00000000c0000000,0x00000000d9366d28,0x00000000d9380000)
 Metaspace       used 64189K, committed 65472K, reserved 1114112K
  class space    used 6785K, committed 7296K, reserved 1048576K
}
Event: 43.210 GC heap before
{Heap before GC invocations=400 (full 3):
 PSYoungGen      total 5120K, used 3887K [0x00000000eab00000, 0x00000000eb200000, 0x0000000100000000)
  eden space 3072K, 64% used [0x00000000eab00000,0x00000000eacf0810,0x00000000eae00000)
  from space 2048K, 92% used [0x00000000eb000000,0x00000000eb1db620,0x00000000eb200000)
  to   space 2048K, 0% used [0x00000000eae00000,0x00000000eae00000,0x00000000eb000000)
 ParOldGen       total 413184K, used 413083K [0x00000000c0000000, 0x00000000d9380000, 0x00000000eab00000)
  object space 413184K, 99% used [0x00000000c0000000,0x00000000d9366d28,0x00000000d9380000)
 Metaspace       used 64205K, committed 65472K, reserved 1114112K
  class space    used 6789K, committed 7296K, reserved 1048576K
}
Event: 43.215 GC heap after
{Heap after GC invocations=400 (full 3):
 PSYoungGen      total 5120K, used 1504K [0x00000000eab00000, 0x00000000eb200000, 0x0000000100000000)
  eden space 3072K, 0% used [0x00000000eab00000,0x00000000eab00000,0x00000000eae00000)
  from space 2048K, 73% used [0x00000000eae00000,0x00000000eaf78020,0x00000000eb000000)
  to   space 2048K, 0% used [0x00000000eb000000,0x00000000eb000000,0x00000000eb200000)
 ParOldGen       total 415232K, used 414887K [0x00000000c0000000, 0x00000000d9580000, 0x00000000eab00000)
  object space 415232K, 99% used [0x00000000c0000000,0x00000000d9529cc8,0x00000000d9580000)
 Metaspace       used 64205K, committed 65472K, reserved 1114112K
  class space    used 6789K, committed 7296K, reserved 1048576K
}
Event: 43.221 GC heap before
{Heap before GC invocations=401 (full 3):
 PSYoungGen      total 5120K, used 3466K [0x00000000eab00000, 0x00000000eb200000, 0x0000000100000000)
  eden space 3072K, 63% used [0x00000000eab00000,0x00000000eacea7f8,0x00000000eae00000)
  from space 2048K, 73% used [0x00000000eae00000,0x00000000eaf78020,0x00000000eb000000)
  to   space 2048K, 0% used [0x00000000eb000000,0x00000000eb000000,0x00000000eb200000)
 ParOldGen       total 415232K, used 414887K [0x00000000c0000000, 0x00000000d9580000, 0x00000000eab00000)
  object space 415232K, 99% used [0x00000000c0000000,0x00000000d9529cc8,0x00000000d9580000)
 Metaspace       used 64208K, committed 65472K, reserved 1114112K
  class space    used 6789K, committed 7296K, reserved 1048576K
}
Event: 43.225 GC heap after
{Heap after GC invocations=401 (full 3):
 PSYoungGen      total 4608K, used 1993K [0x00000000eab00000, 0x00000000eb400000, 0x0000000100000000)
  eden space 2560K, 0% used [0x00000000eab00000,0x00000000eab00000,0x00000000ead80000)
  from space 2048K, 97% used [0x00000000eb000000,0x00000000eb1f2780,0x00000000eb200000)
  to   space 2560K, 0% used [0x00000000ead80000,0x00000000ead80000,0x00000000eb000000)
 ParOldGen       total 416256K, used 416191K [0x00000000c0000000, 0x00000000d9680000, 0x00000000eab00000)
  object space 416256K, 99% used [0x00000000c0000000,0x00000000d966fcf8,0x00000000d9680000)
 Metaspace       used 64208K, committed 65472K, reserved 1114112K
  class space    used 6789K, committed 7296K, reserved 1048576K
}
Event: 43.306 GC heap before
{Heap before GC invocations=402 (full 3):
 PSYoungGen      total 4608K, used 4543K [0x00000000eab00000, 0x00000000eb400000, 0x0000000100000000)
  eden space 2560K, 99% used [0x00000000eab00000,0x00000000ead7d600,0x00000000ead80000)
  from space 2048K, 97% used [0x00000000eb000000,0x00000000eb1f2780,0x00000000eb200000)
  to   space 2560K, 0% used [0x00000000ead80000,0x00000000ead80000,0x00000000eb000000)
 ParOldGen       total 417792K, used 417513K [0x00000000c0000000, 0x00000000d9800000, 0x00000000eab00000)
  object space 417792K, 99% used [0x00000000c0000000,0x00000000d97ba478,0x00000000d9800000)
 Metaspace       used 64234K, committed 65536K, reserved 1114112K
  class space    used 6792K, committed 7296K, reserved 1048576K
}
Event: 43.310 GC heap after
{Heap after GC invocations=402 (full 3):
 PSYoungGen      total 4096K, used 1079K [0x00000000eab00000, 0x00000000eb080000, 0x0000000100000000)
  eden space 2560K, 0% used [0x00000000eab00000,0x00000000eab00000,0x00000000ead80000)
  from space 1536K, 70% used [0x00000000ead80000,0x00000000eae8ded0,0x00000000eaf00000)
  to   space 1536K, 0% used [0x00000000eaf00000,0x00000000eaf00000,0x00000000eb080000)
 ParOldGen       total 419840K, used 419418K [0x00000000c0000000, 0x00000000d9a00000, 0x00000000eab00000)
  object space 419840K, 99% used [0x00000000c0000000,0x00000000d9996bf8,0x00000000d9a00000)
 Metaspace       used 64234K, committed 65536K, reserved 1114112K
  class space    used 6792K, committed 7296K, reserved 1048576K
}

Dll operation events (12 events):
Event: 0.026 Loaded shared library c:\Users\WINDOWS 11\.vscode\extensions\redhat.java-1.41.1-win32-x64\jre\21.0.6-win32-x86_64\bin\java.dll
Event: 0.204 Loaded shared library c:\Users\WINDOWS 11\.vscode\extensions\redhat.java-1.41.1-win32-x64\jre\21.0.6-win32-x86_64\bin\zip.dll
Event: 0.265 Loaded shared library C:\Users\WINDOWS 11\.vscode\extensions\redhat.java-1.41.1-win32-x64\jre\21.0.6-win32-x86_64\bin\instrument.dll
Event: 0.274 Loaded shared library C:\Users\WINDOWS 11\.vscode\extensions\redhat.java-1.41.1-win32-x64\jre\21.0.6-win32-x86_64\bin\net.dll
Event: 0.281 Loaded shared library C:\Users\WINDOWS 11\.vscode\extensions\redhat.java-1.41.1-win32-x64\jre\21.0.6-win32-x86_64\bin\nio.dll
Event: 0.287 Loaded shared library C:\Users\WINDOWS 11\.vscode\extensions\redhat.java-1.41.1-win32-x64\jre\21.0.6-win32-x86_64\bin\zip.dll
Event: 0.331 Loaded shared library C:\Users\WINDOWS 11\.vscode\extensions\redhat.java-1.41.1-win32-x64\jre\21.0.6-win32-x86_64\bin\jimage.dll
Event: 0.500 Loaded shared library c:\Users\WINDOWS 11\.vscode\extensions\redhat.java-1.41.1-win32-x64\jre\21.0.6-win32-x86_64\bin\verify.dll
Event: 10.129 Loaded shared library C:\Users\WINDOWS 11\AppData\Roaming\Code\User\globalStorage\redhat.java\1.41.1\config_win\org.eclipse.equinox.launcher\org.eclipse.equinox.launcher.win32.win32.x86_64_1.2.1300.v20250331-1702\eclipse_11911.dll
Event: 25.874 Loaded shared library C:\Users\WINDOWS 11\AppData\Local\Temp\jna--1946447619\jna5217308353506049871.dll
Event: 28.498 Loaded shared library C:\Users\WINDOWS 11\.vscode\extensions\redhat.java-1.41.1-win32-x64\jre\21.0.6-win32-x86_64\bin\sunmscapi.dll
Event: 28.663 Loaded shared library C:\Users\WINDOWS 11\.vscode\extensions\redhat.java-1.41.1-win32-x64\jre\21.0.6-win32-x86_64\bin\extnet.dll

Deoptimization events (20 events):
Event: 43.232 Thread 0x000001abc12afb80 Uncommon trap: trap_request=0xffffff45 fr.pc=0x000001abecbc3cc4 relative=0x00000000000005a4
Event: 43.232 Thread 0x000001abc12afb80 Uncommon trap: reason=unstable_if action=reinterpret pc=0x000001abecbc3cc4 method=org.eclipse.jdt.internal.core.index.DiskIndex.addQueryResult(Lorg/eclipse/jdt/internal/compiler/util/HashtableOfObject;[CLjava/lang/Object;Lorg/eclipse/jdt/internal/core/ind
Event: 43.232 Thread 0x000001abc12afb80 DEOPT PACKING pc=0x000001abecbc3cc4 sp=0x00000002675fed10
Event: 43.233 Thread 0x000001abc12afb80 DEOPT UNPACKING pc=0x000001abec113aa2 sp=0x00000002675fec60 mode 2
Event: 43.304 Thread 0x000001abc2f79ad0 Uncommon trap: trap_request=0xffffffc6 fr.pc=0x000001abec8a0b68 relative=0x00000000000028e8
Event: 43.304 Thread 0x000001abc2f79ad0 Uncommon trap: reason=bimorphic_or_optimized_type_check action=maybe_recompile pc=0x000001abec8a0b68 method=java.util.zip.InflaterInputStream.read([BII)I @ 78 c2
Event: 43.304 Thread 0x000001abc2f79ad0 DEOPT PACKING pc=0x000001abec8a0b68 sp=0x0000000267bff1c0
Event: 43.304 Thread 0x000001abc2f79ad0 DEOPT UNPACKING pc=0x000001abec113aa2 sp=0x0000000267bff220 mode 2
Event: 43.305 Thread 0x000001abc2f79ad0 Uncommon trap: trap_request=0xffffffc6 fr.pc=0x000001abec8a0b68 relative=0x00000000000028e8
Event: 43.305 Thread 0x000001abc2f79ad0 Uncommon trap: reason=bimorphic_or_optimized_type_check action=maybe_recompile pc=0x000001abec8a0b68 method=java.util.zip.InflaterInputStream.read([BII)I @ 78 c2
Event: 43.305 Thread 0x000001abc2f79ad0 DEOPT PACKING pc=0x000001abec8a0b68 sp=0x0000000267bff1c0
Event: 43.305 Thread 0x000001abc2f79ad0 DEOPT UNPACKING pc=0x000001abec113aa2 sp=0x0000000267bff220 mode 2
Event: 43.305 Thread 0x000001abc2f79ad0 Uncommon trap: trap_request=0xffffffc6 fr.pc=0x000001abec8a0b68 relative=0x00000000000028e8
Event: 43.305 Thread 0x000001abc2f79ad0 Uncommon trap: reason=bimorphic_or_optimized_type_check action=maybe_recompile pc=0x000001abec8a0b68 method=java.util.zip.InflaterInputStream.read([BII)I @ 78 c2
Event: 43.305 Thread 0x000001abc2f79ad0 DEOPT PACKING pc=0x000001abec8a0b68 sp=0x0000000267bff1c0
Event: 43.305 Thread 0x000001abc2f79ad0 DEOPT UNPACKING pc=0x000001abec113aa2 sp=0x0000000267bff220 mode 2
Event: 43.305 Thread 0x000001abc2f79ad0 Uncommon trap: trap_request=0xffffffc6 fr.pc=0x000001abec8a0b68 relative=0x00000000000028e8
Event: 43.305 Thread 0x000001abc2f79ad0 Uncommon trap: reason=bimorphic_or_optimized_type_check action=maybe_recompile pc=0x000001abec8a0b68 method=java.util.zip.InflaterInputStream.read([BII)I @ 78 c2
Event: 43.305 Thread 0x000001abc2f79ad0 DEOPT PACKING pc=0x000001abec8a0b68 sp=0x0000000267bff1c0
Event: 43.305 Thread 0x000001abc2f79ad0 DEOPT UNPACKING pc=0x000001abec113aa2 sp=0x0000000267bff220 mode 2

Classes loaded (20 events):
Event: 40.339 Loading class sun/security/ssl/Alert
Event: 40.339 Loading class sun/security/ssl/Alert done
Event: 40.340 Loading class sun/security/ssl/Alert$AlertConsumer
Event: 40.340 Loading class sun/security/ssl/Alert$AlertConsumer done
Event: 40.340 Loading class sun/security/ssl/Alert$Level
Event: 40.340 Loading class sun/security/ssl/Alert$Level done
Event: 43.162 Loading class java/util/concurrent/CompletableFuture$UniApply
Event: 43.162 Loading class java/util/concurrent/CompletableFuture$UniCompletion
Event: 43.162 Loading class java/util/concurrent/CompletableFuture$UniCompletion done
Event: 43.162 Loading class java/util/concurrent/CompletableFuture$UniApply done
Event: 43.163 Loading class java/util/concurrent/CompletableFuture$UniAccept
Event: 43.163 Loading class java/util/concurrent/CompletableFuture$UniAccept done
Event: 43.163 Loading class java/util/concurrent/CompletableFuture$UniExceptionally
Event: 43.163 Loading class java/util/concurrent/CompletableFuture$UniExceptionally done
Event: 43.174 Loading class jdk/internal/event/SecurityPropertyModificationEvent
Event: 43.174 Loading class jdk/internal/event/SecurityPropertyModificationEvent done
Event: 43.304 Loading class java/util/zip/CheckedInputStream
Event: 43.304 Loading class java/util/zip/CheckedInputStream done
Event: 44.412 Loading class java/util/zip/GZIPInputStream$1
Event: 44.413 Loading class java/util/zip/GZIPInputStream$1 done

Classes unloaded (7 events):
Event: 26.689 Thread 0x000001abe1a5e930 Unloading class 0x000001ab811a1400 'java/lang/invoke/LambdaForm$MH+0x000001ab811a1400'
Event: 26.689 Thread 0x000001abe1a5e930 Unloading class 0x000001ab811a1000 'java/lang/invoke/LambdaForm$MH+0x000001ab811a1000'
Event: 26.689 Thread 0x000001abe1a5e930 Unloading class 0x000001ab811a0c00 'java/lang/invoke/LambdaForm$MH+0x000001ab811a0c00'
Event: 26.689 Thread 0x000001abe1a5e930 Unloading class 0x000001ab811a0800 'java/lang/invoke/LambdaForm$MH+0x000001ab811a0800'
Event: 26.689 Thread 0x000001abe1a5e930 Unloading class 0x000001ab811a0400 'java/lang/invoke/LambdaForm$BMH+0x000001ab811a0400'
Event: 26.689 Thread 0x000001abe1a5e930 Unloading class 0x000001ab811a0000 'java/lang/invoke/LambdaForm$DMH+0x000001ab811a0000'
Event: 26.689 Thread 0x000001abe1a5e930 Unloading class 0x000001ab8119ec00 'java/lang/invoke/LambdaForm$DMH+0x000001ab8119ec00'

Classes redefined (0 events):
No events

Internal exceptions (20 events):
Event: 35.437 Thread 0x000001abfd930ae0 Exception <a 'sun/nio/fs/WindowsException'{0x00000000eac4d4d8}> (0x00000000eac4d4d8) 
thrown [s\src\hotspot\share\prims\jni.cpp, line 520]
Event: 35.437 Thread 0x000001abfd930ae0 Exception <a 'sun/nio/fs/WindowsException'{0x00000000eac4db08}> (0x00000000eac4db08) 
thrown [s\src\hotspot\share\prims\jni.cpp, line 520]
Event: 35.438 Thread 0x000001abfd930ae0 Exception <a 'sun/nio/fs/WindowsException'{0x00000000eac78408}> (0x00000000eac78408) 
thrown [s\src\hotspot\share\prims\jni.cpp, line 520]
Event: 35.438 Thread 0x000001abfd930ae0 Exception <a 'sun/nio/fs/WindowsException'{0x00000000eac78a38}> (0x00000000eac78a38) 
thrown [s\src\hotspot\share\prims\jni.cpp, line 520]
Event: 35.439 Thread 0x000001abfd930ae0 Exception <a 'sun/nio/fs/WindowsException'{0x00000000eacaf9e8}> (0x00000000eacaf9e8) 
thrown [s\src\hotspot\share\prims\jni.cpp, line 520]
Event: 35.439 Thread 0x000001abfd930ae0 Exception <a 'sun/nio/fs/WindowsException'{0x00000000eacb0018}> (0x00000000eacb0018) 
thrown [s\src\hotspot\share\prims\jni.cpp, line 520]
Event: 35.461 Thread 0x000001abfd930450 Exception <a 'sun/nio/fs/WindowsException'{0x00000000ead5af98}> (0x00000000ead5af98) 
thrown [s\src\hotspot\share\prims\jni.cpp, line 520]
Event: 35.461 Thread 0x000001abfd930450 Exception <a 'sun/nio/fs/WindowsException'{0x00000000ead5b2d0}> (0x00000000ead5b2d0) 
thrown [s\src\hotspot\share\prims\jni.cpp, line 520]
Event: 35.520 Thread 0x000001abfd930ae0 Exception <a 'sun/nio/fs/WindowsException'{0x00000000ead2a708}> (0x00000000ead2a708) 
thrown [s\src\hotspot\share\prims\jni.cpp, line 520]
Event: 35.520 Thread 0x000001abfd930ae0 Exception <a 'sun/nio/fs/WindowsException'{0x00000000ead41238}> (0x00000000ead41238) 
thrown [s\src\hotspot\share\prims\jni.cpp, line 520]
Event: 35.610 Thread 0x000001abfd930ae0 Exception <a 'java/lang/NoSuchMethodError'{0x00000000eac1bb40}: 'java.lang.Object java.lang.invoke.DirectMethodHandle$Holder.invokeStatic(java.lang.Object, java.lang.Object, int, java.lang.Object)'> (0x00000000eac1bb40) 
thrown [s\src\hotspot\share\interpreter\linkResolver.cpp, line 773]
Event: 35.611 Thread 0x000001abfd930ae0 Exception <a 'java/lang/NoSuchMethodError'{0x00000000eac59408}: 'java.lang.Object java.lang.invoke.DirectMethodHandle$Holder.newInvokeSpecial(java.lang.Object, java.lang.Object, int)'> (0x00000000eac59408) 
thrown [s\src\hotspot\share\interpreter\linkResolver.cpp, line 773]
Event: 36.383 Thread 0x000001abfd930ae0 Exception <a 'java/lang/NoSuchMethodError'{0x00000000eadae408}: 'int java.lang.invoke.DirectMethodHandle$Holder.invokeSpecialIFC(java.lang.Object, java.lang.Object, java.lang.Object)'> (0x00000000eadae408) 
thrown [s\src\hotspot\share\interpreter\linkResolver.cpp, line 773]
Event: 42.863 Thread 0x000001abfd92fdc0 Exception <a 'sun/nio/fs/WindowsException'{0x00000000eab49b70}> (0x00000000eab49b70) 
thrown [s\src\hotspot\share\prims\jni.cpp, line 520]
Event: 43.204 Thread 0x000001abc12b1c50 Exception <a 'sun/nio/fs/WindowsException'{0x00000000eac16838}> (0x00000000eac16838) 
thrown [s\src\hotspot\share\prims\jni.cpp, line 520]
Event: 43.204 Thread 0x000001abc12b1c50 Exception <a 'sun/nio/fs/WindowsException'{0x00000000eac17138}> (0x00000000eac17138) 
thrown [s\src\hotspot\share\prims\jni.cpp, line 520]
Event: 43.205 Thread 0x000001abc12b1c50 Exception <a 'sun/nio/fs/WindowsException'{0x00000000eac17ff0}> (0x00000000eac17ff0) 
thrown [s\src\hotspot\share\prims\jni.cpp, line 520]
Event: 43.205 Thread 0x000001abc12b1c50 Exception <a 'sun/nio/fs/WindowsException'{0x00000000eac188d0}> (0x00000000eac188d0) 
thrown [s\src\hotspot\share\prims\jni.cpp, line 520]
Event: 43.206 Thread 0x000001abc12b1c50 Exception <a 'sun/nio/fs/WindowsException'{0x00000000eac5fb78}> (0x00000000eac5fb78) 
thrown [s\src\hotspot\share\prims\jni.cpp, line 520]
Event: 43.206 Thread 0x000001abc12b1c50 Exception <a 'sun/nio/fs/WindowsException'{0x00000000eac60458}> (0x00000000eac60458) 
thrown [s\src\hotspot\share\prims\jni.cpp, line 520]

ZGC Phase Switch (0 events):
No events

VM Operations (20 events):
Event: 43.057 Executing VM operation: ParallelGCFailedAllocation (Allocation Failure)
Event: 43.061 Executing VM operation: ParallelGCFailedAllocation (Allocation Failure) done
Event: 43.069 Executing VM operation: ParallelGCFailedAllocation (Allocation Failure)
Event: 43.074 Executing VM operation: ParallelGCFailedAllocation (Allocation Failure) done
Event: 43.084 Executing VM operation: ParallelGCFailedAllocation (Allocation Failure)
Event: 43.088 Executing VM operation: ParallelGCFailedAllocation (Allocation Failure) done
Event: 43.140 Executing VM operation: ParallelGCFailedAllocation (Allocation Failure)
Event: 43.145 Executing VM operation: ParallelGCFailedAllocation (Allocation Failure) done
Event: 43.186 Executing VM operation: ParallelGCFailedAllocation (Allocation Failure)
Event: 43.191 Executing VM operation: ParallelGCFailedAllocation (Allocation Failure) done
Event: 43.210 Executing VM operation: ParallelGCFailedAllocation (Allocation Failure)
Event: 43.215 Executing VM operation: ParallelGCFailedAllocation (Allocation Failure) done
Event: 43.220 Executing VM operation: HandshakeAllThreads (Deoptimize)
Event: 43.220 Executing VM operation: HandshakeAllThreads (Deoptimize) done
Event: 43.221 Executing VM operation: ParallelGCFailedAllocation (Allocation Failure)
Event: 43.225 Executing VM operation: ParallelGCFailedAllocation (Allocation Failure) done
Event: 43.306 Executing VM operation: ParallelGCFailedAllocation (Allocation Failure)
Event: 43.310 Executing VM operation: ParallelGCFailedAllocation (Allocation Failure) done
Event: 44.321 Executing VM operation: Cleanup
Event: 44.385 Executing VM operation: Cleanup done

Memory protections (0 events):
No events

Nmethod flushes (20 events):
Event: 33.886 Thread 0x000001abe1a5e930 flushing  nmethod 0x000001abe534ab10
Event: 33.886 Thread 0x000001abe1a5e930 flushing osr nmethod 0x000001abe5376110
Event: 33.886 Thread 0x000001abe1a5e930 flushing  nmethod 0x000001abe53a5b90
Event: 33.886 Thread 0x000001abe1a5e930 flushing  nmethod 0x000001abe53af910
Event: 33.886 Thread 0x000001abe1a5e930 flushing  nmethod 0x000001abe53c6690
Event: 33.886 Thread 0x000001abe1a5e930 flushing  nmethod 0x000001abe53d3010
Event: 33.886 Thread 0x000001abe1a5e930 flushing  nmethod 0x000001abe53d5190
Event: 33.886 Thread 0x000001abe1a5e930 flushing  nmethod 0x000001abe53d6210
Event: 33.886 Thread 0x000001abe1a5e930 flushing  nmethod 0x000001abe5400910
Event: 33.886 Thread 0x000001abe1a5e930 flushing  nmethod 0x000001abe5406910
Event: 33.886 Thread 0x000001abe1a5e930 flushing  nmethod 0x000001abe5409e10
Event: 33.886 Thread 0x000001abe1a5e930 flushing  nmethod 0x000001abe540b110
Event: 33.886 Thread 0x000001abe1a5e930 flushing  nmethod 0x000001abe540b810
Event: 33.886 Thread 0x000001abe1a5e930 flushing  nmethod 0x000001abe540c690
Event: 33.886 Thread 0x000001abe1a5e930 flushing  nmethod 0x000001abe540cb10
Event: 33.886 Thread 0x000001abe1a5e930 flushing  nmethod 0x000001abe5411590
Event: 33.886 Thread 0x000001abe1a5e930 flushing  nmethod 0x000001abe5414690
Event: 33.886 Thread 0x000001abe1a5e930 flushing  nmethod 0x000001abe541a990
Event: 33.886 Thread 0x000001abe1a5e930 flushing  nmethod 0x000001abe542c290
Event: 33.886 Thread 0x000001abe1a5e930 flushing  nmethod 0x000001abe5435890

Events (20 events):
Event: 32.355 Thread 0x000001abfd932520 Thread added: 0x000001abc12ae7d0
Event: 32.355 Thread 0x000001abfd932520 Thread added: 0x000001abc12aee60
Event: 33.400 Thread 0x000001abfd932520 Thread added: 0x000001abc12af4f0
Event: 33.576 Thread 0x000001abfd932520 Thread added: 0x000001abc12ac070
Event: 33.592 Thread 0x000001abfd932520 Thread added: 0x000001abc12b0f30
Event: 34.113 Thread 0x000001abfd932520 Thread added: 0x000001abc12b15c0
Event: 35.074 Thread 0x000001abc12ad420 Thread added: 0x000001abc12afb80
Event: 37.038 Thread 0x000001abfee05010 Thread exited: 0x000001abfee05010
Event: 37.227 Thread 0x000001abfe833e00 Thread exited: 0x000001abfe833e00
Event: 39.666 Thread 0x000001abfc0358c0 Thread added: 0x000001abc2eaec90
Event: 40.863 Thread 0x000001abc2eaec90 Thread exited: 0x000001abc2eaec90
Event: 42.886 Thread 0x000001abfc0358c0 Thread added: 0x000001abcc4a5930
Event: 42.921 Thread 0x000001abcc4a5930 Thread added: 0x000001abfe6ccc20
Event: 43.161 Thread 0x000001abc12afb80 Thread added: 0x000001abc12b08a0
Event: 43.164 Thread 0x000001abc12ad420 Thread added: 0x000001abc12b1c50
Event: 43.165 Thread 0x000001abc12b1c50 Thread added: 0x000001abc12b22e0
Event: 43.165 Thread 0x000001abc12b22e0 Thread added: 0x000001abc12b0210
Event: 43.166 Thread 0x000001abc12b0210 Thread added: 0x000001abc2f7ae80
Event: 43.185 Thread 0x000001abc2f7ae80 Thread added: 0x000001abc2f79ad0
Event: 45.350 Thread 0x000001abc12ac700 Thread exited: 0x000001abc12ac700


Dynamic libraries:
0x00007ff626480000 - 0x00007ff62648e000 	c:\Users\WINDOWS 11\.vscode\extensions\redhat.java-1.41.1-win32-x64\jre\21.0.6-win32-x86_64\bin\java.exe
0x00007ffbaba60000 - 0x00007ffbabcc0000 	C:\WINDOWS\SYSTEM32\ntdll.dll
0x00007ffbaa1c0000 - 0x00007ffbaa287000 	C:\WINDOWS\System32\KERNEL32.DLL
0x00007ffba9330000 - 0x00007ffba96fa000 	C:\WINDOWS\System32\KERNELBASE.dll
0x00007ffba8cd0000 - 0x00007ffba8e1b000 	C:\WINDOWS\System32\ucrtbase.dll
0x00007ffb92d90000 - 0x00007ffb92dae000 	c:\Users\WINDOWS 11\.vscode\extensions\redhat.java-1.41.1-win32-x64\jre\21.0.6-win32-x86_64\bin\VCRUNTIME140.dll
0x00007ffb7d450000 - 0x00007ffb7d468000 	c:\Users\WINDOWS 11\.vscode\extensions\redhat.java-1.41.1-win32-x64\jre\21.0.6-win32-x86_64\bin\jli.dll
0x00007ffba99d0000 - 0x00007ffba9b9c000 	C:\WINDOWS\System32\USER32.dll
0x00007ffba9010000 - 0x00007ffba9037000 	C:\WINDOWS\System32\win32u.dll
0x00007ffb96020000 - 0x00007ffb962b7000 	C:\WINDOWS\WinSxS\amd64_microsoft.windows.common-controls_6595b64144ccf1df_6.0.26100.3624_none_3e086962e3345f24\COMCTL32.dll
0x00007ffba9d50000 - 0x00007ffba9d7a000 	C:\WINDOWS\System32\GDI32.dll
0x00007ffbab160000 - 0x00007ffbab209000 	C:\WINDOWS\System32\msvcrt.dll
0x00007ffba8ed0000 - 0x00007ffba9001000 	C:\WINDOWS\System32\gdi32full.dll
0x00007ffba8e20000 - 0x00007ffba8ec3000 	C:\WINDOWS\System32\msvcp_win.dll
0x00007ffbab210000 - 0x00007ffbab23f000 	C:\WINDOWS\System32\IMM32.DLL
0x00007ffb8c080000 - 0x00007ffb8c08c000 	c:\Users\WINDOWS 11\.vscode\extensions\redhat.java-1.41.1-win32-x64\jre\21.0.6-win32-x86_64\bin\vcruntime140_1.dll
0x00007ffb2a190000 - 0x00007ffb2a21d000 	c:\Users\WINDOWS 11\.vscode\extensions\redhat.java-1.41.1-win32-x64\jre\21.0.6-win32-x86_64\bin\msvcp140.dll
0x00007ffb074c0000 - 0x00007ffb08250000 	c:\Users\WINDOWS 11\.vscode\extensions\redhat.java-1.41.1-win32-x64\jre\21.0.6-win32-x86_64\bin\server\jvm.dll
0x00007ffbaa070000 - 0x00007ffbaa122000 	C:\WINDOWS\System32\ADVAPI32.dll
0x00007ffbaa290000 - 0x00007ffbaa336000 	C:\WINDOWS\System32\sechost.dll
0x00007ffba9ba0000 - 0x00007ffba9cb6000 	C:\WINDOWS\System32\RPCRT4.dll
0x00007ffbaa6d0000 - 0x00007ffbaa744000 	C:\WINDOWS\System32\WS2_32.dll
0x00007ffba8a90000 - 0x00007ffba8aee000 	C:\WINDOWS\SYSTEM32\POWRPROF.dll
0x00007ffba1d60000 - 0x00007ffba1d6b000 	C:\WINDOWS\SYSTEM32\VERSION.dll
0x00007ffba0730000 - 0x00007ffba0766000 	C:\WINDOWS\SYSTEM32\WINMM.dll
0x00007ffba8a70000 - 0x00007ffba8a84000 	C:\WINDOWS\SYSTEM32\UMPDC.dll
0x00007ffba7a50000 - 0x00007ffba7a6a000 	C:\WINDOWS\SYSTEM32\kernel.appcore.dll
0x00007ffb89c40000 - 0x00007ffb89c4a000 	c:\Users\WINDOWS 11\.vscode\extensions\redhat.java-1.41.1-win32-x64\jre\21.0.6-win32-x86_64\bin\jimage.dll
0x00007ffba6290000 - 0x00007ffba64d1000 	C:\WINDOWS\SYSTEM32\DBGHELP.DLL
0x00007ffbaa340000 - 0x00007ffbaa6c2000 	C:\WINDOWS\System32\combase.dll
0x00007ffba9860000 - 0x00007ffba9936000 	C:\WINDOWS\System32\OLEAUT32.dll
0x00007ffb8b4e0000 - 0x00007ffb8b519000 	C:\WINDOWS\SYSTEM32\dbgcore.DLL
0x00007ffba97c0000 - 0x00007ffba9859000 	C:\WINDOWS\System32\bcryptPrimitives.dll
0x00007ffb88b90000 - 0x00007ffb88b9f000 	c:\Users\WINDOWS 11\.vscode\extensions\redhat.java-1.41.1-win32-x64\jre\21.0.6-win32-x86_64\bin\instrument.dll
0x00007ffb55c20000 - 0x00007ffb55c3f000 	c:\Users\WINDOWS 11\.vscode\extensions\redhat.java-1.41.1-win32-x64\jre\21.0.6-win32-x86_64\bin\java.dll
0x00007ffbab2c0000 - 0x00007ffbab9e9000 	C:\WINDOWS\System32\SHELL32.dll
0x00007ffba91c0000 - 0x00007ffba9328000 	C:\WINDOWS\System32\wintypes.dll
0x00007ffba68b0000 - 0x00007ffba7102000 	C:\WINDOWS\SYSTEM32\windows.storage.dll
0x00007ffba9de0000 - 0x00007ffba9ecd000 	C:\WINDOWS\System32\SHCORE.dll
0x00007ffbab250000 - 0x00007ffbab2b4000 	C:\WINDOWS\System32\shlwapi.dll
0x00007ffba8b50000 - 0x00007ffba8b7f000 	C:\WINDOWS\SYSTEM32\profapi.dll
0x00007ffb8d130000 - 0x00007ffb8d148000 	c:\Users\WINDOWS 11\.vscode\extensions\redhat.java-1.41.1-win32-x64\jre\21.0.6-win32-x86_64\bin\zip.dll
0x00007ffb88a60000 - 0x00007ffb88a70000 	C:\Users\WINDOWS 11\.vscode\extensions\redhat.java-1.41.1-win32-x64\jre\21.0.6-win32-x86_64\bin\net.dll
0x00007ffba2b10000 - 0x00007ffba2c2d000 	C:\WINDOWS\SYSTEM32\WINHTTP.dll
0x00007ffba7f70000 - 0x00007ffba7fda000 	C:\WINDOWS\system32\mswsock.dll
0x00007ffb88a40000 - 0x00007ffb88a56000 	C:\Users\WINDOWS 11\.vscode\extensions\redhat.java-1.41.1-win32-x64\jre\21.0.6-win32-x86_64\bin\nio.dll
0x00007ffb88a30000 - 0x00007ffb88a40000 	c:\Users\WINDOWS 11\.vscode\extensions\redhat.java-1.41.1-win32-x64\jre\21.0.6-win32-x86_64\bin\verify.dll
0x00007ffb893c0000 - 0x00007ffb89405000 	C:\Users\WINDOWS 11\AppData\Roaming\Code\User\globalStorage\redhat.java\1.41.1\config_win\org.eclipse.equinox.launcher\org.eclipse.equinox.launcher.win32.win32.x86_64_1.2.1300.v20250331-1702\eclipse_11911.dll
0x00007ffba9ed0000 - 0x00007ffbaa066000 	C:\WINDOWS\System32\ole32.dll
0x00007ffba8210000 - 0x00007ffba822c000 	C:\WINDOWS\SYSTEM32\CRYPTSP.dll
0x00007ffba79b0000 - 0x00007ffba79ea000 	C:\WINDOWS\system32\rsaenh.dll
0x00007ffba8010000 - 0x00007ffba803b000 	C:\WINDOWS\SYSTEM32\USERENV.dll
0x00007ffba8b20000 - 0x00007ffba8b46000 	C:\WINDOWS\SYSTEM32\bcrypt.dll
0x00007ffba8230000 - 0x00007ffba823c000 	C:\WINDOWS\SYSTEM32\CRYPTBASE.dll
0x00007ffba7480000 - 0x00007ffba74b3000 	C:\WINDOWS\SYSTEM32\IPHLPAPI.DLL
0x00007ffba99a0000 - 0x00007ffba99aa000 	C:\WINDOWS\System32\NSI.dll
0x00007ffb92ed0000 - 0x00007ffb92f19000 	C:\Users\WINDOWS 11\AppData\Local\Temp\jna--1946447619\jna5217308353506049871.dll
0x00007ffbab150000 - 0x00007ffbab158000 	C:\WINDOWS\System32\PSAPI.DLL
0x00007ffba3600000 - 0x00007ffba361f000 	C:\WINDOWS\SYSTEM32\dhcpcsvc6.DLL
0x00007ffba35d0000 - 0x00007ffba35f5000 	C:\WINDOWS\SYSTEM32\dhcpcsvc.DLL
0x00007ffba55b0000 - 0x00007ffba55be000 	C:\Users\WINDOWS 11\.vscode\extensions\redhat.java-1.41.1-win32-x64\jre\21.0.6-win32-x86_64\bin\sunmscapi.dll
0x00007ffba9040000 - 0x00007ffba91b7000 	C:\WINDOWS\System32\CRYPT32.dll
0x00007ffba8410000 - 0x00007ffba8440000 	C:\WINDOWS\SYSTEM32\ncrypt.dll
0x00007ffba83c0000 - 0x00007ffba83ff000 	C:\WINDOWS\SYSTEM32\NTASN1.dll
0x00007ffba7520000 - 0x00007ffba7645000 	C:\WINDOWS\SYSTEM32\DNSAPI.dll
0x0000000068ef0000 - 0x0000000068f16000 	C:\Program Files\Bonjour\mdnsNSP.dll
0x00007ffba2180000 - 0x00007ffba218b000 	C:\Windows\System32\rasadhlp.dll
0x00007ffba5450000 - 0x00007ffba54d5000 	C:\WINDOWS\System32\fwpuclnt.dll
0x00007ffba49e0000 - 0x00007ffba49e9000 	C:\Users\WINDOWS 11\.vscode\extensions\redhat.java-1.41.1-win32-x64\jre\21.0.6-win32-x86_64\bin\extnet.dll
0x00007ffba7b70000 - 0x00007ffba7ba5000 	C:\WINDOWS\SYSTEM32\ntmarta.dll

dbghelp: loaded successfully - version: 4.0.5 - missing functions: none
symbol engine: initialized successfully - sym options: 0x614 - pdb path: .;c:\Users\WINDOWS 11\.vscode\extensions\redhat.java-1.41.1-win32-x64\jre\21.0.6-win32-x86_64\bin;C:\WINDOWS\SYSTEM32;C:\WINDOWS\WinSxS\amd64_microsoft.windows.common-controls_6595b64144ccf1df_6.0.26100.3624_none_3e086962e3345f24;c:\Users\WINDOWS 11\.vscode\extensions\redhat.java-1.41.1-win32-x64\jre\21.0.6-win32-x86_64\bin\server;C:\Users\WINDOWS 11\AppData\Roaming\Code\User\globalStorage\redhat.java\1.41.1\config_win\org.eclipse.equinox.launcher\org.eclipse.equinox.launcher.win32.win32.x86_64_1.2.1300.v20250331-1702;C:\Users\WINDOWS 11\AppData\Local\Temp\jna--1946447619;C:\Program Files\Bonjour

VM Arguments:
jvm_args: --add-modules=ALL-SYSTEM --add-opens=java.base/java.util=ALL-UNNAMED --add-opens=java.base/java.lang=ALL-UNNAMED --add-opens=java.base/sun.nio.fs=ALL-UNNAMED -Declipse.application=org.eclipse.jdt.ls.core.id1 -Dosgi.bundles.defaultStartLevel=4 -Declipse.product=org.eclipse.jdt.ls.core.product -Djava.import.generatesMetadataFilesAtProjectRoot=false -DDetectVMInstallationsJob.disabled=true -Dfile.encoding=utf8 -XX:+UseParallelGC -XX:GCTimeRatio=4 -XX:AdaptiveSizePolicyWeight=90 -Dsun.zip.disableMemoryMapping=true -Xmx1G -Xms100m -Xlog:disable -javaagent:c:\Users\WINDOWS 11\.vscode\extensions\redhat.java-1.41.1-win32-x64\lombok\lombok-1.18.36.jar -XX:+HeapDumpOnOutOfMemoryError -XX:HeapDumpPath=c:\Users\WINDOWS 11\AppData\Roaming\Code\User\workspaceStorage\6045f913ad7b5f2d1be30205fba5f166\redhat.java -Daether.dependencyCollector.impl=bf 
java_command: c:\Users\WINDOWS 11\.vscode\extensions\redhat.java-1.41.1-win32-x64\server\plugins\org.eclipse.equinox.launcher_1.7.0.v20250331-1702.jar -configuration c:\Users\WINDOWS 11\AppData\Roaming\Code\User\globalStorage\redhat.java\1.41.1\config_win -data c:\Users\WINDOWS 11\AppData\Roaming\Code\User\workspaceStorage\6045f913ad7b5f2d1be30205fba5f166\redhat.java\jdt_ws --pipe=\\.\pipe\lsp-4d3ab7d2578cdbfafa82dadbf343ec8d-sock
java_class_path (initial): c:\Users\WINDOWS 11\.vscode\extensions\redhat.java-1.41.1-win32-x64\server\plugins\org.eclipse.equinox.launcher_1.7.0.v20250331-1702.jar
Launcher Type: SUN_STANDARD

[Global flags]
    uintx AdaptiveSizePolicyWeight                 = 90                                        {product} {command line}
     intx CICompilerCount                          = 4                                         {product} {ergonomic}
    uintx GCTimeRatio                              = 4                                         {product} {command line}
     bool HeapDumpOnOutOfMemoryError               = true                                   {manageable} {command line}
    ccstr HeapDumpPath                             = c:\Users\WINDOWS 11\AppData\Roaming\Code\User\workspaceStorage\6045f913ad7b5f2d1be30205fba5f166\redhat.java         {manageable} {command line}
   size_t InitialHeapSize                          = 104857600                                 {product} {command line}
   size_t MaxHeapSize                              = 1073741824                                {product} {command line}
   size_t MaxNewSize                               = 357564416                                 {product} {ergonomic}
   size_t MinHeapDeltaBytes                        = 524288                                    {product} {ergonomic}
   size_t MinHeapSize                              = 104857600                                 {product} {command line}
   size_t NewSize                                  = 34603008                                  {product} {ergonomic}
    uintx NonNMethodCodeHeapSize                   = 5839372                                {pd product} {ergonomic}
    uintx NonProfiledCodeHeapSize                  = 122909434                              {pd product} {ergonomic}
   size_t OldSize                                  = 70254592                                  {product} {ergonomic}
    uintx ProfiledCodeHeapSize                     = 122909434                              {pd product} {ergonomic}
    uintx ReservedCodeCacheSize                    = 251658240                              {pd product} {ergonomic}
     bool SegmentedCodeCache                       = true                                      {product} {ergonomic}
   size_t SoftMaxHeapSize                          = 1073741824                             {manageable} {ergonomic}
     bool UseCompressedOops                        = true                           {product lp64_product} {ergonomic}
     bool UseLargePagesIndividualAllocation        = false                                  {pd product} {ergonomic}
     bool UseParallelGC                            = true                                      {product} {command line}

Logging:
Log output configuration:
 #0: stdout all=off uptime,level,tags foldmultilines=false
 #1: stderr all=off uptime,level,tags foldmultilines=false

Environment Variables:
PATH=C:\Program Files\Java\jdk-23\bin;C:\WINDOWS\system32;C:\WINDOWS;C:\WINDOWS\System32\Wbem;C:\WINDOWS\System32\WindowsPowerShell\v1.0\;C:\WINDOWS\System32\OpenSSH\;C:\Program Files\Git\cmd;C:\Users\WINDOWS 11\AppData\Local\Microsoft\WindowsApps;C:\Users\WINDOWS 11\AppData\Local\Programs\Microsoft VS Code\bin;
USERNAME=WINDOWS 11
OS=Windows_NT
PROCESSOR_IDENTIFIER=AMD64 Family 25 Model 80 Stepping 0, AuthenticAMD
TMP=C:\Users\WINDOW~1\AppData\Local\Temp
TEMP=C:\Users\WINDOW~1\AppData\Local\Temp




Periodic native trim disabled

---------------  S Y S T E M  ---------------

OS:
 Windows 11 , 64 bit Build 26100 (10.0.26100.3775)
OS uptime: 3 days 11:21 hours
Hyper-V role detected

CPU: total 12 (initial active 12) (12 cores per cpu, 2 threads per core) family 25 model 80 stepping 0 microcode 0xa50000d, cx8, cmov, fxsr, ht, mmx, 3dnowpref, sse, sse2, sse3, ssse3, sse4a, sse4.1, sse4.2, popcnt, lzcnt, tsc, tscinvbit, avx, avx2, aes, erms, clmul, bmi1, bmi2, adx, sha, fma, vzeroupper, clflush, clflushopt, hv, rdtscp, rdpid, fsrm, f16c, cet_ss
Processor Information for processor 0
  Max Mhz: 3301, Current Mhz: 1908, Mhz Limit: 3301
Processor Information for processor 1
  Max Mhz: 3301, Current Mhz: 1805, Mhz Limit: 3301
Processor Information for processor 2
  Max Mhz: 3301, Current Mhz: 1908, Mhz Limit: 3301
Processor Information for processor 3
  Max Mhz: 3301, Current Mhz: 1908, Mhz Limit: 3301
Processor Information for processor 4
  Max Mhz: 3301, Current Mhz: 1908, Mhz Limit: 3301
Processor Information for processor 5
  Max Mhz: 3301, Current Mhz: 1908, Mhz Limit: 3301
Processor Information for processor 6
  Max Mhz: 3301, Current Mhz: 1805, Mhz Limit: 3301
Processor Information for processor 7
  Max Mhz: 3301, Current Mhz: 1805, Mhz Limit: 3301
Processor Information for processor 8
  Max Mhz: 3301, Current Mhz: 1908, Mhz Limit: 3301
Processor Information for processor 9
  Max Mhz: 3301, Current Mhz: 1908, Mhz Limit: 3301
Processor Information for processor 10
  Max Mhz: 3301, Current Mhz: 1805, Mhz Limit: 3301
Processor Information for processor 11
  Max Mhz: 3301, Current Mhz: 1805, Mhz Limit: 3301

Memory: 4k page, system-wide physical 7583M (584M free)
TotalPageFile size 9631M (AvailPageFile size 10M)
current process WorkingSet (physical memory assigned to process): 812M, peak: 812M
current process commit charge ("private bytes"): 729M, peak: 729M

vm_info: OpenJDK 64-Bit Server VM (21.0.6+7-LTS) for windows-amd64 JRE (21.0.6+7-LTS), built on 2025-01-21T00:00:00Z by "admin" with MS VC++ 17.7 (VS2022)

END.
